<?xml version="1.0" encoding="UTF-8"?>
<testsuite xmlns:xsi="http://www.w3.org/2001/XMLSchema-instance" xsi:noNamespaceSchemaLocation="https://maven.apache.org/surefire/maven-surefire-plugin/xsd/surefire-test-report-3.0.xsd" version="3.0" name="TestSuite" time="353.365" tests="1" errors="0" skipped="0" failures="0">
  <properties>
    <property name="sun.desktop" value="windows"/>
    <property name="awt.toolkit" value="sun.awt.windows.WToolkit"/>
    <property name="file.encoding.pkg" value="sun.io"/>
    <property name="java.specification.version" value="1.8"/>
    <property name="webdriver.chrome.driver" value="C:\Users\Murugan\.cache\selenium\chromedriver\win32\98.0.4758.102\chromedriver.exe"/>
    <property name="sun.cpu.isalist" value="amd64"/>
    <property name="sun.jnu.encoding" value="Cp1252"/>
    <property name="java.class.path" value="D:\Program\Amazon_Relay_TR\target\test-classes;D:\Program\Amazon_Relay_TR\target\classes;C:\Users\Murugan\.m2\repository\org\seleniumhq\selenium\selenium-java\3.141.59\selenium-java-3.141.59.jar;C:\Users\Murugan\.m2\repository\org\seleniumhq\selenium\selenium-api\3.141.59\selenium-api-3.141.59.jar;C:\Users\Murugan\.m2\repository\org\seleniumhq\selenium\selenium-chrome-driver\3.141.59\selenium-chrome-driver-3.141.59.jar;C:\Users\Murugan\.m2\repository\org\seleniumhq\selenium\selenium-edge-driver\3.141.59\selenium-edge-driver-3.141.59.jar;C:\Users\Murugan\.m2\repository\org\seleniumhq\selenium\selenium-firefox-driver\3.141.59\selenium-firefox-driver-3.141.59.jar;C:\Users\Murugan\.m2\repository\org\seleniumhq\selenium\selenium-ie-driver\3.141.59\selenium-ie-driver-3.141.59.jar;C:\Users\Murugan\.m2\repository\org\seleniumhq\selenium\selenium-opera-driver\3.141.59\selenium-opera-driver-3.141.59.jar;C:\Users\Murugan\.m2\repository\org\seleniumhq\selenium\selenium-remote-driver\3.141.59\selenium-remote-driver-3.141.59.jar;C:\Users\Murugan\.m2\repository\org\seleniumhq\selenium\selenium-safari-driver\3.141.59\selenium-safari-driver-3.141.59.jar;C:\Users\Murugan\.m2\repository\org\seleniumhq\selenium\selenium-support\3.141.59\selenium-support-3.141.59.jar;C:\Users\Murugan\.m2\repository\net\bytebuddy\byte-buddy\1.8.15\byte-buddy-1.8.15.jar;C:\Users\Murugan\.m2\repository\org\apache\commons\commons-exec\1.3\commons-exec-1.3.jar;C:\Users\Murugan\.m2\repository\com\google\guava\guava\25.0-jre\guava-25.0-jre.jar;C:\Users\Murugan\.m2\repository\com\google\code\findbugs\jsr305\1.3.9\jsr305-1.3.9.jar;C:\Users\Murugan\.m2\repository\org\checkerframework\checker-compat-qual\2.0.0\checker-compat-qual-2.0.0.jar;C:\Users\Murugan\.m2\repository\com\google\errorprone\error_prone_annotations\2.1.3\error_prone_annotations-2.1.3.jar;C:\Users\Murugan\.m2\repository\com\google\j2objc\j2objc-annotations\1.1\j2objc-annotations-1.1.jar;C:\Users\Murugan\.m2\repository\org\codehaus\mojo\animal-sniffer-annotations\1.14\animal-sniffer-annotations-1.14.jar;C:\Users\Murugan\.m2\repository\com\squareup\okhttp3\okhttp\3.11.0\okhttp-3.11.0.jar;C:\Users\Murugan\.m2\repository\com\squareup\okio\okio\1.14.0\okio-1.14.0.jar;C:\Users\Murugan\.m2\repository\io\github\bonigarcia\webdrivermanager\4.4.0\webdrivermanager-4.4.0.jar;C:\Users\Murugan\.m2\repository\org\slf4j\slf4j-api\1.7.30\slf4j-api-1.7.30.jar;C:\Users\Murugan\.m2\repository\commons-io\commons-io\2.8.0\commons-io-2.8.0.jar;C:\Users\Murugan\.m2\repository\com\google\code\gson\gson\2.8.6\gson-2.8.6.jar;C:\Users\Murugan\.m2\repository\org\apache\commons\commons-lang3\3.12.0\commons-lang3-3.12.0.jar;C:\Users\Murugan\.m2\repository\org\apache\httpcomponents\client5\httpclient5\5.0.3\httpclient5-5.0.3.jar;C:\Users\Murugan\.m2\repository\org\apache\httpcomponents\core5\httpcore5\5.0.2\httpcore5-5.0.2.jar;C:\Users\Murugan\.m2\repository\org\apache\httpcomponents\core5\httpcore5-h2\5.0.2\httpcore5-h2-5.0.2.jar;C:\Users\Murugan\.m2\repository\org\rauschig\jarchivelib\1.1.0\jarchivelib-1.1.0.jar;C:\Users\Murugan\.m2\repository\org\jsoup\jsoup\1.13.1\jsoup-1.13.1.jar;C:\Users\Murugan\.m2\repository\org\testng\testng\6.14.3\testng-6.14.3.jar;C:\Users\Murugan\.m2\repository\org\apache-extras\beanshell\bsh\2.0b6\bsh-2.0b6.jar;C:\Users\Murugan\.m2\repository\com\beust\jcommander\1.72\jcommander-1.72.jar;C:\Users\Murugan\.m2\repository\junit\junit\4.12\junit-4.12.jar;C:\Users\Murugan\.m2\repository\org\hamcrest\hamcrest-core\1.3\hamcrest-core-1.3.jar;C:\Users\Murugan\.m2\repository\org\hamcrest\hamcrest-all\1.3\hamcrest-all-1.3.jar;C:\Users\Murugan\.m2\repository\io\rest-assured\rest-assured\4.3.0\rest-assured-4.3.0.jar;C:\Users\Murugan\.m2\repository\org\codehaus\groovy\groovy\3.0.2\groovy-3.0.2.jar;C:\Users\Murugan\.m2\repository\org\codehaus\groovy\groovy-xml\3.0.2\groovy-xml-3.0.2.jar;C:\Users\Murugan\.m2\repository\org\apache\httpcomponents\httpclient\4.5.3\httpclient-4.5.3.jar;C:\Users\Murugan\.m2\repository\org\apache\httpcomponents\httpcore\4.4.6\httpcore-4.4.6.jar;C:\Users\Murugan\.m2\repository\commons-logging\commons-logging\1.2\commons-logging-1.2.jar;C:\Users\Murugan\.m2\repository\org\apache\httpcomponents\httpmime\4.5.3\httpmime-4.5.3.jar;C:\Users\Murugan\.m2\repository\org\hamcrest\hamcrest\2.1\hamcrest-2.1.jar;C:\Users\Murugan\.m2\repository\org\ccil\cowan\tagsoup\tagsoup\1.2.1\tagsoup-1.2.1.jar;C:\Users\Murugan\.m2\repository\io\rest-assured\json-path\4.3.0\json-path-4.3.0.jar;C:\Users\Murugan\.m2\repository\org\codehaus\groovy\groovy-json\3.0.2\groovy-json-3.0.2.jar;C:\Users\Murugan\.m2\repository\io\rest-assured\rest-assured-common\4.3.0\rest-assured-common-4.3.0.jar;C:\Users\Murugan\.m2\repository\io\rest-assured\xml-path\4.3.0\xml-path-4.3.0.jar;C:\Users\Murugan\.m2\repository\jakarta\xml\bind\jakarta.xml.bind-api\2.3.2\jakarta.xml.bind-api-2.3.2.jar;C:\Users\Murugan\.m2\repository\jakarta\activation\jakarta.activation-api\1.2.1\jakarta.activation-api-1.2.1.jar;C:\Users\Murugan\.m2\repository\com\sun\xml\bind\jaxb-osgi\2.3.0.1\jaxb-osgi-2.3.0.1.jar;C:\Users\Murugan\.m2\repository\org\apache\sling\org.apache.sling.javax.activation\0.1.0\org.apache.sling.javax.activation-0.1.0.jar;C:\Users\Murugan\.m2\repository\javax\activation\activation\1.1.1\activation-1.1.1.jar;C:\Users\Murugan\.m2\repository\com\googlecode\json-simple\json-simple\1.1.1\json-simple-1.1.1.jar;C:\Users\Murugan\.m2\repository\com\mashape\unirest\unirest-java\1.4.9\unirest-java-1.4.9.jar;C:\Users\Murugan\.m2\repository\org\apache\httpcomponents\httpasyncclient\4.1.1\httpasyncclient-4.1.1.jar;C:\Users\Murugan\.m2\repository\org\apache\httpcomponents\httpcore-nio\4.4.4\httpcore-nio-4.4.4.jar;C:\Users\Murugan\.m2\repository\org\json\json\20160212\json-20160212.jar;C:\Users\Murugan\.m2\repository\org\apache\poi\poi\5.0.0\poi-5.0.0.jar;C:\Users\Murugan\.m2\repository\org\slf4j\jcl-over-slf4j\1.7.30\jcl-over-slf4j-1.7.30.jar;C:\Users\Murugan\.m2\repository\commons-codec\commons-codec\1.15\commons-codec-1.15.jar;C:\Users\Murugan\.m2\repository\org\apache\commons\commons-collections4\4.4\commons-collections4-4.4.jar;C:\Users\Murugan\.m2\repository\org\apache\commons\commons-math3\3.6.1\commons-math3-3.6.1.jar;C:\Users\Murugan\.m2\repository\com\zaxxer\SparseBitSet\1.2\SparseBitSet-1.2.jar;C:\Users\Murugan\.m2\repository\org\apache\poi\poi-ooxml\5.0.0\poi-ooxml-5.0.0.jar;C:\Users\Murugan\.m2\repository\org\apache\poi\poi-ooxml-lite\5.0.0\poi-ooxml-lite-5.0.0.jar;C:\Users\Murugan\.m2\repository\org\apache\xmlbeans\xmlbeans\4.0.0\xmlbeans-4.0.0.jar;C:\Users\Murugan\.m2\repository\xml-apis\xml-apis\1.4.01\xml-apis-1.4.01.jar;C:\Users\Murugan\.m2\repository\org\apache\commons\commons-compress\1.20\commons-compress-1.20.jar;C:\Users\Murugan\.m2\repository\com\github\virtuald\curvesapi\1.06\curvesapi-1.06.jar;C:\Users\Murugan\.m2\repository\org\bouncycastle\bcpkix-jdk15on\1.68\bcpkix-jdk15on-1.68.jar;C:\Users\Murugan\.m2\repository\org\bouncycastle\bcprov-jdk15on\1.68\bcprov-jdk15on-1.68.jar;C:\Users\Murugan\.m2\repository\org\apache\santuario\xmlsec\2.2.1\xmlsec-2.2.1.jar;C:\Users\Murugan\.m2\repository\com\fasterxml\woodstox\woodstox-core\5.2.1\woodstox-core-5.2.1.jar;C:\Users\Murugan\.m2\repository\org\codehaus\woodstox\stax2-api\4.2\stax2-api-4.2.jar;C:\Users\Murugan\.m2\repository\org\apache\xmlgraphics\batik-all\1.13\batik-all-1.13.jar;C:\Users\Murugan\.m2\repository\org\apache\xmlgraphics\batik-anim\1.13\batik-anim-1.13.jar;C:\Users\Murugan\.m2\repository\org\apache\xmlgraphics\batik-shared-resources\1.13\batik-shared-resources-1.13.jar;C:\Users\Murugan\.m2\repository\xml-apis\xml-apis-ext\1.3.04\xml-apis-ext-1.3.04.jar;C:\Users\Murugan\.m2\repository\org\apache\xmlgraphics\batik-awt-util\1.13\batik-awt-util-1.13.jar;C:\Users\Murugan\.m2\repository\org\apache\xmlgraphics\xmlgraphics-commons\2.4\xmlgraphics-commons-2.4.jar;C:\Users\Murugan\.m2\repository\org\apache\xmlgraphics\batik-bridge\1.13\batik-bridge-1.13.jar;C:\Users\Murugan\.m2\repository\org\apache\xmlgraphics\batik-codec\1.13\batik-codec-1.13.jar;C:\Users\Murugan\.m2\repository\org\apache\xmlgraphics\batik-constants\1.13\batik-constants-1.13.jar;C:\Users\Murugan\.m2\repository\org\apache\xmlgraphics\batik-css\1.13\batik-css-1.13.jar;C:\Users\Murugan\.m2\repository\org\apache\xmlgraphics\batik-dom\1.13\batik-dom-1.13.jar;C:\Users\Murugan\.m2\repository\xalan\xalan\2.7.2\xalan-2.7.2.jar;C:\Users\Murugan\.m2\repository\xalan\serializer\2.7.2\serializer-2.7.2.jar;C:\Users\Murugan\.m2\repository\org\apache\xmlgraphics\batik-ext\1.13\batik-ext-1.13.jar;C:\Users\Murugan\.m2\repository\org\apache\xmlgraphics\batik-extension\1.13\batik-extension-1.13.jar;C:\Users\Murugan\.m2\repository\org\apache\xmlgraphics\batik-gui-util\1.13\batik-gui-util-1.13.jar;C:\Users\Murugan\.m2\repository\org\apache\xmlgraphics\batik-gvt\1.13\batik-gvt-1.13.jar;C:\Users\Murugan\.m2\repository\org\apache\xmlgraphics\batik-i18n\1.13\batik-i18n-1.13.jar;C:\Users\Murugan\.m2\repository\org\apache\xmlgraphics\batik-parser\1.13\batik-parser-1.13.jar;C:\Users\Murugan\.m2\repository\org\apache\xmlgraphics\batik-rasterizer-ext\1.13\batik-rasterizer-ext-1.13.jar;C:\Users\Murugan\.m2\repository\org\apache\xmlgraphics\batik-rasterizer\1.13\batik-rasterizer-1.13.jar;C:\Users\Murugan\.m2\repository\org\apache\xmlgraphics\batik-script\1.13\batik-script-1.13.jar;C:\Users\Murugan\.m2\repository\org\apache\xmlgraphics\batik-slideshow\1.13\batik-slideshow-1.13.jar;C:\Users\Murugan\.m2\repository\org\apache\xmlgraphics\batik-squiggle-ext\1.13\batik-squiggle-ext-1.13.jar;C:\Users\Murugan\.m2\repository\org\apache\xmlgraphics\batik-squiggle\1.13\batik-squiggle-1.13.jar;C:\Users\Murugan\.m2\repository\org\apache\xmlgraphics\batik-svg-dom\1.13\batik-svg-dom-1.13.jar;C:\Users\Murugan\.m2\repository\org\apache\xmlgraphics\batik-svgbrowser\1.13\batik-svgbrowser-1.13.jar;C:\Users\Murugan\.m2\repository\org\apache\xmlgraphics\batik-svggen\1.13\batik-svggen-1.13.jar;C:\Users\Murugan\.m2\repository\org\apache\xmlgraphics\batik-svgpp\1.13\batik-svgpp-1.13.jar;C:\Users\Murugan\.m2\repository\org\apache\xmlgraphics\batik-svgrasterizer\1.13\batik-svgrasterizer-1.13.jar;C:\Users\Murugan\.m2\repository\org\apache\xmlgraphics\batik-swing\1.13\batik-swing-1.13.jar;C:\Users\Murugan\.m2\repository\org\apache\xmlgraphics\batik-transcoder\1.13\batik-transcoder-1.13.jar;C:\Users\Murugan\.m2\repository\org\apache\xmlgraphics\batik-util\1.13\batik-util-1.13.jar;C:\Users\Murugan\.m2\repository\org\apache\xmlgraphics\batik-ttf2svg\1.13\batik-ttf2svg-1.13.jar;C:\Users\Murugan\.m2\repository\org\apache\xmlgraphics\batik-xml\1.13\batik-xml-1.13.jar;C:\Users\Murugan\.m2\repository\de\rototor\pdfbox\graphics2d\0.30\graphics2d-0.30.jar;C:\Users\Murugan\.m2\repository\org\apache\pdfbox\pdfbox\2.0.22\pdfbox-2.0.22.jar;C:\Users\Murugan\.m2\repository\org\apache\pdfbox\fontbox\2.0.22\fontbox-2.0.22.jar;"/>
    <property name="java.vm.vendor" value="Oracle Corporation"/>
    <property name="sun.arch.data.model" value="64"/>
    <property name="user.variant" value=""/>
    <property name="java.vendor.url" value="http://java.oracle.com/"/>
    <property name="user.timezone" value="Asia/Calcutta"/>
    <property name="java.vm.specification.version" value="1.8"/>
    <property name="os.name" value="Windows 10"/>
    <property name="user.country" value="US"/>
    <property name="sun.java.launcher" value="SUN_STANDARD"/>
    <property name="sun.boot.library.path" value="C:\Program Files\Java\jre1.8.0_281\bin"/>
    <property name="sun.java.command" value="C:\Users\Murugan\AppData\Local\Temp\surefire1425524858945041296\surefirebooter6473296894094217136.jar C:\Users\Murugan\AppData\Local\Temp\surefire1425524858945041296 2022-02-27T14-13-54_962-jvmRun1 surefire7895569057619417947tmp surefire_02011122330203259237tmp"/>
    <property name="surefire.test.class.path" value="D:\Program\Amazon_Relay_TR\target\test-classes;D:\Program\Amazon_Relay_TR\target\classes;C:\Users\Murugan\.m2\repository\org\seleniumhq\selenium\selenium-java\3.141.59\selenium-java-3.141.59.jar;C:\Users\Murugan\.m2\repository\org\seleniumhq\selenium\selenium-api\3.141.59\selenium-api-3.141.59.jar;C:\Users\Murugan\.m2\repository\org\seleniumhq\selenium\selenium-chrome-driver\3.141.59\selenium-chrome-driver-3.141.59.jar;C:\Users\Murugan\.m2\repository\org\seleniumhq\selenium\selenium-edge-driver\3.141.59\selenium-edge-driver-3.141.59.jar;C:\Users\Murugan\.m2\repository\org\seleniumhq\selenium\selenium-firefox-driver\3.141.59\selenium-firefox-driver-3.141.59.jar;C:\Users\Murugan\.m2\repository\org\seleniumhq\selenium\selenium-ie-driver\3.141.59\selenium-ie-driver-3.141.59.jar;C:\Users\Murugan\.m2\repository\org\seleniumhq\selenium\selenium-opera-driver\3.141.59\selenium-opera-driver-3.141.59.jar;C:\Users\Murugan\.m2\repository\org\seleniumhq\selenium\selenium-remote-driver\3.141.59\selenium-remote-driver-3.141.59.jar;C:\Users\Murugan\.m2\repository\org\seleniumhq\selenium\selenium-safari-driver\3.141.59\selenium-safari-driver-3.141.59.jar;C:\Users\Murugan\.m2\repository\org\seleniumhq\selenium\selenium-support\3.141.59\selenium-support-3.141.59.jar;C:\Users\Murugan\.m2\repository\net\bytebuddy\byte-buddy\1.8.15\byte-buddy-1.8.15.jar;C:\Users\Murugan\.m2\repository\org\apache\commons\commons-exec\1.3\commons-exec-1.3.jar;C:\Users\Murugan\.m2\repository\com\google\guava\guava\25.0-jre\guava-25.0-jre.jar;C:\Users\Murugan\.m2\repository\com\google\code\findbugs\jsr305\1.3.9\jsr305-1.3.9.jar;C:\Users\Murugan\.m2\repository\org\checkerframework\checker-compat-qual\2.0.0\checker-compat-qual-2.0.0.jar;C:\Users\Murugan\.m2\repository\com\google\errorprone\error_prone_annotations\2.1.3\error_prone_annotations-2.1.3.jar;C:\Users\Murugan\.m2\repository\com\google\j2objc\j2objc-annotations\1.1\j2objc-annotations-1.1.jar;C:\Users\Murugan\.m2\repository\org\codehaus\mojo\animal-sniffer-annotations\1.14\animal-sniffer-annotations-1.14.jar;C:\Users\Murugan\.m2\repository\com\squareup\okhttp3\okhttp\3.11.0\okhttp-3.11.0.jar;C:\Users\Murugan\.m2\repository\com\squareup\okio\okio\1.14.0\okio-1.14.0.jar;C:\Users\Murugan\.m2\repository\io\github\bonigarcia\webdrivermanager\4.4.0\webdrivermanager-4.4.0.jar;C:\Users\Murugan\.m2\repository\org\slf4j\slf4j-api\1.7.30\slf4j-api-1.7.30.jar;C:\Users\Murugan\.m2\repository\commons-io\commons-io\2.8.0\commons-io-2.8.0.jar;C:\Users\Murugan\.m2\repository\com\google\code\gson\gson\2.8.6\gson-2.8.6.jar;C:\Users\Murugan\.m2\repository\org\apache\commons\commons-lang3\3.12.0\commons-lang3-3.12.0.jar;C:\Users\Murugan\.m2\repository\org\apache\httpcomponents\client5\httpclient5\5.0.3\httpclient5-5.0.3.jar;C:\Users\Murugan\.m2\repository\org\apache\httpcomponents\core5\httpcore5\5.0.2\httpcore5-5.0.2.jar;C:\Users\Murugan\.m2\repository\org\apache\httpcomponents\core5\httpcore5-h2\5.0.2\httpcore5-h2-5.0.2.jar;C:\Users\Murugan\.m2\repository\org\rauschig\jarchivelib\1.1.0\jarchivelib-1.1.0.jar;C:\Users\Murugan\.m2\repository\org\jsoup\jsoup\1.13.1\jsoup-1.13.1.jar;C:\Users\Murugan\.m2\repository\org\testng\testng\6.14.3\testng-6.14.3.jar;C:\Users\Murugan\.m2\repository\org\apache-extras\beanshell\bsh\2.0b6\bsh-2.0b6.jar;C:\Users\Murugan\.m2\repository\com\beust\jcommander\1.72\jcommander-1.72.jar;C:\Users\Murugan\.m2\repository\junit\junit\4.12\junit-4.12.jar;C:\Users\Murugan\.m2\repository\org\hamcrest\hamcrest-core\1.3\hamcrest-core-1.3.jar;C:\Users\Murugan\.m2\repository\org\hamcrest\hamcrest-all\1.3\hamcrest-all-1.3.jar;C:\Users\Murugan\.m2\repository\io\rest-assured\rest-assured\4.3.0\rest-assured-4.3.0.jar;C:\Users\Murugan\.m2\repository\org\codehaus\groovy\groovy\3.0.2\groovy-3.0.2.jar;C:\Users\Murugan\.m2\repository\org\codehaus\groovy\groovy-xml\3.0.2\groovy-xml-3.0.2.jar;C:\Users\Murugan\.m2\repository\org\apache\httpcomponents\httpclient\4.5.3\httpclient-4.5.3.jar;C:\Users\Murugan\.m2\repository\org\apache\httpcomponents\httpcore\4.4.6\httpcore-4.4.6.jar;C:\Users\Murugan\.m2\repository\commons-logging\commons-logging\1.2\commons-logging-1.2.jar;C:\Users\Murugan\.m2\repository\org\apache\httpcomponents\httpmime\4.5.3\httpmime-4.5.3.jar;C:\Users\Murugan\.m2\repository\org\hamcrest\hamcrest\2.1\hamcrest-2.1.jar;C:\Users\Murugan\.m2\repository\org\ccil\cowan\tagsoup\tagsoup\1.2.1\tagsoup-1.2.1.jar;C:\Users\Murugan\.m2\repository\io\rest-assured\json-path\4.3.0\json-path-4.3.0.jar;C:\Users\Murugan\.m2\repository\org\codehaus\groovy\groovy-json\3.0.2\groovy-json-3.0.2.jar;C:\Users\Murugan\.m2\repository\io\rest-assured\rest-assured-common\4.3.0\rest-assured-common-4.3.0.jar;C:\Users\Murugan\.m2\repository\io\rest-assured\xml-path\4.3.0\xml-path-4.3.0.jar;C:\Users\Murugan\.m2\repository\jakarta\xml\bind\jakarta.xml.bind-api\2.3.2\jakarta.xml.bind-api-2.3.2.jar;C:\Users\Murugan\.m2\repository\jakarta\activation\jakarta.activation-api\1.2.1\jakarta.activation-api-1.2.1.jar;C:\Users\Murugan\.m2\repository\com\sun\xml\bind\jaxb-osgi\2.3.0.1\jaxb-osgi-2.3.0.1.jar;C:\Users\Murugan\.m2\repository\org\apache\sling\org.apache.sling.javax.activation\0.1.0\org.apache.sling.javax.activation-0.1.0.jar;C:\Users\Murugan\.m2\repository\javax\activation\activation\1.1.1\activation-1.1.1.jar;C:\Users\Murugan\.m2\repository\com\googlecode\json-simple\json-simple\1.1.1\json-simple-1.1.1.jar;C:\Users\Murugan\.m2\repository\com\mashape\unirest\unirest-java\1.4.9\unirest-java-1.4.9.jar;C:\Users\Murugan\.m2\repository\org\apache\httpcomponents\httpasyncclient\4.1.1\httpasyncclient-4.1.1.jar;C:\Users\Murugan\.m2\repository\org\apache\httpcomponents\httpcore-nio\4.4.4\httpcore-nio-4.4.4.jar;C:\Users\Murugan\.m2\repository\org\json\json\20160212\json-20160212.jar;C:\Users\Murugan\.m2\repository\org\apache\poi\poi\5.0.0\poi-5.0.0.jar;C:\Users\Murugan\.m2\repository\org\slf4j\jcl-over-slf4j\1.7.30\jcl-over-slf4j-1.7.30.jar;C:\Users\Murugan\.m2\repository\commons-codec\commons-codec\1.15\commons-codec-1.15.jar;C:\Users\Murugan\.m2\repository\org\apache\commons\commons-collections4\4.4\commons-collections4-4.4.jar;C:\Users\Murugan\.m2\repository\org\apache\commons\commons-math3\3.6.1\commons-math3-3.6.1.jar;C:\Users\Murugan\.m2\repository\com\zaxxer\SparseBitSet\1.2\SparseBitSet-1.2.jar;C:\Users\Murugan\.m2\repository\org\apache\poi\poi-ooxml\5.0.0\poi-ooxml-5.0.0.jar;C:\Users\Murugan\.m2\repository\org\apache\poi\poi-ooxml-lite\5.0.0\poi-ooxml-lite-5.0.0.jar;C:\Users\Murugan\.m2\repository\org\apache\xmlbeans\xmlbeans\4.0.0\xmlbeans-4.0.0.jar;C:\Users\Murugan\.m2\repository\xml-apis\xml-apis\1.4.01\xml-apis-1.4.01.jar;C:\Users\Murugan\.m2\repository\org\apache\commons\commons-compress\1.20\commons-compress-1.20.jar;C:\Users\Murugan\.m2\repository\com\github\virtuald\curvesapi\1.06\curvesapi-1.06.jar;C:\Users\Murugan\.m2\repository\org\bouncycastle\bcpkix-jdk15on\1.68\bcpkix-jdk15on-1.68.jar;C:\Users\Murugan\.m2\repository\org\bouncycastle\bcprov-jdk15on\1.68\bcprov-jdk15on-1.68.jar;C:\Users\Murugan\.m2\repository\org\apache\santuario\xmlsec\2.2.1\xmlsec-2.2.1.jar;C:\Users\Murugan\.m2\repository\com\fasterxml\woodstox\woodstox-core\5.2.1\woodstox-core-5.2.1.jar;C:\Users\Murugan\.m2\repository\org\codehaus\woodstox\stax2-api\4.2\stax2-api-4.2.jar;C:\Users\Murugan\.m2\repository\org\apache\xmlgraphics\batik-all\1.13\batik-all-1.13.jar;C:\Users\Murugan\.m2\repository\org\apache\xmlgraphics\batik-anim\1.13\batik-anim-1.13.jar;C:\Users\Murugan\.m2\repository\org\apache\xmlgraphics\batik-shared-resources\1.13\batik-shared-resources-1.13.jar;C:\Users\Murugan\.m2\repository\xml-apis\xml-apis-ext\1.3.04\xml-apis-ext-1.3.04.jar;C:\Users\Murugan\.m2\repository\org\apache\xmlgraphics\batik-awt-util\1.13\batik-awt-util-1.13.jar;C:\Users\Murugan\.m2\repository\org\apache\xmlgraphics\xmlgraphics-commons\2.4\xmlgraphics-commons-2.4.jar;C:\Users\Murugan\.m2\repository\org\apache\xmlgraphics\batik-bridge\1.13\batik-bridge-1.13.jar;C:\Users\Murugan\.m2\repository\org\apache\xmlgraphics\batik-codec\1.13\batik-codec-1.13.jar;C:\Users\Murugan\.m2\repository\org\apache\xmlgraphics\batik-constants\1.13\batik-constants-1.13.jar;C:\Users\Murugan\.m2\repository\org\apache\xmlgraphics\batik-css\1.13\batik-css-1.13.jar;C:\Users\Murugan\.m2\repository\org\apache\xmlgraphics\batik-dom\1.13\batik-dom-1.13.jar;C:\Users\Murugan\.m2\repository\xalan\xalan\2.7.2\xalan-2.7.2.jar;C:\Users\Murugan\.m2\repository\xalan\serializer\2.7.2\serializer-2.7.2.jar;C:\Users\Murugan\.m2\repository\org\apache\xmlgraphics\batik-ext\1.13\batik-ext-1.13.jar;C:\Users\Murugan\.m2\repository\org\apache\xmlgraphics\batik-extension\1.13\batik-extension-1.13.jar;C:\Users\Murugan\.m2\repository\org\apache\xmlgraphics\batik-gui-util\1.13\batik-gui-util-1.13.jar;C:\Users\Murugan\.m2\repository\org\apache\xmlgraphics\batik-gvt\1.13\batik-gvt-1.13.jar;C:\Users\Murugan\.m2\repository\org\apache\xmlgraphics\batik-i18n\1.13\batik-i18n-1.13.jar;C:\Users\Murugan\.m2\repository\org\apache\xmlgraphics\batik-parser\1.13\batik-parser-1.13.jar;C:\Users\Murugan\.m2\repository\org\apache\xmlgraphics\batik-rasterizer-ext\1.13\batik-rasterizer-ext-1.13.jar;C:\Users\Murugan\.m2\repository\org\apache\xmlgraphics\batik-rasterizer\1.13\batik-rasterizer-1.13.jar;C:\Users\Murugan\.m2\repository\org\apache\xmlgraphics\batik-script\1.13\batik-script-1.13.jar;C:\Users\Murugan\.m2\repository\org\apache\xmlgraphics\batik-slideshow\1.13\batik-slideshow-1.13.jar;C:\Users\Murugan\.m2\repository\org\apache\xmlgraphics\batik-squiggle-ext\1.13\batik-squiggle-ext-1.13.jar;C:\Users\Murugan\.m2\repository\org\apache\xmlgraphics\batik-squiggle\1.13\batik-squiggle-1.13.jar;C:\Users\Murugan\.m2\repository\org\apache\xmlgraphics\batik-svg-dom\1.13\batik-svg-dom-1.13.jar;C:\Users\Murugan\.m2\repository\org\apache\xmlgraphics\batik-svgbrowser\1.13\batik-svgbrowser-1.13.jar;C:\Users\Murugan\.m2\repository\org\apache\xmlgraphics\batik-svggen\1.13\batik-svggen-1.13.jar;C:\Users\Murugan\.m2\repository\org\apache\xmlgraphics\batik-svgpp\1.13\batik-svgpp-1.13.jar;C:\Users\Murugan\.m2\repository\org\apache\xmlgraphics\batik-svgrasterizer\1.13\batik-svgrasterizer-1.13.jar;C:\Users\Murugan\.m2\repository\org\apache\xmlgraphics\batik-swing\1.13\batik-swing-1.13.jar;C:\Users\Murugan\.m2\repository\org\apache\xmlgraphics\batik-transcoder\1.13\batik-transcoder-1.13.jar;C:\Users\Murugan\.m2\repository\org\apache\xmlgraphics\batik-util\1.13\batik-util-1.13.jar;C:\Users\Murugan\.m2\repository\org\apache\xmlgraphics\batik-ttf2svg\1.13\batik-ttf2svg-1.13.jar;C:\Users\Murugan\.m2\repository\org\apache\xmlgraphics\batik-xml\1.13\batik-xml-1.13.jar;C:\Users\Murugan\.m2\repository\de\rototor\pdfbox\graphics2d\0.30\graphics2d-0.30.jar;C:\Users\Murugan\.m2\repository\org\apache\pdfbox\pdfbox\2.0.22\pdfbox-2.0.22.jar;C:\Users\Murugan\.m2\repository\org\apache\pdfbox\fontbox\2.0.22\fontbox-2.0.22.jar;"/>
    <property name="sun.cpu.endian" value="little"/>
    <property name="user.home" value="C:\Users\Murugan"/>
    <property name="user.language" value="en"/>
    <property name="java.specification.vendor" value="Oracle Corporation"/>
    <property name="java.home" value="C:\Program Files\Java\jre1.8.0_281"/>
    <property name="basedir" value="D:\Program\Amazon_Relay_TR"/>
    <property name="file.separator" value="\"/>
    <property name="line.separator" value="&#10;"/>
    <property name="java.vm.specification.vendor" value="Oracle Corporation"/>
    <property name="java.specification.name" value="Java Platform API Specification"/>
    <property name="java.awt.graphicsenv" value="sun.awt.Win32GraphicsEnvironment"/>
    <property name="surefire.real.class.path" value="C:\Users\Murugan\AppData\Local\Temp\surefire1425524858945041296\surefirebooter6473296894094217136.jar"/>
    <property name="sun.boot.class.path" value="C:\Program Files\Java\jre1.8.0_281\lib\resources.jar;C:\Program Files\Java\jre1.8.0_281\lib\rt.jar;C:\Program Files\Java\jre1.8.0_281\lib\sunrsasign.jar;C:\Program Files\Java\jre1.8.0_281\lib\jsse.jar;C:\Program Files\Java\jre1.8.0_281\lib\jce.jar;C:\Program Files\Java\jre1.8.0_281\lib\charsets.jar;C:\Program Files\Java\jre1.8.0_281\lib\jfr.jar;C:\Program Files\Java\jre1.8.0_281\classes"/>
    <property name="user.script" value=""/>
    <property name="sun.management.compiler" value="HotSpot 64-Bit Tiered Compilers"/>
    <property name="java.runtime.version" value="1.8.0_281-b09"/>
    <property name="user.name" value="Murugan"/>
    <property name="path.separator" value=";"/>
    <property name="os.version" value="10.0"/>
    <property name="java.endorsed.dirs" value="C:\Program Files\Java\jre1.8.0_281\lib\endorsed"/>
    <property name="java.runtime.name" value="Java(TM) SE Runtime Environment"/>
    <property name="file.encoding" value="Cp1252"/>
    <property name="java.vm.name" value="Java HotSpot(TM) 64-Bit Server VM"/>
    <property name="localRepository" value="C:\Users\Murugan\.m2\repository"/>
    <property name="java.vendor.url.bug" value="http://bugreport.sun.com/bugreport/"/>
    <property name="java.io.tmpdir" value="C:\Users\Murugan\AppData\Local\Temp\"/>
    <property name="java.version" value="1.8.0_281"/>
    <property name="user.dir" value="D:\Program\Amazon_Relay_TR"/>
    <property name="os.arch" value="amd64"/>
    <property name="java.vm.specification.name" value="Java Virtual Machine Specification"/>
    <property name="java.awt.printerjob" value="sun.awt.windows.WPrinterJob"/>
    <property name="sun.os.patch.level" value=""/>
    <property name="java.library.path" value="C:\Program Files\Java\jre1.8.0_281\bin;C:\Windows\Sun\Java\bin;C:\Windows\system32;C:\Windows;C:/Program Files/Java/jre1.8.0_281/bin/server;C:/Program Files/Java/jre1.8.0_281/bin;C:/Program Files/Java/jre1.8.0_281/lib/amd64;C:\Program Files (x86)\Common Files\Oracle\Java\javapath;C:\Windows\system32;C:\Windows;C:\Windows\System32\Wbem;C:\Windows\System32\WindowsPowerShell\v1.0\;C:\Windows\System32\OpenSSH\;C:\Program Files\Java\jdk1.8.0_281\bin;D:\SETUP\apache-maven-3.8.3-bin\apache-maven-3.8.3\bin;C:\Users\Murugan\AppData\Local\Microsoft\WindowsApps;C:\Users\Murugan\AppData\Local\Programs\Git\cmd;D:\SETUP\eclipse-committers-oxygen-3a-win32-x86_64\eclipse;;."/>
    <property name="java.vm.info" value="mixed mode"/>
    <property name="java.vendor" value="Oracle Corporation"/>
    <property name="java.vm.version" value="25.281-b09"/>
    <property name="java.ext.dirs" value="C:\Program Files\Java\jre1.8.0_281\lib\ext;C:\Windows\Sun\Java\lib\ext"/>
    <property name="sun.io.unicode.encoding" value="UnicodeLittle"/>
    <property name="java.class.version" value="52.0"/>
  </properties>
  <testcase name="amazon_relay[mohanavelk@wowtruck.in, wowtruck](1)" classname="amazon.ExecuteClass" time="351.379">
    <system-out><![CDATA[All head Pickup ID Size : 100
All head Pickup ID Size : [1BBID23,610.62, 1GAUZ35,000.00, 1BBID12,633.58, 1UCCU15,250.00, 1MHYD14,500.00, 1MAA860,000.00, 1CCUY37,800.00, 1MBCT4,500.00, 1IPCF6,250.00, 1MAA820,000.00, 1CJB160,035.76, 1MAA824,525.00, 1XWAA36,000.01, 1XWAA36,750.00, 1SVGD3,356.17, 1SBOB37,250.00, 1LKO15,250.00, 1PTJM3,321.00, 1KLHH3,250.00, 1SBOB32,750.00, 1DED327,000.01, 1GAUZ40,000.00, 1SDEI49,000.01, 1SDEI34,500.00, 1SPNC24,250.00, 1SPNC24,250.00, 1SHYB46,000.00, 1SHYB17,750.00, 1GURX10,000.00, 1DELU8,500.00, 1UCCU15,000.00, 1SCCE31,000.00, 1BLR849,250.00, 1SMAC14,250.00, 1SBOB35,500.00, 1PUNY5,895.44, 1MAA825,500.00, 1AMD215,250.00, 1MAA840,600.00, 1BLR444,500.00, 1MAA449,250.00, 1NCRU42,749.99, 1MAA423,450.00, 1CCUY19,428.00, 1SBOB30,000.00, 1SJAC7,738.00, 1SIDA17,999.99, 1PTJM3,107.00, 1LUHX6,000.00, 1GAUZ40,000.00, 1SPNC26,750.00, 1SPNC26,750.00, 1DEL220,000.00, 1BLR834,530.56, 1SCJF13,500.00, 1UCCU19,500.00, 1SBOB82,072.29, 1SBOB35,250.00, 1SBOB33,500.00, 1PATX18,250.00, 1PUNY6,158.67, 1MAA823,000.00, 1MAA840,000.00, 1MAA841,650.01, 1BLR448,749.99, 1MAA87,000.00, 1BLR418,504.00, 1CCU134,500.00, 1CCUY35,500.00, 1GURZ7,000.00, 1DELU56,250.01, 1GURV2,035.27, 1BLR448,999.99, 1CJB155,386.23, 1MAA815,250.00, 1MJAX6,750.00, 1SBOB10,000.00, 1GURX4,104.61, 1LKOO8,125.00, 1KOLY1,261.28, 1SPNC22,000.00, 1GAUZ40,000.00, 1SPNC22,000.00, 1SBCZ36,051.56, 1UCCU14,000.00, 1DELU7,000.00, 1DELU6,250.00, 1UCCU12,000.00, 1SCJF12,065.42, 1BLR450,500.01, 1SBOB30,000.00, 1SBOB24,250.00, 1UCCU17,000.00, 1PUNY6,158.67, 1HSCK19,500.00, 1MAA821,250.00, 1AMD215,500.00, 1MAA840,000.00, 1BLR418,000.00, 1BLR431,150.00]
Pickup Id Size : 100
Pickup Id Size : [1BBID23,610.62, 1GAUZ35,000.00, 1BBID12,633.58, 1UCCU15,250.00, 1MHYD14,500.00, 1MAA860,000.00, 1CCUY37,800.00, 1MBCT4,500.00, 1IPCF6,250.00, 1MAA820,000.00, 1CJB160,035.76, 1MAA824,525.00, 1XWAA36,000.01, 1XWAA36,750.00, 1SVGD3,356.17, 1SBOB37,250.00, 1LKO15,250.00, 1PTJM3,321.00, 1KLHH3,250.00, 1SBOB32,750.00, 1DED327,000.01, 1GAUZ40,000.00, 1SDEI49,000.01, 1SDEI34,500.00, 1SPNC24,250.00, 1SPNC24,250.00, 1SHYB46,000.00, 1SHYB17,750.00, 1GURX10,000.00, 1DELU8,500.00, 1UCCU15,000.00, 1SCCE31,000.00, 1BLR849,250.00, 1SMAC14,250.00, 1SBOB35,500.00, 1PUNY5,895.44, 1MAA825,500.00, 1AMD215,250.00, 1MAA840,600.00, 1BLR444,500.00, 1MAA449,250.00, 1NCRU42,749.99, 1MAA423,450.00, 1CCUY19,428.00, 1SBOB30,000.00, 1SJAC7,738.00, 1SIDA17,999.99, 1PTJM3,107.00, 1LUHX6,000.00, 1GAUZ40,000.00, 1SPNC26,750.00, 1SPNC26,750.00, 1DEL220,000.00, 1BLR834,530.56, 1SCJF13,500.00, 1UCCU19,500.00, 1SBOB82,072.29, 1SBOB35,250.00, 1SBOB33,500.00, 1PATX18,250.00, 1PUNY6,158.67, 1MAA823,000.00, 1MAA840,000.00, 1MAA841,650.01, 1BLR448,749.99, 1MAA87,000.00, 1BLR418,504.00, 1CCU134,500.00, 1CCUY35,500.00, 1GURZ7,000.00, 1DELU56,250.01, 1GURV585.49, 1BLR448,999.99, 1CJB155,386.23, 1MAA815,250.00, 1MJAX6,750.00, 1SBOB10,000.00, 1GURX1,231.38, 1LKOO8,125.00, 1KOLY658.06, 1SPNC22,000.00, 1GAUZ40,000.00, 1SPNC22,000.00, 1SBCZ36,051.56, 1UCCU14,000.00, 1DELU7,000.00, 1DELU6,250.00, 1UCCU12,000.00, 1SCJF12,065.42, 1BLR450,500.01, 1SBOB30,000.00, 1SBOB24,250.00, 1UCCU17,000.00, 1PUNY6,158.67, 1HSCK19,500.00, 1MAA821,250.00, 1AMD215,500.00, 1MAA840,000.00, 1BLR418,000.00, 1BLR431,150.00]
Want to Click : [71, 77, 79]
Arrival pickup date Size : 100
Price all data Size : 100
Pickup Truck Size : 100
All TR ID Size : 100
Second Tr : [N/A, N/A, N/A, N/A, N/A, N/A, N/A, N/A, N/A, N/A, N/A, N/A, N/A, N/A, N/A, N/A, N/A, N/A, N/A, N/A, N/A, N/A, N/A, N/A, N/A, N/A, N/A, N/A, N/A, N/A, N/A, N/A, N/A, N/A, N/A, N/A, N/A, N/A, N/A, N/A, N/A, N/A, N/A, N/A, N/A, N/A, N/A, N/A, N/A, N/A, N/A, N/A, N/A, N/A, N/A, N/A, N/A, N/A, N/A, N/A, N/A, N/A, N/A, N/A, N/A, N/A, N/A, N/A, N/A, N/A, N/A, 9BACBD, N/A, N/A, N/A, N/A, N/A, 5794C1, N/A, C4BBC3, N/A, N/A, N/A, N/A, N/A, N/A, N/A, N/A, N/A, N/A, N/A, N/A, N/A, N/A, N/A, N/A, N/A, N/A, N/A, N/A]
Second Tr Size : 100
{"pick_timestamp":"2022\/02\/27 14:30","customer_price":"23610.62","pic_address":[{"pic_address":"\nCWC,Jatni,Near Centurion University, At-Sandhapur, P.O.Jatni\nBhubaneshwar,ORISSA 751010"}],"drop_address":[{"drop_address":"\nMustkil No:51,kila No:1,2,3 village Bhangrola tehsil\nGurugram,HARYANA 122001"}],"length":"32' HQ Truck","tr_number":["87E1AA"]}
{"pick_timestamp":"2022\/02\/27 15:00","customer_price":"35000.00","pic_address":[{"pic_address":"\nMahindra Logistics Limited, Bhagya Kalita Complex,\nNear:Kahikuch Gram Panchayat,\nGuwahati,ASSAM 781132"}],"drop_address":[{"drop_address":"\nPorompat Tinsid Road, Khurai Kongpal\nSajor Leikai\nImphal,MANIPUR 795005"},{"drop_address":"\nEtash Deltech CHINGAMATHAK MANIPUR COLLEGERd\nImphal,MANIPUR 795005"}],"length":"24\u2019 Truck","tr_number":["465922"]}
{"pick_timestamp":"2022\/02\/27 15:00","customer_price":"12633.58","pic_address":[{"pic_address":"\nCWC,Jatni,Near Centurion University, At-Sandhapur, P.O.Jatni\nBhubaneshwar,ORISSA 751010"}],"drop_address":[{"drop_address":"\nM\/s. Stargaze Properties Private Limited, Survey No. 1 by 1\nKancha Imarat, Raviryala, Maheshwaram Mandal, R R District\nHyderabad,TELANGANA 501510"}],"length":"32' HQ Truck","tr_number":["E69002"]}
{"pick_timestamp":"2022\/02\/27 15:30","customer_price":"15250.00","pic_address":[{"pic_address":"\nBuilding No. CCU1, Mouza, Amraberia,\nJ.L. No.8, Khatia No. 422, Ulberia Dist. Howrah\nKolkata,WEST BENGAL 711315"}],"drop_address":[{"drop_address":"\nNear to Kalawati Hospital research center, shirodi, Namkum\nRanchi,JHARKHAND 834001"}],"length":"32' Truck","tr_number":["374FAD"]}
{"pick_timestamp":"2022\/02\/27 16:00","customer_price":"14500.00","pic_address":[{"pic_address":"\nM\/s. Stargaze Properties Private Limited, Survey No. 1 by 1\nKancha Imarat, Raviryala, Maheshwaram Mandal, R R District\nHyderabad,TELANGANA 501510"}],"drop_address":[{"drop_address":"\nPlot 12\/P2, Defence and Aerospace park, Devanahalli,\nBengaluru,KARNATAKA 560012"}],"length":"32' Truck","tr_number":["C00A0F"]}
{"pick_timestamp":"2022\/02\/27 20:00","customer_price":"60000.00","pic_address":[{"pic_address":"\nSy No: 77-2A3, S. Murugan Industrial and Logistics Parks LLP\nNear Magna Eng.College, Thamaraipakkam\nThiruvallur,TAMIL NADU 601103"}],"drop_address":[{"drop_address":"\nKhasra numbers:444-P,445-P,459-P, 460-474,475-P,476-482\n483-P,491,492,493-P, Village Bhaukapur,Tehsil-Sarojini Nagar\nLucknow,UTTAR PRADESH 226401"}],"length":"32' Truck","tr_number":["E5A0AF"]}
{"pick_timestamp":"2022\/02\/28 02:00","customer_price":"37800.00","pic_address":[{"pic_address":"\nPlot 33 and 34, Arrjavv Industrial Warehouse Park,\nDankuni,WEST BENGAL 712310"}],"drop_address":[{"drop_address":"\nLK spaces, Rajlaxmi textile Park,Pogaon\nBhiwandi\nMumbai,MAHARASHTRA 421302"}],"length":"32' Truck","tr_number":["211658"]}
{"pick_timestamp":"2022\/02\/28 03:00","customer_price":"4500.00","pic_address":[{"pic_address":"\nIndra palace Ekta colony Moradabad behind Mandi samiti\nMoradabad,UTTAR PRADESH 244001"}],"drop_address":[{"drop_address":"\nMustkil No:51,kila No:1,2,3 village Bhangrola tehsil\nGurugram,HARYANA 122001"}],"length":"20' Truck","tr_number":["B07DEB"]}
{"pick_timestamp":"2022\/02\/28 07:00","customer_price":"6250.00","pic_address":[{"pic_address":"\nLall Kalan, Behind Katani City, Near Meelon Bridge,\nLudhiana-Chandigarh Road, Village Katani Kalan,\nLudhiana,PUNJAB 141113"}],"drop_address":[{"drop_address":"\nC\/o M\/s SYNDICATE GODOWN CORPORATION\nKhasra no. 6\/19\/2, 20,21,22,23\/2, 24\/1\nManesar,HARYANA 123413"}],"length":"32' Truck","tr_number":["B0DD69"]}
{"pick_timestamp":"2022\/02\/28 08:00","customer_price":"20000.00","pic_address":[{"pic_address":"\nSy No: 77-2A3, S. Murugan Industrial and Logistics Parks LLP\nNear Magna Eng.College, Thamaraipakkam\nThiruvallur,TAMIL NADU 601103"}],"drop_address":[{"drop_address":"\nBROADVIEW CONSTRUCTIONS AND HOLDINGS PVT LTD.\nSurvey No.153-1 153-2226-2,229-2,230-2\nCoimbatore,TAMIL NADU 641201"}],"length":"32' Truck","tr_number":["A81145"]}
{"pick_timestamp":"2022\/02\/28 08:00","customer_price":"60035.76","pic_address":[{"pic_address":"\nBROADVIEW CONSTRUCTIONS AND HOLDINGS PVT LTD.\nSurvey No.153-1 153-2226-2,229-2,230-2\nCoimbatore,TAMIL NADU 641201"}],"drop_address":[{"drop_address":"\nBuilding No. CCU1, Mouza, Amraberia,\nJ.L. No.8, Khatia No. 422, Ulberia Dist. Howrah\nKolkata,WEST BENGAL 711315"}],"length":"32' Truck","tr_number":["83ACEA"]}
{"pick_timestamp":"2022\/02\/28 08:00","customer_price":"24525.00","pic_address":[{"pic_address":"\nSy No: 77-2A3, S. Murugan Industrial and Logistics Parks LLP\nNear Magna Eng.College, Thamaraipakkam\nThiruvallur,TAMIL NADU 601103"}],"drop_address":[{"drop_address":"\nBuilding No. B01\nESR Pune Estates Pvt Ltd\nChakan,MAHARASHTRA 410501"}],"length":"32' Truck","tr_number":["AE9A77"]}
{"pick_timestamp":"2022\/02\/28 08:00","customer_price":"36000.01","pic_address":[{"pic_address":"\nDelhivery Pvt Ltd, Building no. B-2, Antariksh Logidrome Sap\nBhiwandi,MAHARASHTRA 421302"}],"drop_address":[{"drop_address":"\nBlock B and C\nLOGOS Luhari Logistics Estate\nGurgaon,Haryana 124108"}],"length":"32' Truck","tr_number":["A779AF"]}
{"pick_timestamp":"2022\/02\/28 08:00","customer_price":"36750.00","pic_address":[{"pic_address":"\nDelhivery Pvt Ltd, Building no. B-2, Antariksh Logidrome Sap\nBhiwandi,MAHARASHTRA 421302"}],"drop_address":[{"drop_address":"\nNelamangala\nBengaluru,KARNATAKA 562123"}],"length":"32' Truck","tr_number":["6CD320"]}
{"pick_timestamp":"2022\/02\/28 09:00","customer_price":"3356.17","pic_address":[{"pic_address":"\nSivaganga\n,,\nSivaganga,TAMIL NADU 630561"}],"drop_address":[{"drop_address":"\nConnect India 22, SUBRAMANIYAPURAM,4th STREET NORTH\nKaraikudi,TAMIL NADU 630001"},{"drop_address":"\nTS No 8512\/1p,Periyar Nagar,RajagopalapurumPudukkottai622003\nPudukkottai,TAMIL NADU 622001"},{"drop_address":"\n16\/2A,16\/2B,16\/3B,18\/1A,, PMP Nagar, Kondalampatti\nSalem,TAMIL NADU 636201"}],"length":"17\u2019 Truck","tr_number":["00DD26"]}
{"pick_timestamp":"2022\/02\/28 10:00","customer_price":"37250.00","pic_address":[{"pic_address":"\nF-2,Survey No. 122\/7c,122\/2,122\/1,118\/1,118\/7,131,Ayushi Spa\nMumbai -Nashik Highway , Post- Padgha,\nBhiwandi,MAHARASHTRA 421101"}],"drop_address":[{"drop_address":"\nSri Perumbudur Taluk,\nChennai,TAMIL NADU 602117"}],"length":"32' Truck","tr_number":["16EBEA"]}
{"pick_timestamp":"2022\/02\/28 11:00","customer_price":"5250.00","pic_address":[{"pic_address":"\nKhasra numbers:444-P,445-P,459-P, 460-474,475-P,476-482\n483-P,491,492,493-P, Village Bhaukapur,Tehsil-Sarojini Nagar\nLucknow,UTTAR PRADESH 226401"}],"drop_address":[{"drop_address":"\nC\/o M\/s SYNDICATE GODOWN CORPORATION\nKhasra no. 6\/19\/2, 20,21,22,23\/2, 24\/1\nManesar,HARYANA 123413"}],"length":"32' Truck","tr_number":["84E7CB"]}
{"pick_timestamp":"2022\/02\/28 11:30","customer_price":"3321.00","pic_address":[{"pic_address":"\nABT Express,28 A , Kalingarayan Street Opp.Hotel Anandhas\nVanjipalayam,TAMIL NADU 641663"}],"drop_address":[{"drop_address":"\n#18, D.10, Settia GounderComplexBhavani Main Road, Sankagiri\nSankari,TAMIL NADU 637301"},{"drop_address":"\n16\/2A,16\/2B,16\/3B,18\/1A,, PMP Nagar, Kondalampatti\nSalem,TAMIL NADU 636201"}],"length":"17\u2019 Truck","tr_number":["8E0981"]}
{"pick_timestamp":"2022\/02\/28 11:30","customer_price":"3250.00","pic_address":[{"pic_address":"\nWard No.15, Ho No.3799 Nr Lotus School Gadhinglai\nKolhapur,MAHARASHTRA 416502"}],"drop_address":[{"drop_address":"\n173\/6 Vidyanagar 3rd cross opposite Sai temple\nGokak,KARNATAKA 591307"},{"drop_address":"\nMulla Building, Plot No 756,Survey no 8664\nBelagavi,KARNATAKA 590016"},{"drop_address":"\nGati Kintetsu Express Pvt. Ltd Plt no U02CPhase IV Verna Ind\nGoa,GOA 403703"}],"length":"20' Truck","tr_number":["A353B7"]}
{"pick_timestamp":"2022\/02\/28 12:00","customer_price":"32750.00","pic_address":[{"pic_address":"\nF-2,Survey No. 122\/7c,122\/2,122\/1,118\/1,118\/7,131,Ayushi Spa\nMumbai -Nashik Highway , Post- Padgha,\nBhiwandi,MAHARASHTRA 421101"}],"drop_address":[{"drop_address":"\nMalur Whitefield Rd, Madanahalli\nMalur Industrial Area,KARNATAKA 563160"}],"length":"32' Truck","tr_number":["ED702D"]}
{"pick_timestamp":"2022\/02\/28 12:00","customer_price":"27000.01","pic_address":[{"pic_address":"\nBlock J2, Farukhnagar Logistics Parks\nGurgaon,HARYANA 122506"}],"drop_address":[{"drop_address":"\nRenaissance industrial smart city, Kalyan Sape road\nThane,Maharashtra 421302"}],"length":"32' Truck","tr_number":["36ABDA"]}
{"pick_timestamp":"2022\/02\/28 12:00","customer_price":"40000.00","pic_address":[{"pic_address":"\nMahindra Logistics Limited, Bhagya Kalita Complex,\nNear:Kahikuch Gram Panchayat,\nGuwahati,ASSAM 781132"}],"drop_address":[{"drop_address":"\nLandmark - Diakkawn Presbyterian Church,Diakkawm.\nKolasib,MIZORAM 796081"},{"drop_address":"\nBrigade Road, Bangkawn, MizoramMizoram\nAizawl,MIZORAM 796014"},{"drop_address":"\nC\/o Mr. Lalropuia,Edenthar, Sairang road\nAizawl,MIZORAM 796014"}],"length":"22' Truck","tr_number":["4BF2F3"]}
{"pick_timestamp":"2022\/02\/28 12:00","customer_price":"49000.01","pic_address":[{"pic_address":"\nFarrukhnagar Logistic Park LLP,Farrukhnagar\nGurugram,HARYANA 122001"}],"drop_address":[{"drop_address":"\nPudur Village,Medchal Mandal,Hyderabad\nTurkapally,TELANGANA 501401"}],"length":"32' Truck","tr_number":["6C05D5"]}
{"pick_timestamp":"2022\/02\/28 12:00","customer_price":"34500.00","pic_address":[{"pic_address":"\nFarrukhnagar Logistic Park LLP,Farrukhnagar\nGurugram,HARYANA 122001"}],"drop_address":[{"drop_address":"\nPudur Village,Medchal Mandal,Hyderabad\nTurkapally,TELANGANA 501401"}],"length":"32' Truck","tr_number":["0BFBA6"]}
{"pick_timestamp":"2022\/02\/28 12:00","customer_price":"24250.00","pic_address":[{"pic_address":"\nWadhu Chonde Warehouse,Vadu Village, Alandi Rd,Lonikand\nPune,MAHARASHTRA 412216"}],"drop_address":[{"drop_address":"\nPudur Village,Medchal Mandal,Hyderabad\nTurkapally,TELANGANA 501401"}],"length":"32' Truck","tr_number":["4C3A31"]}
{"pick_timestamp":"2022\/02\/28 12:00","customer_price":"24250.00","pic_address":[{"pic_address":"\nWadhu Chonde Warehouse,Vadu Village, Alandi Rd,Lonikand\nPune,MAHARASHTRA 412216"}],"drop_address":[{"drop_address":"\nPudur Village,Medchal Mandal,Hyderabad\nTurkapally,TELANGANA 501401"}],"length":"32' Truck","tr_number":["5F6957"]}
{"pick_timestamp":"2022\/02\/28 13:00","customer_price":"46000.00","pic_address":[{"pic_address":"\nAruna Warehousing Company, Unit no 2,\nBanda Mylaram Village, Mulugu Mandal, Siddipet Dist\nHyderabad,TELANGANA 502279"}],"drop_address":[{"drop_address":"\nAmta Industrial Park, Amta, Mouza: Majukhetra,Dist \u2013 Howrah\nKolkata,WEST BENGAL 711313"}],"length":"32' Truck","tr_number":["DE8640"]}
{"pick_timestamp":"2022\/02\/28 13:00","customer_price":"17750.00","pic_address":[{"pic_address":"\nAruna Warehousing Company, Unit no 2,\nBanda Mylaram Village, Mulugu Mandal, Siddipet Dist\nHyderabad,TELANGANA 502279"}],"drop_address":[{"drop_address":"\nMalur Whitefield Rd, Madanahalli\nMalur Industrial Area,KARNATAKA 563160"}],"length":"32' Truck","tr_number":["5572C2"]}
{"pick_timestamp":"2022\/02\/28 14:00","customer_price":"10000.00","pic_address":[{"pic_address":"\nRevenue Estate of Village Binola-Tehsil Manesar and Village\nGurugram,HARYANA 122413"}],"drop_address":[{"drop_address":"\nVillage Dugri, (H.B.No. 220),Tehsil Payal District,\nLudhiana,PUNJAB 141113"}],"length":"24\u2019 Truck","tr_number":["824607"]}
{"pick_timestamp":"2022\/02\/28 14:00","customer_price":"8500.00","pic_address":[{"pic_address":"\nMustkil No:51,kila No:1,2,3 village Bhangrola tehsil\nGurugram,HARYANA 122001"}],"drop_address":[{"drop_address":"\nVillage Dugri, (H.B.No. 220),Tehsil Payal District,\nLudhiana,PUNJAB 141113"}],"length":"32' Truck","tr_number":["B5642A"]}
{"pick_timestamp":"2022\/02\/28 15:30","customer_price":"15000.00","pic_address":[{"pic_address":"\nBuilding No. CCU1, Mouza, Amraberia,\nJ.L. No.8, Khatia No. 422, Ulberia Dist. Howrah\nKolkata,WEST BENGAL 711315"}],"drop_address":[{"drop_address":"\nNear to Kalawati Hospital research center, shirodi, Namkum\nRanchi,JHARKHAND 834001"}],"length":"32' Truck","tr_number":["22D1F7"]}
{"pick_timestamp":"2022\/02\/28 16:00","customer_price":"31000.00","pic_address":[{"pic_address":"\nAmta Industrial Park, Amta, Mouza: Majukhetra,Dist \u2013 Howrah\nKolkata,WEST BENGAL 711313"}],"drop_address":[{"drop_address":"\nPudur Village,Medchal Mandal,Hyderabad\nTurkapally,TELANGANA 501401"}],"length":"32' Truck","tr_number":["6F1E2C"]}
{"pick_timestamp":"2022\/02\/28 16:00","customer_price":"49250.00","pic_address":[{"pic_address":"\nPlot no 12 P2, Bangalore Hardware Park KIADB\nIndustrial Park North\nBangalore,Karnataka 562149"}],"drop_address":[{"drop_address":"\nKhasra numbers:444-P,445-P,459-P, 460-474,475-P,476-482\n483-P,491,492,493-P, Village Bhaukapur,Tehsil-Sarojini Nagar\nLucknow,UTTAR PRADESH 226401"}],"length":"32' Truck","tr_number":["EF0CCC"]}
{"pick_timestamp":"2022\/02\/28 16:00","customer_price":"14250.00","pic_address":[{"pic_address":"\nSri Perumbudur Taluk,\nChennai,TAMIL NADU 602117"}],"drop_address":[{"drop_address":"\nMalur Whitefield Rd, Madanahalli\nMalur Industrial Area,KARNATAKA 563160"}],"length":"32' Truck","tr_number":["2B6CE9"]}
{"pick_timestamp":"2022\/02\/28 17:00","customer_price":"35500.00","pic_address":[{"pic_address":"\nF-2,Survey No. 122\/7c,122\/2,122\/1,118\/1,118\/7,131,Ayushi Spa\nMumbai -Nashik Highway , Post- Padgha,\nBhiwandi,MAHARASHTRA 421101"}],"drop_address":[{"drop_address":"\nPudur Village,Medchal Mandal,Hyderabad\nTurkapally,TELANGANA 501401"}],"length":"32' Truck","tr_number":["446310"]}
{"pick_timestamp":"2022\/02\/28 18:45","customer_price":"5895.44","pic_address":[{"pic_address":"\nBuilding No. B01, ESR Pune Estates Pvt Ltd\nVillage Ambethan, Tal: Khed\nPune,MAHARASHTRA 410501"}],"drop_address":[{"drop_address":"\nLK spaces, Rajlaxmi textile Park,Pogaon\nBhiwandi\nMumbai,MAHARASHTRA 421302"}],"length":"32' HQ Truck","tr_number":["131008"]}
{"pick_timestamp":"2022\/02\/28 19:00","customer_price":"25500.00","pic_address":[{"pic_address":"\nSy No: 77-2A3, S. Murugan Industrial and Logistics Parks LLP\nNear Magna Eng.College, Thamaraipakkam\nThiruvallur,TAMIL NADU 601103"}],"drop_address":[{"drop_address":"\nBROADVIEW CONSTRUCTIONS AND HOLDINGS PVT LTD.\nSurvey No.153-1 153-2226-2,229-2,230-2\nCoimbatore,TAMIL NADU 641201"}],"length":"32' Truck","tr_number":["A61F47"]}
{"pick_timestamp":"2022\/02\/28 19:00","customer_price":"15250.00","pic_address":[{"pic_address":"\nPlot no. 120 (X) and part portion of plot no. 119 (W2\nBavla,GUJARAT 382220"}],"drop_address":[{"drop_address":"\nRoyal Warehousing and Logistics LLP, Survey Number 45\nHissa No.4A, Village Pise Village, Aamne Post\nBhiwandi,MAHARASHTRA 421302"}],"length":"32' Truck","tr_number":["91A113"]}
{"pick_timestamp":"2022\/02\/28 20:00","customer_price":"40600.00","pic_address":[{"pic_address":"\nSy No: 77-2A3, S. Murugan Industrial and Logistics Parks LLP\nNear Magna Eng.College, Thamaraipakkam\nThiruvallur,TAMIL NADU 601103"}],"drop_address":[{"drop_address":"\nKhasra numbers:444-P,445-P,459-P, 460-474,475-P,476-482\n483-P,491,492,493-P, Village Bhaukapur,Tehsil-Sarojini Nagar\nLucknow,UTTAR PRADESH 226401"}],"length":"32' Truck","tr_number":["9DBD40"]}
{"pick_timestamp":"2022\/02\/28 20:00","customer_price":"44500.00","pic_address":[{"pic_address":"\nHitech, Defence and Aerospace Park, Devanahalli\nBengaluru,KARNATAKA 562149"}],"drop_address":[{"drop_address":"\nKhasra numbers:444-P,445-P,459-P, 460-474,475-P,476-482\n483-P,491,492,493-P, Village Bhaukapur,Tehsil-Sarojini Nagar\nLucknow,UTTAR PRADESH 226401"}],"length":"32' Truck","tr_number":["DDF96A"]}
{"pick_timestamp":"2022\/02\/28 20:00","customer_price":"49250.00","pic_address":[{"pic_address":"\nNo. 1\/B, IndoSpace Logistics Park, Puduvoyal, Durainallur Vi\nPonneri,TAMIL NADU 601206"}],"drop_address":[{"drop_address":"\nKhasra numbers:444-P,445-P,459-P, 460-474,475-P,476-482\n483-P,491,492,493-P, Village Bhaukapur,Tehsil-Sarojini Nagar\nLucknow,UTTAR PRADESH 226401"}],"length":"32' Truck","tr_number":["84134B"]}
{"pick_timestamp":"2022\/03\/01 07:00","customer_price":"42749.99","pic_address":[{"pic_address":"\nno: 53\/57, 149\/160, 322,323, Village Jamalpur and Khawaspur\nGurugram,HARYANA 122001"}],"drop_address":[{"drop_address":"\nGarg Plaza, Village Kanchanbari, Bangla Basti, PO-Fulbari Ha\nWest Bengal, IN, 734015\nSiliguri,WEST BENGAL 734011"}],"length":"24\u2019 Truck","tr_number":["2C340C"]}
{"pick_timestamp":"2022\/03\/01 07:00","customer_price":"23450.00","pic_address":[{"pic_address":"\nNo. 1\/B, IndoSpace Logistics Park, Puduvoyal, Durainallur Vi\nPonneri,TAMIL NADU 601206"}],"drop_address":[{"drop_address":"\nPlot no. 120 (X) and part portion of plot no. 119 (W2\nBavla,GUJARAT 382220"}],"length":"32' Truck","tr_number":["AF335A"]}
{"pick_timestamp":"2022\/03\/01 09:00","customer_price":"19428.00","pic_address":[{"pic_address":"\nPlot 33 and 34, Arrjavv Industrial Warehouse Park,\nDankuni,WEST BENGAL 712310"}],"drop_address":[{"drop_address":"\nBuilding Nos. 1 and 2, Agsons Global Logistics Park, Agsons\nSonipat,HARYANA 131021"}],"length":"32' Truck","tr_number":["E99552"]}
{"pick_timestamp":"2022\/03\/01 10:00","customer_price":"30000.00","pic_address":[{"pic_address":"\nF-2,Survey No. 122\/7c,122\/2,122\/1,118\/1,118\/7,131,Ayushi Spa\nMumbai -Nashik Highway , Post- Padgha,\nBhiwandi,MAHARASHTRA 421101"}],"drop_address":[{"drop_address":"\nSri Perumbudur Taluk,\nChennai,TAMIL NADU 602117"}],"length":"32' Truck","tr_number":["58EE87"]}
{"pick_timestamp":"2022\/03\/01 10:00","customer_price":"7738.00","pic_address":[{"pic_address":"\nKh No 554 to 558,560 to 583,600 to 606\nBagru Rawan,N.H.8,Tehsil Sanganer\nBagru,RAJASTHAN 303007"}],"drop_address":[{"drop_address":"\nC\/o M\/s SYNDICATE GODOWN CORPORATION\nKhasra no. 6\/19\/2, 20,21,22,23\/2, 24\/1\nManesar,HARYANA 123413"}],"length":"32' Truck","tr_number":["E6A3D2"]}
{"pick_timestamp":"2022\/03\/01 11:00","customer_price":"17999.99","pic_address":[{"pic_address":"\nNear METRO CASH & CARRY WHOLESALE Store\nIndore,MADHYA PRADESH 452010"}],"drop_address":[{"drop_address":"\n38\/8\/2, Adjacent to Starex School, Village Binola,Tehsil\nManesar Gurgaon,HARYANA 122413"}],"length":"32' Truck","tr_number":["5962B5"]}
{"pick_timestamp":"2022\/03\/01 11:30","customer_price":"3107.00","pic_address":[{"pic_address":"\nABT Express,28 A , Kalingarayan Street Opp.Hotel Anandhas\nVanjipalayam,TAMIL NADU 641663"}],"drop_address":[{"drop_address":"\n#18, D.10, Settia GounderComplexBhavani Main Road, Sankagiri\nSankari,TAMIL NADU 637301"},{"drop_address":"\n16\/2A,16\/2B,16\/3B,18\/1A,, PMP Nagar, Kondalampatti\nSalem,TAMIL NADU 636201"}],"length":"17\u2019 Truck","tr_number":["C326AE"]}
{"pick_timestamp":"2022\/03\/01 12:00","customer_price":"6000.00","pic_address":[{"pic_address":"\nVillage Dugri, (H.B.No. 220),Tehsil Payal District,\nLudhiana,PUNJAB 141113"}],"drop_address":[{"drop_address":"\nC\/o M\/s SYNDICATE GODOWN CORPORATION\nKhasra no. 6\/19\/2, 20,21,22,23\/2, 24\/1\nManesar,HARYANA 123413"}],"length":"32' Truck","tr_number":["C6A077"]}
{"pick_timestamp":"2022\/03\/01 12:00","customer_price":"40000.00","pic_address":[{"pic_address":"\nMahindra Logistics Limited, Bhagya Kalita Complex,\nNear:Kahikuch Gram Panchayat,\nGuwahati,ASSAM 781132"}],"drop_address":[{"drop_address":"\nLandmark - Diakkawn Presbyterian Church,Diakkawm.\nKolasib,MIZORAM 796081"},{"drop_address":"\nBrigade Road, Bangkawn, MizoramMizoram\nAizawl,MIZORAM 796014"},{"drop_address":"\nC\/o Mr. Lalropuia,Edenthar, Sairang road\nAizawl,MIZORAM 796014"}],"length":"22' Truck","tr_number":["83DE4E"]}
{"pick_timestamp":"2022\/03\/01 12:00","customer_price":"26750.00","pic_address":[{"pic_address":"\nWadhu Chonde Warehouse,Vadu Village, Alandi Rd,Lonikand\nPune,MAHARASHTRA 412216"}],"drop_address":[{"drop_address":"\nPudur Village,Medchal Mandal,Hyderabad\nTurkapally,TELANGANA 501401"}],"length":"32' Truck","tr_number":["ABB430"]}
{"pick_timestamp":"2022\/03\/01 12:00","customer_price":"26750.00","pic_address":[{"pic_address":"\nWadhu Chonde Warehouse,Vadu Village, Alandi Rd,Lonikand\nPune,MAHARASHTRA 412216"}],"drop_address":[{"drop_address":"\nPudur Village,Medchal Mandal,Hyderabad\nTurkapally,TELANGANA 501401"}],"length":"32' Truck","tr_number":["80107F"]}
{"pick_timestamp":"2022\/03\/01 16:00","customer_price":"20000.00","pic_address":[{"pic_address":"\nGokaldas warehousing corporation, Village Taoru, Tehsil Taor\nGurgaon,HARYANA 122105"}],"drop_address":[{"drop_address":"\nKhasra numbers:444-P,445-P,459-P, 460-474,475-P,476-482\n483-P,491,492,493-P, Village Bhaukapur,Tehsil-Sarojini Nagar\nLucknow,UTTAR PRADESH 226401"}],"length":"32' Truck","tr_number":["A2A98B"]}
{"pick_timestamp":"2022\/03\/01 16:00","customer_price":"34530.56","pic_address":[{"pic_address":"\nPlot no 12 P2, Bangalore Hardware Park KIADB\nIndustrial Park North\nBangalore,Karnataka 562149"}],"drop_address":[{"drop_address":"\nKh No 554 to 558,560 to 583,600 to 606\nBagru Rawan,N.H.8,Tehsil Sanganer\nBagru,RAJASTHAN 303007"}],"length":"32' Truck","tr_number":["780BEC"]}
{"pick_timestamp":"2022\/03\/01 16:00","customer_price":"13500.00","pic_address":[{"pic_address":"\nVSMC Logistics Park Pvt Ltd, 432\/433 Pappampatty,\nAppanaichenpatti Road, Appanaichenpatty, Sulur (Taluk),\nCoimbatore,TAMIL NADU 641402"}],"drop_address":[{"drop_address":"\nPudur Village,Medchal Mandal,Hyderabad\nTurkapally,TELANGANA 501401"}],"length":"32' Truck","tr_number":["1C6B5A"]}
{"pick_timestamp":"2022\/03\/01 17:00","customer_price":"19500.00","pic_address":[{"pic_address":"\nBuilding No. CCU1, Mouza, Amraberia,\nJ.L. No.8, Khatia No. 422, Ulberia Dist. Howrah\nKolkata,WEST BENGAL 711315"}],"drop_address":[{"drop_address":"\nCWC,Jatni,Near Centurion University, At-Sandhapur, P.O.Jatni\nBhubaneshwar,ORISSA 751010"}],"length":"32' Truck","tr_number":["C82F68"]}
{"pick_timestamp":"2022\/03\/01 17:00","customer_price":"82072.29","pic_address":[{"pic_address":"\nF-2,Survey No. 122\/7c,122\/2,122\/1,118\/1,118\/7,131,Ayushi Spa\nMumbai -Nashik Highway , Post- Padgha,\nBhiwandi,MAHARASHTRA 421101"}],"drop_address":[{"drop_address":"\nAmta Industrial Park, Amta, Mouza: Majukhetra,Dist \u2013 Howrah\nKolkata,WEST BENGAL 711313"}],"length":"32' Truck","tr_number":["7C8AB3"]}
{"pick_timestamp":"2022\/03\/01 17:00","customer_price":"35250.00","pic_address":[{"pic_address":"\nF-2,Survey No. 122\/7c,122\/2,122\/1,118\/1,118\/7,131,Ayushi Spa\nMumbai -Nashik Highway , Post- Padgha,\nBhiwandi,MAHARASHTRA 421101"}],"drop_address":[{"drop_address":"\nPudur Village,Medchal Mandal,Hyderabad\nTurkapally,TELANGANA 501401"}],"length":"32' Truck","tr_number":["577C72"]}
{"pick_timestamp":"2022\/03\/01 17:00","customer_price":"33500.00","pic_address":[{"pic_address":"\nF-2,Survey No. 122\/7c,122\/2,122\/1,118\/1,118\/7,131,Ayushi Spa\nMumbai -Nashik Highway , Post- Padgha,\nBhiwandi,MAHARASHTRA 421101"}],"drop_address":[{"drop_address":"\nFarrukhnagar Logistic Park LLP,Farrukhnagar\nGurugram,HARYANA 122001"}],"length":"32' Truck","tr_number":["4F61AF"]}
{"pick_timestamp":"2022\/03\/01 17:30","customer_price":"18250.00","pic_address":[{"pic_address":"\nThana No-49 Khata No-139,142,143,144 Khasra No-1054,1079,108\nDist- Patna, Bihar 801109\nPatna,Bihar 801105"}],"drop_address":[{"drop_address":"\nManoj Kumar keshan Gattani industries Mouza. Satgharia JL n\nHowrah,WEST BENGAL 712306"}],"length":"32' Truck","tr_number":["A5D140"]}
{"pick_timestamp":"2022\/03\/01 18:45","customer_price":"6158.67","pic_address":[{"pic_address":"\nBuilding No. B01, ESR Pune Estates Pvt Ltd\nVillage Ambethan, Tal: Khed\nPune,MAHARASHTRA 410501"}],"drop_address":[{"drop_address":"\nLK spaces, Rajlaxmi textile Park,Pogaon\nBhiwandi\nMumbai,MAHARASHTRA 421302"}],"length":"32' HQ Truck","tr_number":["33E85A"]}
{"pick_timestamp":"2022\/03\/01 19:00","customer_price":"23000.00","pic_address":[{"pic_address":"\nSy No: 77-2A3, S. Murugan Industrial and Logistics Parks LLP\nNear Magna Eng.College, Thamaraipakkam\nThiruvallur,TAMIL NADU 601103"}],"drop_address":[{"drop_address":"\nBROADVIEW CONSTRUCTIONS AND HOLDINGS PVT LTD.\nSurvey No.153-1 153-2226-2,229-2,230-2\nCoimbatore,TAMIL NADU 641201"}],"length":"32' Truck","tr_number":["D2BAEF"]}
{"pick_timestamp":"2022\/03\/01 20:00","customer_price":"40000.00","pic_address":[{"pic_address":"\nSy No: 77-2A3, S. Murugan Industrial and Logistics Parks LLP\nNear Magna Eng.College, Thamaraipakkam\nThiruvallur,TAMIL NADU 601103"}],"drop_address":[{"drop_address":"\nKhasra numbers:444-P,445-P,459-P, 460-474,475-P,476-482\n483-P,491,492,493-P, Village Bhaukapur,Tehsil-Sarojini Nagar\nLucknow,UTTAR PRADESH 226401"}],"length":"32' Truck","tr_number":["DF2069"]}
{"pick_timestamp":"2022\/03\/01 20:00","customer_price":"41650.01","pic_address":[{"pic_address":"\nSy No: 77-2A3, S. Murugan Industrial and Logistics Parks LLP\nNear Magna Eng.College, Thamaraipakkam\nThiruvallur,TAMIL NADU 601103"}],"drop_address":[{"drop_address":"\nGanesh Complex, Rani Hati Amta Road\nPanchla,WEST BENGAL 711322"}],"length":"32' Truck","tr_number":["7E5EEE"]}
{"pick_timestamp":"2022\/03\/01 20:00","customer_price":"48749.99","pic_address":[{"pic_address":"\nHitech, Defence and Aerospace Park, Devanahalli\nBengaluru,KARNATAKA 562149"}],"drop_address":[{"drop_address":"\nKhasra numbers:444-P,445-P,459-P, 460-474,475-P,476-482\n483-P,491,492,493-P, Village Bhaukapur,Tehsil-Sarojini Nagar\nLucknow,UTTAR PRADESH 226401"}],"length":"32' Truck","tr_number":["814D59"]}
{"pick_timestamp":"2022\/03\/01 20:00","customer_price":"7000.00","pic_address":[{"pic_address":"\nSy No: 77-2A3, S. Murugan Industrial and Logistics Parks LLP\nNear Magna Eng.College, Thamaraipakkam\nThiruvallur,TAMIL NADU 601103"}],"drop_address":[{"drop_address":"\nPlot no 12 P2, Bangalore Hardware Park KIADB\nIndustrial Park North\nBangalore,Karnataka 562149"}],"length":"32' Truck","tr_number":["CCE44A"]}
{"pick_timestamp":"2022\/03\/01 20:00","customer_price":"18504.00","pic_address":[{"pic_address":"\nHitech, Defence and Aerospace Park, Devanahalli\nBengaluru,KARNATAKA 562149"}],"drop_address":[{"drop_address":"\nPlot no. 120 (X) and part portion of plot no. 119 (W2\nBavla,GUJARAT 382220"}],"length":"32' Truck","tr_number":["9F00DC"]}
{"pick_timestamp":"2022\/03\/01 22:30","customer_price":"34500.00","pic_address":[{"pic_address":"\nBuilding No. CCU1, Mouza, Amraberia,\nJ.L. No.8, Khatia No. 422, Ulberia Dist. Howrah\nKolkata,WEST BENGAL 711315"}],"drop_address":[{"drop_address":"\nBuilding No. B01\nESR Pune Estates Pvt Ltd\nChakan,MAHARASHTRA 410501"}],"length":"32' Truck","tr_number":["D81999"]}
{"pick_timestamp":"2022\/03\/02 02:00","customer_price":"35500.00","pic_address":[{"pic_address":"\nPlot 33 and 34, Arrjavv Industrial Warehouse Park,\nDankuni,WEST BENGAL 712310"}],"drop_address":[{"drop_address":"\nLK spaces, Rajlaxmi textile Park,Pogaon\nBhiwandi\nMumbai,MAHARASHTRA 421302"}],"length":"32' Truck","tr_number":["9F43E2"]}
{"pick_timestamp":"2022\/03\/02 02:00","customer_price":"7000.00","pic_address":[{"pic_address":"\nL1, Farukh Nagar Logistic Park LLP, Tehsil Farukh Nagar\nGurgaon,HARYANA 122506"}],"drop_address":[{"drop_address":"\nKhasra No. 511,512,518,519,520,522\nVillage Bajehra, Tehsil Hasanganj\nUnnao,UTTAR PRADESH 209801"}],"length":"24\u2019 Truck","tr_number":["537685"]}
{"pick_timestamp":"2022\/03\/02 03:00","customer_price":"56250.01","pic_address":[{"pic_address":"\nMustkil No:51,kila No:1,2,3 village Bhangrola tehsil\nGurugram,HARYANA 122001"}],"drop_address":[{"drop_address":"\nCWC,Jatni,Near Centurion University, At-Sandhapur, P.O.Jatni\nBhubaneshwar,ORISSA 751010"}],"length":"32' Truck","tr_number":["1B5DAD"]}
{"pick_timestamp":"2022\/03\/02 05:00","customer_price":"2035.27","pic_address":[{"pic_address":"\nACLC 2B,Near New ATC Tower,Opp.Gate 1 Cargo Terminal,\nIGI Airport\nNew Delhi,DELHI 110037"}],"drop_address":[{"drop_address":"\n05 Pusa Road-Karol bagh.In front of pillar 80\nDelhi,DELHI 110005"},{"drop_address":"\nGround floor , 1A to 4A Pulbangash metro station\nNew Delhi,DELHI 110007"},{"drop_address":"\nB 11\/4, jhilmil industrial area,jhilmil,New delhi=110095\nNew Delhi,DELHI 110094"},{"drop_address":"\nACLC 2B,Near New ATC Tower,Opp.Gate 1 Cargo Terminal,\nIGI Airport\nNew Delhi,DELHI 110037"}],"length":"14' Truck","tr_number":["5CDAAE","9BACBD"]}
{"pick_timestamp":"2022\/03\/02 06:00","customer_price":"48999.99","pic_address":[{"pic_address":"\nHitech, Defence and Aerospace Park, Devanahalli\nBengaluru,KARNATAKA 562149"}],"drop_address":[{"drop_address":"\nKhasra numbers:444-P,445-P,459-P, 460-474,475-P,476-482\n483-P,491,492,493-P, Village Bhaukapur,Tehsil-Sarojini Nagar\nLucknow,UTTAR PRADESH 226401"}],"length":"32' Truck","tr_number":["0FD3B7"]}
{"pick_timestamp":"2022\/03\/02 08:00","customer_price":"55386.23","pic_address":[{"pic_address":"\nBROADVIEW CONSTRUCTIONS AND HOLDINGS PVT LTD.\nSurvey No.153-1 153-2226-2,229-2,230-2\nCoimbatore,TAMIL NADU 641201"}],"drop_address":[{"drop_address":"\nKhasra numbers:444-P,445-P,459-P, 460-474,475-P,476-482\n483-P,491,492,493-P, Village Bhaukapur,Tehsil-Sarojini Nagar\nLucknow,UTTAR PRADESH 226401"}],"length":"32' Truck","tr_number":["AA031C"]}
{"pick_timestamp":"2022\/03\/02 08:00","customer_price":"15250.00","pic_address":[{"pic_address":"\nSy No: 77-2A3, S. Murugan Industrial and Logistics Parks LLP\nNear Magna Eng.College, Thamaraipakkam\nThiruvallur,TAMIL NADU 601103"}],"drop_address":[{"drop_address":"\nBROADVIEW CONSTRUCTIONS AND HOLDINGS PVT LTD.\nSurvey No.153-1 153-2226-2,229-2,230-2\nCoimbatore,TAMIL NADU 641201"}],"length":"32' Truck","tr_number":["DA486C"]}
{"pick_timestamp":"2022\/03\/02 09:30","customer_price":"6750.00","pic_address":[{"pic_address":"\nAmazon Transportation Services Private Limited\nDTA-01-01A, Mahindra World City, Domestic Tariff Area Ph-II,\nJaipur,RAJASTHAN 302037"}],"drop_address":[{"drop_address":"\nBuilding Nos. 1 and 2, Agsons Global Logistics Park, Agsons\nSonipat,HARYANA 131021"}],"length":"32' Truck","tr_number":["9AF360"]}
{"pick_timestamp":"2022\/03\/02 10:00","customer_price":"10000.00","pic_address":[{"pic_address":"\nF-2,Survey No. 122\/7c,122\/2,122\/1,118\/1,118\/7,131,Ayushi Spa\nMumbai -Nashik Highway , Post- Padgha,\nBhiwandi,MAHARASHTRA 421101"}],"drop_address":[{"drop_address":"\nIndraprashtha Industrial logistics hub, Vadala Patia Road\nNear Bharat gas filling plant, Village Hariyala, Kheda\nKheda,GUJARAT 387570"}],"length":"32' Truck","tr_number":["19F50A"]}
{"pick_timestamp":"2022\/03\/02 10:30","customer_price":"4104.61","pic_address":[{"pic_address":"\nRevenue Estate of Village Binola-Tehsil Manesar and Village\nGurugram,HARYANA 122413"}],"drop_address":[{"drop_address":"\nACLC 2B,Near New ATC Tower,Opp.Gate 1 Cargo Terminal,\nIGI Airport\nNew Delhi,DELHI 110037"},{"drop_address":"\nAveo Logistics Pvt Ltd 40B-2,Rama Road Industrial Area\nNew Delhi,DELHI 110015"},{"drop_address":"\nno: 53\/57, 149\/160, 322,323, Village Jamalpur and Khawaspur\nGurugram,HARYANA 122001"},{"drop_address":"\nRevenue Estate of Village Binola-Tehsil Manesar and Village\nGurugram,HARYANA 122413"}],"length":"14' Truck","tr_number":["266D95","5794C1"]}
{"pick_timestamp":"2022\/03\/02 11:00","customer_price":"8125.00","pic_address":[{"pic_address":"\nKhasra No. 511,512,518,519,520,522\nVillage Bajehra, Tehsil Hasanganj\nUnnao,UTTAR PRADESH 209801"}],"drop_address":[{"drop_address":"\nBuilding Nos. 1 and 2, Agsons Global Logistics Park, Agsons\nSonipat,HARYANA 131021"}],"length":"32' Truck","tr_number":["DAF58F"]}
{"pick_timestamp":"2022\/03\/02 11:00","customer_price":"1261.28","pic_address":[{"pic_address":"\n118, Majherhati Road, Shahid Nani Saha Sarani, Near Majherha\nHigh School Kolkata-700049\nKolkata,WEST BENGAL 700079"}],"drop_address":[{"drop_address":"\nSANKALP LOGISTICSC 7B, METROPOLITAN CHS CANAL SOUTH\nKolkata,WEST BENGAL 700053"},{"drop_address":"\nActive Business Park, 54\/10, Debendra Chandra Dey Road.\nKolkata,WEST BENGAL 700015"},{"drop_address":"\n118, Majherhati Road, Shahid Nani Saha Sarani, Near Majherha\nHigh School Kolkata-700049\nKolkata,WEST BENGAL 700079"}],"length":"SEVEN_FOOT_TRUCK_ELECTRIC_AMT","tr_number":["FA6874","C4BBC3"]}
{"pick_timestamp":"2022\/03\/02 12:00","customer_price":"22000.00","pic_address":[{"pic_address":"\nWadhu Chonde Warehouse,Vadu Village, Alandi Rd,Lonikand\nPune,MAHARASHTRA 412216"}],"drop_address":[{"drop_address":"\nPudur Village,Medchal Mandal,Hyderabad\nTurkapally,TELANGANA 501401"}],"length":"32' Truck","tr_number":["5A2C10"]}
{"pick_timestamp":"2022\/03\/02 12:00","customer_price":"40000.00","pic_address":[{"pic_address":"\nMahindra Logistics Limited, Bhagya Kalita Complex,\nNear:Kahikuch Gram Panchayat,\nGuwahati,ASSAM 781132"}],"drop_address":[{"drop_address":"\nLandmark - Diakkawn Presbyterian Church,Diakkawm.\nKolasib,MIZORAM 796081"},{"drop_address":"\nBrigade Road, Bangkawn, MizoramMizoram\nAizawl,MIZORAM 796014"},{"drop_address":"\nC\/o Mr. Lalropuia,Edenthar, Sairang road\nAizawl,MIZORAM 796014"}],"length":"22' Truck","tr_number":["3680CE"]}
{"pick_timestamp":"2022\/03\/02 12:00","customer_price":"22000.00","pic_address":[{"pic_address":"\nWadhu Chonde Warehouse,Vadu Village, Alandi Rd,Lonikand\nPune,MAHARASHTRA 412216"}],"drop_address":[{"drop_address":"\nPudur Village,Medchal Mandal,Hyderabad\nTurkapally,TELANGANA 501401"}],"length":"32' Truck","tr_number":["F66CAD"]}
{"pick_timestamp":"2022\/03\/02 12:00","customer_price":"36051.56","pic_address":[{"pic_address":"\nPlot 12\/P2, Defence and Aerospace park, Devanahalli,\nBengaluru,KARNATAKA 560012"}],"drop_address":[{"drop_address":"\nBuilding Nos. 1 and 2, Agsons Global Logistics Park, Agsons\nSonipat,HARYANA 131021"}],"length":"32' Truck","tr_number":["ACB59B"]}
{"pick_timestamp":"2022\/03\/02 12:30","customer_price":"14000.00","pic_address":[{"pic_address":"\nBuilding No. CCU1, Mouza, Amraberia,\nJ.L. No.8, Khatia No. 422, Ulberia Dist. Howrah\nKolkata,WEST BENGAL 711315"}],"drop_address":[{"drop_address":"\nThana No-49 Khata No-139,142,143,144 Khasra No-1054,1079,108\nDist- Patna, Bihar 801109\nPatna,Bihar 801105"}],"length":"32' Truck","tr_number":["3D6B53"]}
{"pick_timestamp":"2022\/03\/02 14:00","customer_price":"7000.00","pic_address":[{"pic_address":"\nMustkil No:51,kila No:1,2,3 village Bhangrola tehsil\nGurugram,HARYANA 122001"}],"drop_address":[{"drop_address":"\nVillage Dugri, (H.B.No. 220),Tehsil Payal District,\nLudhiana,PUNJAB 141113"}],"length":"32' Truck","tr_number":["AF6FD7"]}
{"pick_timestamp":"2022\/03\/02 14:00","customer_price":"6250.00","pic_address":[{"pic_address":"\nMustkil No:51,kila No:1,2,3 village Bhangrola tehsil\nGurugram,HARYANA 122001"}],"drop_address":[{"drop_address":"\nKhasra No. 511,512,518,519,520,522\nVillage Bajehra, Tehsil Hasanganj\nUnnao,UTTAR PRADESH 209801"}],"length":"24\u2019 Truck","tr_number":["1725F0"]}
{"pick_timestamp":"2022\/03\/02 15:30","customer_price":"12000.00","pic_address":[{"pic_address":"\nBuilding No. CCU1, Mouza, Amraberia,\nJ.L. No.8, Khatia No. 422, Ulberia Dist. Howrah\nKolkata,WEST BENGAL 711315"}],"drop_address":[{"drop_address":"\nNear to Kalawati Hospital research center, shirodi, Namkum\nRanchi,JHARKHAND 834001"}],"length":"32' Truck","tr_number":["57CDF6"]}
{"pick_timestamp":"2022\/03\/02 16:00","customer_price":"12065.42","pic_address":[{"pic_address":"\nVSMC Logistics Park Pvt Ltd, 432\/433 Pappampatty,\nAppanaichenpatti Road, Appanaichenpatty, Sulur (Taluk),\nCoimbatore,TAMIL NADU 641402"}],"drop_address":[{"drop_address":"\nPudur Village,Medchal Mandal,Hyderabad\nTurkapally,TELANGANA 501401"}],"length":"32' Truck","tr_number":["537961"]}
{"pick_timestamp":"2022\/03\/02 17:00","customer_price":"50500.01","pic_address":[{"pic_address":"\nHitech, Defence and Aerospace Park, Devanahalli\nBengaluru,KARNATAKA 562149"}],"drop_address":[{"drop_address":"\nBuilding No. CCU1, Mouza, Amraberia,\nJ.L. No.8, Khatia No. 422, Ulberia Dist. Howrah\nKolkata,WEST BENGAL 711315"}],"length":"32' Truck","tr_number":["F62885"]}
{"pick_timestamp":"2022\/03\/02 17:00","customer_price":"30000.00","pic_address":[{"pic_address":"\nF-2,Survey No. 122\/7c,122\/2,122\/1,118\/1,118\/7,131,Ayushi Spa\nMumbai -Nashik Highway , Post- Padgha,\nBhiwandi,MAHARASHTRA 421101"}],"drop_address":[{"drop_address":"\nFarrukhnagar Logistic Park LLP,Farrukhnagar\nGurugram,HARYANA 122001"}],"length":"32' Truck","tr_number":["1CC67B"]}
{"pick_timestamp":"2022\/03\/02 17:00","customer_price":"24250.00","pic_address":[{"pic_address":"\nF-2,Survey No. 122\/7c,122\/2,122\/1,118\/1,118\/7,131,Ayushi Spa\nMumbai -Nashik Highway , Post- Padgha,\nBhiwandi,MAHARASHTRA 421101"}],"drop_address":[{"drop_address":"\nPudur Village,Medchal Mandal,Hyderabad\nTurkapally,TELANGANA 501401"}],"length":"32' Truck","tr_number":["DD5EB4"]}
{"pick_timestamp":"2022\/03\/02 17:00","customer_price":"17000.00","pic_address":[{"pic_address":"\nBuilding No. CCU1, Mouza, Amraberia,\nJ.L. No.8, Khatia No. 422, Ulberia Dist. Howrah\nKolkata,WEST BENGAL 711315"}],"drop_address":[{"drop_address":"\nCWC,Jatni,Near Centurion University, At-Sandhapur, P.O.Jatni\nBhubaneshwar,ORISSA 751010"}],"length":"32' Truck","tr_number":["71AD02"]}
{"pick_timestamp":"2022\/03\/02 18:45","customer_price":"6158.67","pic_address":[{"pic_address":"\nBuilding No. B01, ESR Pune Estates Pvt Ltd\nVillage Ambethan, Tal: Khed\nPune,MAHARASHTRA 410501"}],"drop_address":[{"drop_address":"\nLK spaces, Rajlaxmi textile Park,Pogaon\nBhiwandi\nMumbai,MAHARASHTRA 421302"}],"length":"32' HQ Truck","tr_number":["FDF110"]}
{"pick_timestamp":"2022\/03\/02 19:00","customer_price":"19500.00","pic_address":[{"pic_address":"\nAmta Industrial Park, Amta\nMouza, Majukhetra\nKolkata,WEST BENGAL 711401"}],"drop_address":[{"drop_address":"\nAmta Industrial Park\nAmta,WEST BENGAL 711401"},{"drop_address":"\nNear Amazon\/TCI Express W\/h\nVillage - Kanchanbari, PO -Fulbari Hat\nJalpaiguri,West Bengal 734015"}],"length":"20' Truck","tr_number":["C77765"]}
{"pick_timestamp":"2022\/03\/02 19:00","customer_price":"21250.00","pic_address":[{"pic_address":"\nSy No: 77-2A3, S. Murugan Industrial and Logistics Parks LLP\nNear Magna Eng.College, Thamaraipakkam\nThiruvallur,TAMIL NADU 601103"}],"drop_address":[{"drop_address":"\nBROADVIEW CONSTRUCTIONS AND HOLDINGS PVT LTD.\nSurvey No.153-1 153-2226-2,229-2,230-2\nCoimbatore,TAMIL NADU 641201"}],"length":"32' Truck","tr_number":["AED3CB"]}
{"pick_timestamp":"2022\/03\/02 19:00","customer_price":"15500.00","pic_address":[{"pic_address":"\nPlot no. 120 (X) and part portion of plot no. 119 (W2\nBavla,GUJARAT 382220"}],"drop_address":[{"drop_address":"\nRoyal Warehousing and Logistics LLP, Survey Number 45\nHissa No.4A, Village Pise Village, Aamne Post\nBhiwandi,MAHARASHTRA 421302"}],"length":"32' Truck","tr_number":["49025C"]}
{"pick_timestamp":"2022\/03\/02 20:00","customer_price":"40000.00","pic_address":[{"pic_address":"\nSy No: 77-2A3, S. Murugan Industrial and Logistics Parks LLP\nNear Magna Eng.College, Thamaraipakkam\nThiruvallur,TAMIL NADU 601103"}],"drop_address":[{"drop_address":"\nKhasra numbers:444-P,445-P,459-P, 460-474,475-P,476-482\n483-P,491,492,493-P, Village Bhaukapur,Tehsil-Sarojini Nagar\nLucknow,UTTAR PRADESH 226401"}],"length":"32' Truck","tr_number":["E39537"]}
{"pick_timestamp":"2022\/03\/02 20:00","customer_price":"18000.00","pic_address":[{"pic_address":"\nHitech, Defence and Aerospace Park, Devanahalli\nBengaluru,KARNATAKA 562149"}],"drop_address":[{"drop_address":"\nPlot no. 120 (X) and part portion of plot no. 119 (W2\nBavla,GUJARAT 382220"}],"length":"32' Truck","tr_number":["AA0D70"]}
{"pick_timestamp":"2022\/03\/02 20:00","customer_price":"31150.00","pic_address":[{"pic_address":"\nHitech, Defence and Aerospace Park, Devanahalli\nBengaluru,KARNATAKA 562149"}],"drop_address":[{"drop_address":"\nKh No 554 to 558,560 to 583,600 to 606\nBagru Rawan,N.H.8,Tehsil Sanganer\nBagru,RAJASTHAN 303007"}],"length":"32' Truck","tr_number":["11C5F9"]}
Json all Data Size : 100
status code :200
response body :{"response":{"data":{"message":"Convert as booking threshold days limit not matched!"},"status":"0"}}
status code :200
response body :{"response":{"data":{"message":"Convert as booking threshold days limit not matched!"},"status":"0"}}
status code :200
response body :{"response":{"data":{"message":"Convert as booking threshold days limit not matched!"},"status":"0"}}
status code :200
response body :{"response":{"data":{"message":"Convert as booking threshold days limit not matched!"},"status":"0"}}
status code :200
response body :{"response":{"data":{"message":"Convert as booking threshold days limit not matched!"},"status":"0"}}
status code :200
response body :{"response":{"data":{"message":"Convert as booking threshold days limit not matched!"},"status":"0"}}
status code :200
response body :{"response":{"data":{"message":"Successfully Updated the Booking amount"},"status":"1"}}
status code :200
response body :{"response":{"data":{"message":"Convert as booking threshold days limit not matched!"},"status":"0"}}
status code :200
response body :{"response":{"data":{"message":"Convert as booking threshold days limit not matched!"},"status":"0"}}
status code :200
response body :{"response":{"data":{"message":"Successfully Updated the Booking amount"},"status":"1"}}
status code :200
response body :{"response":{"data":{"message":"Successfully Updated the Booking amount"},"status":"1"}}
status code :200
response body :{"response":{"data":{"message":"Successfully Updated the Booking amount"},"status":"1"}}
status code :200
response body :{"response":{"data":{"message":"Successfully Updated the Booking amount"},"status":"1"}}
status code :200
response body :{"response":{"data":{"message":"Successfully Updated the Booking amount"},"status":"1"}}
status code :200
response body :{"response":{"data":{"message":"Successfully Updated the Booking amount"},"status":"1"}}
status code :200
response body :{"response":{"data":{"message":"Successfully Updated the Booking amount"},"status":"1"}}
status code :200
response body :{"response":{"data":{"message":"Successfully Updated the Booking amount"},"status":"1"}}
status code :200
response body :{"response":{"data":{"message":"Successfully Updated the Booking amount"},"status":"1"}}
status code :200
response body :{"response":{"data":{"message":"Convert as booking threshold days limit not matched!"},"status":"0"}}
status code :200
response body :{"response":{"data":{"message":"Successfully Updated the Booking amount"},"status":"1"}}
status code :200
response body :{"response":{"data":{"message":"Convert as booking threshold days limit not matched!"},"status":"0"}}
status code :200
response body :{"response":{"data":{"message":"Successfully Updated the Booking amount"},"status":"1"}}
status code :200
response body :{"response":{"data":{"message":"Successfully Updated the Booking amount"},"status":"1"}}
status code :200
response body :{"response":{"data":{"message":"Successfully Updated the Booking amount"},"status":"1"}}
status code :200
response body :{"response":{"data":{"message":"Successfully Updated the Booking amount"},"status":"1"}}
status code :200
response body :{"response":{"data":{"message":"Successfully Updated the Booking amount"},"status":"1"}}
status code :200
response body :{"response":{"data":{"message":"Successfully Updated the Booking amount"},"status":"1"}}
status code :200
response body :{"response":{"data":{"message":"Successfully Updated the Booking amount"},"status":"1"}}
status code :200
response body :{"response":{"data":{"message":"Successfully Updated the Booking amount"},"status":"1"}}
status code :200
response body :{"response":{"data":{"message":"Convert as booking threshold days limit not matched!"},"status":"0"}}
status code :200
response body :{"response":{"data":{"message":"Successfully Updated the Booking amount"},"status":"1"}}
status code :200
response body :{"response":{"data":{"message":"Successfully Updated the Booking amount"},"status":"1"}}
status code :200
response body :{"response":{"data":{"message":"Successfully Updated the Booking amount"},"status":"1"}}
status code :200
response body :{"response":{"data":{"message":"Successfully Updated the Booking amount"},"status":"1"}}
status code :200
response body :{"response":{"data":{"message":"Successfully Updated the Booking amount"},"status":"1"}}
status code :200
response body :{"response":{"data":{"message":"Successfully Updated the Booking amount"},"status":"1"}}
status code :200
response body :{"response":{"data":{"message":"Successfully Updated the Booking amount"},"status":"1"}}
status code :200
response body :{"response":{"data":{"message":"Successfully Updated the Booking amount"},"status":"1"}}
status code :200
response body :{"response":{"data":{"message":"Successfully Updated the Booking amount"},"status":"1"}}
status code :200
response body :{"response":{"data":{"message":"Successfully Updated the Booking amount"},"status":"1"}}
status code :200
response body :{"response":{"data":{"message":"Successfully Updated the Booking amount"},"status":"1"}}
status code :200
response body :{"response":{"data":{"message":"Successfully Updated the Booking amount"},"status":"1"}}
status code :200
response body :{"response":{"data":{"message":"Successfully Updated the Booking amount"},"status":"1"}}
status code :200
response body :{"response":{"data":{"message":"Successfully Updated the Booking amount"},"status":"1"}}
status code :200
response body :{"response":{"data":{"message":"Successfully Updated the Booking amount"},"status":"1"}}
status code :200
response body :{"response":{"data":{"message":"Successfully Updated the Booking amount"},"status":"1"}}
status code :200
response body :{"response":{"data":{"message":"Successfully Updated the Booking amount"},"status":"1"}}
status code :200
response body :{"response":{"data":{"message":"Successfully Updated the Booking amount"},"status":"1"}}
status code :200
response body :{"response":{"data":{"message":"Successfully Updated the Booking amount"},"status":"1"}}
status code :200
response body :{"response":{"data":{"message":"Successfully Updated the Booking amount"},"status":"1"}}
status code :200
response body :{"response":{"data":{"message":"Successfully Updated the Booking amount"},"status":"1"}}
status code :200
response body :{"response":{"data":{"message":"Successfully Updated the Booking amount"},"status":"1"}}
status code :200
response body :{"response":{"data":{"message":"Successfully Updated the Booking amount"},"status":"1"}}
status code :200
response body :{"response":{"data":{"message":"Successfully Updated the Booking amount"},"status":"1"}}
status code :200
response body :{"response":{"data":{"message":"Successfully Updated the Booking amount"},"status":"1"}}
status code :200
response body :{"response":{"data":{"message":"Successfully Updated the Booking amount"},"status":"1"}}
status code :200
response body :{"response":{"data":{"message":"Successfully Updated the Booking amount"},"status":"1"}}
status code :200
response body :{"response":{"data":{"message":"Successfully Updated the Booking amount"},"status":"1"}}
status code :200
response body :{"response":{"data":{"message":"Successfully Updated the Booking amount"},"status":"1"}}
status code :200
response body :{"response":{"data":{"message":"Successfully Updated the Booking amount"},"status":"1"}}
status code :200
response body :{"response":{"data":{"message":"Successfully Updated the Booking amount"},"status":"1"}}
status code :200
response body :{"response":{"data":{"message":"Successfully Updated the Booking amount"},"status":"1"}}
status code :200
response body :{"response":{"data":{"message":"Successfully Updated the Booking amount"},"status":"1"}}
status code :200
response body :{"response":{"data":{"message":"Successfully Updated the Booking amount"},"status":"1"}}
status code :200
response body :{"response":{"data":{"message":"Successfully Updated the Booking amount"},"status":"1"}}
status code :200
response body :{"response":{"data":{"message":"Successfully Updated the Booking amount"},"status":"1"}}
status code :200
response body :{"response":{"data":{"message":"Successfully Updated the Booking amount"},"status":"1"}}
status code :200
response body :{"response":{"data":{"message":"Successfully Updated the Booking amount"},"status":"1"}}
status code :200
response body :{"response":{"data":{"message":"Convert as booking threshold days limit not matched!"},"status":"0"}}
status code :200
response body :{"response":{"data":{"message":"Convert as booking threshold days limit not matched!"},"status":"0"}}
status code :200
response body :{"response":{"data":{"message":"Convert as booking threshold days limit not matched!"},"status":"0"}}
status code :200
response body :{"response":{"data":{"message":"Convert as booking threshold days limit not matched!"},"status":"0"}}
status code :200
response body :{"response":{"data":{"message":"Convert as booking threshold days limit not matched!"},"status":"0"}}
status code :200
response body :{"response":{"data":{"message":"Convert as booking threshold days limit not matched!"},"status":"0"}}
status code :200
response body :{"response":{"data":{"message":"Convert as booking threshold days limit not matched!"},"status":"0"}}
status code :200
response body :{"response":{"data":{"message":"Convert as booking threshold days limit not matched!"},"status":"0"}}
status code :200
response body :{"response":{"data":{"message":"Convert as booking threshold days limit not matched!"},"status":"0"}}
status code :200
response body :{"response":{"data":{"message":"Convert as booking threshold days limit not matched!"},"status":"0"}}
status code :200
response body :{"response":{"data":{"message":"Convert as booking threshold days limit not matched!"},"status":"0"}}
status code :200
response body :{"response":{"data":{"message":"Convert as booking threshold days limit not matched!"},"status":"0"}}
status code :200
response body :{"response":{"data":{"message":"Convert as booking threshold days limit not matched!"},"status":"0"}}
status code :200
response body :{"response":{"data":{"message":"Convert as booking threshold days limit not matched!"},"status":"0"}}
status code :200
response body :{"response":{"data":{"message":"Convert as booking threshold days limit not matched!"},"status":"0"}}
status code :200
response body :{"response":{"data":{"message":"Convert as booking threshold days limit not matched!"},"status":"0"}}
status code :200
response body :{"response":{"data":{"message":"Convert as booking threshold days limit not matched!"},"status":"0"}}
status code :200
response body :{"response":{"data":{"message":"Convert as booking threshold days limit not matched!"},"status":"0"}}
status code :200
response body :{"response":{"data":{"message":"Convert as booking threshold days limit not matched!"},"status":"0"}}
status code :200
response body :{"response":{"data":{"message":"Convert as booking threshold days limit not matched!"},"status":"0"}}
status code :200
response body :{"response":{"data":{"message":"Convert as booking threshold days limit not matched!"},"status":"0"}}
status code :200
response body :{"response":{"data":{"message":"Convert as booking threshold days limit not matched!"},"status":"0"}}
status code :200
response body :{"response":{"data":{"message":"Convert as booking threshold days limit not matched!"},"status":"0"}}
status code :200
response body :{"response":{"data":{"message":"Convert as booking threshold days limit not matched!"},"status":"0"}}
status code :200
response body :{"response":{"data":{"message":"Convert as booking threshold days limit not matched!"},"status":"0"}}
status code :200
response body :{"response":{"data":{"message":"Convert as booking threshold days limit not matched!"},"status":"0"}}
status code :200
response body :{"response":{"data":{"message":"Convert as booking threshold days limit not matched!"},"status":"0"}}
status code :200
response body :{"response":{"data":{"message":"Convert as booking threshold days limit not matched!"},"status":"0"}}
status code :200
response body :{"response":{"data":{"message":"Convert as booking threshold days limit not matched!"},"status":"0"}}
status code :200
response body :{"response":{"data":{"message":"Convert as booking threshold days limit not matched!"},"status":"0"}}
status code :200
response body :{"response":{"data":{"message":"Convert as booking threshold days limit not matched!"},"status":"0"}}
status code :200
response body :{"response":{"data":{"message":"Convert as booking threshold days limit not matched!"},"status":"0"}}
]]></system-out>
    <system-err><![CDATA[SLF4J: Failed to load class "org.slf4j.impl.StaticLoggerBinder".
SLF4J: Defaulting to no-operation (NOP) logger implementation
SLF4J: See http://www.slf4j.org/codes.html#StaticLoggerBinder for further details.
Starting ChromeDriver 98.0.4758.102 (273bf7ac8c909cde36982d27f66f3c70846a3718-refs/branch-heads/4758@{#1151}) on port 7884
Only local connections are allowed.
Please see https://chromedriver.chromium.org/security-considerations for suggestions on keeping ChromeDriver safe.
ChromeDriver was started successfully.
Feb 27, 2022 2:14:00 PM org.openqa.selenium.remote.ProtocolHandshake createSession
INFO: Detected dialect: W3C
]]></system-err>
  </testcase>
</testsuite>