<?xml version="1.0" encoding="UTF-8"?>
<testsuite xmlns:xsi="http://www.w3.org/2001/XMLSchema-instance" xsi:noNamespaceSchemaLocation="https://maven.apache.org/surefire/maven-surefire-plugin/xsd/surefire-test-report-3.0.xsd" version="3.0" name="TestSuite" time="217.162" tests="1" errors="0" skipped="0" failures="0">
  <properties>
    <property name="sun.desktop" value="windows"/>
    <property name="awt.toolkit" value="sun.awt.windows.WToolkit"/>
    <property name="file.encoding.pkg" value="sun.io"/>
    <property name="java.specification.version" value="1.8"/>
    <property name="webdriver.chrome.driver" value="C:\Users\Murugan\.cache\selenium\chromedriver\win32\98.0.4758.102\chromedriver.exe"/>
    <property name="sun.cpu.isalist" value="amd64"/>
    <property name="sun.jnu.encoding" value="Cp1252"/>
    <property name="java.class.path" value="D:\Program\Amazon_Relay_TR\target\test-classes;D:\Program\Amazon_Relay_TR\target\classes;C:\Users\Murugan\.m2\repository\org\seleniumhq\selenium\selenium-java\3.141.59\selenium-java-3.141.59.jar;C:\Users\Murugan\.m2\repository\org\seleniumhq\selenium\selenium-api\3.141.59\selenium-api-3.141.59.jar;C:\Users\Murugan\.m2\repository\org\seleniumhq\selenium\selenium-chrome-driver\3.141.59\selenium-chrome-driver-3.141.59.jar;C:\Users\Murugan\.m2\repository\org\seleniumhq\selenium\selenium-edge-driver\3.141.59\selenium-edge-driver-3.141.59.jar;C:\Users\Murugan\.m2\repository\org\seleniumhq\selenium\selenium-firefox-driver\3.141.59\selenium-firefox-driver-3.141.59.jar;C:\Users\Murugan\.m2\repository\org\seleniumhq\selenium\selenium-ie-driver\3.141.59\selenium-ie-driver-3.141.59.jar;C:\Users\Murugan\.m2\repository\org\seleniumhq\selenium\selenium-opera-driver\3.141.59\selenium-opera-driver-3.141.59.jar;C:\Users\Murugan\.m2\repository\org\seleniumhq\selenium\selenium-remote-driver\3.141.59\selenium-remote-driver-3.141.59.jar;C:\Users\Murugan\.m2\repository\org\seleniumhq\selenium\selenium-safari-driver\3.141.59\selenium-safari-driver-3.141.59.jar;C:\Users\Murugan\.m2\repository\org\seleniumhq\selenium\selenium-support\3.141.59\selenium-support-3.141.59.jar;C:\Users\Murugan\.m2\repository\net\bytebuddy\byte-buddy\1.8.15\byte-buddy-1.8.15.jar;C:\Users\Murugan\.m2\repository\org\apache\commons\commons-exec\1.3\commons-exec-1.3.jar;C:\Users\Murugan\.m2\repository\com\google\guava\guava\25.0-jre\guava-25.0-jre.jar;C:\Users\Murugan\.m2\repository\com\google\code\findbugs\jsr305\1.3.9\jsr305-1.3.9.jar;C:\Users\Murugan\.m2\repository\org\checkerframework\checker-compat-qual\2.0.0\checker-compat-qual-2.0.0.jar;C:\Users\Murugan\.m2\repository\com\google\errorprone\error_prone_annotations\2.1.3\error_prone_annotations-2.1.3.jar;C:\Users\Murugan\.m2\repository\com\google\j2objc\j2objc-annotations\1.1\j2objc-annotations-1.1.jar;C:\Users\Murugan\.m2\repository\org\codehaus\mojo\animal-sniffer-annotations\1.14\animal-sniffer-annotations-1.14.jar;C:\Users\Murugan\.m2\repository\com\squareup\okhttp3\okhttp\3.11.0\okhttp-3.11.0.jar;C:\Users\Murugan\.m2\repository\com\squareup\okio\okio\1.14.0\okio-1.14.0.jar;C:\Users\Murugan\.m2\repository\io\github\bonigarcia\webdrivermanager\4.4.0\webdrivermanager-4.4.0.jar;C:\Users\Murugan\.m2\repository\org\slf4j\slf4j-api\1.7.30\slf4j-api-1.7.30.jar;C:\Users\Murugan\.m2\repository\commons-io\commons-io\2.8.0\commons-io-2.8.0.jar;C:\Users\Murugan\.m2\repository\com\google\code\gson\gson\2.8.6\gson-2.8.6.jar;C:\Users\Murugan\.m2\repository\org\apache\commons\commons-lang3\3.12.0\commons-lang3-3.12.0.jar;C:\Users\Murugan\.m2\repository\org\apache\httpcomponents\client5\httpclient5\5.0.3\httpclient5-5.0.3.jar;C:\Users\Murugan\.m2\repository\org\apache\httpcomponents\core5\httpcore5\5.0.2\httpcore5-5.0.2.jar;C:\Users\Murugan\.m2\repository\org\apache\httpcomponents\core5\httpcore5-h2\5.0.2\httpcore5-h2-5.0.2.jar;C:\Users\Murugan\.m2\repository\org\rauschig\jarchivelib\1.1.0\jarchivelib-1.1.0.jar;C:\Users\Murugan\.m2\repository\org\jsoup\jsoup\1.13.1\jsoup-1.13.1.jar;C:\Users\Murugan\.m2\repository\org\testng\testng\6.14.3\testng-6.14.3.jar;C:\Users\Murugan\.m2\repository\org\apache-extras\beanshell\bsh\2.0b6\bsh-2.0b6.jar;C:\Users\Murugan\.m2\repository\com\beust\jcommander\1.72\jcommander-1.72.jar;C:\Users\Murugan\.m2\repository\junit\junit\4.12\junit-4.12.jar;C:\Users\Murugan\.m2\repository\org\hamcrest\hamcrest-core\1.3\hamcrest-core-1.3.jar;C:\Users\Murugan\.m2\repository\org\hamcrest\hamcrest-all\1.3\hamcrest-all-1.3.jar;C:\Users\Murugan\.m2\repository\io\rest-assured\rest-assured\4.3.0\rest-assured-4.3.0.jar;C:\Users\Murugan\.m2\repository\org\codehaus\groovy\groovy\3.0.2\groovy-3.0.2.jar;C:\Users\Murugan\.m2\repository\org\codehaus\groovy\groovy-xml\3.0.2\groovy-xml-3.0.2.jar;C:\Users\Murugan\.m2\repository\org\apache\httpcomponents\httpclient\4.5.3\httpclient-4.5.3.jar;C:\Users\Murugan\.m2\repository\org\apache\httpcomponents\httpcore\4.4.6\httpcore-4.4.6.jar;C:\Users\Murugan\.m2\repository\commons-logging\commons-logging\1.2\commons-logging-1.2.jar;C:\Users\Murugan\.m2\repository\org\apache\httpcomponents\httpmime\4.5.3\httpmime-4.5.3.jar;C:\Users\Murugan\.m2\repository\org\hamcrest\hamcrest\2.1\hamcrest-2.1.jar;C:\Users\Murugan\.m2\repository\org\ccil\cowan\tagsoup\tagsoup\1.2.1\tagsoup-1.2.1.jar;C:\Users\Murugan\.m2\repository\io\rest-assured\json-path\4.3.0\json-path-4.3.0.jar;C:\Users\Murugan\.m2\repository\org\codehaus\groovy\groovy-json\3.0.2\groovy-json-3.0.2.jar;C:\Users\Murugan\.m2\repository\io\rest-assured\rest-assured-common\4.3.0\rest-assured-common-4.3.0.jar;C:\Users\Murugan\.m2\repository\io\rest-assured\xml-path\4.3.0\xml-path-4.3.0.jar;C:\Users\Murugan\.m2\repository\jakarta\xml\bind\jakarta.xml.bind-api\2.3.2\jakarta.xml.bind-api-2.3.2.jar;C:\Users\Murugan\.m2\repository\jakarta\activation\jakarta.activation-api\1.2.1\jakarta.activation-api-1.2.1.jar;C:\Users\Murugan\.m2\repository\com\sun\xml\bind\jaxb-osgi\2.3.0.1\jaxb-osgi-2.3.0.1.jar;C:\Users\Murugan\.m2\repository\org\apache\sling\org.apache.sling.javax.activation\0.1.0\org.apache.sling.javax.activation-0.1.0.jar;C:\Users\Murugan\.m2\repository\javax\activation\activation\1.1.1\activation-1.1.1.jar;C:\Users\Murugan\.m2\repository\com\googlecode\json-simple\json-simple\1.1.1\json-simple-1.1.1.jar;C:\Users\Murugan\.m2\repository\com\mashape\unirest\unirest-java\1.4.9\unirest-java-1.4.9.jar;C:\Users\Murugan\.m2\repository\org\apache\httpcomponents\httpasyncclient\4.1.1\httpasyncclient-4.1.1.jar;C:\Users\Murugan\.m2\repository\org\apache\httpcomponents\httpcore-nio\4.4.4\httpcore-nio-4.4.4.jar;C:\Users\Murugan\.m2\repository\org\json\json\20160212\json-20160212.jar;C:\Users\Murugan\.m2\repository\org\apache\poi\poi\5.0.0\poi-5.0.0.jar;C:\Users\Murugan\.m2\repository\org\slf4j\jcl-over-slf4j\1.7.30\jcl-over-slf4j-1.7.30.jar;C:\Users\Murugan\.m2\repository\commons-codec\commons-codec\1.15\commons-codec-1.15.jar;C:\Users\Murugan\.m2\repository\org\apache\commons\commons-collections4\4.4\commons-collections4-4.4.jar;C:\Users\Murugan\.m2\repository\org\apache\commons\commons-math3\3.6.1\commons-math3-3.6.1.jar;C:\Users\Murugan\.m2\repository\com\zaxxer\SparseBitSet\1.2\SparseBitSet-1.2.jar;C:\Users\Murugan\.m2\repository\org\apache\poi\poi-ooxml\5.0.0\poi-ooxml-5.0.0.jar;C:\Users\Murugan\.m2\repository\org\apache\poi\poi-ooxml-lite\5.0.0\poi-ooxml-lite-5.0.0.jar;C:\Users\Murugan\.m2\repository\org\apache\xmlbeans\xmlbeans\4.0.0\xmlbeans-4.0.0.jar;C:\Users\Murugan\.m2\repository\xml-apis\xml-apis\1.4.01\xml-apis-1.4.01.jar;C:\Users\Murugan\.m2\repository\org\apache\commons\commons-compress\1.20\commons-compress-1.20.jar;C:\Users\Murugan\.m2\repository\com\github\virtuald\curvesapi\1.06\curvesapi-1.06.jar;C:\Users\Murugan\.m2\repository\org\bouncycastle\bcpkix-jdk15on\1.68\bcpkix-jdk15on-1.68.jar;C:\Users\Murugan\.m2\repository\org\bouncycastle\bcprov-jdk15on\1.68\bcprov-jdk15on-1.68.jar;C:\Users\Murugan\.m2\repository\org\apache\santuario\xmlsec\2.2.1\xmlsec-2.2.1.jar;C:\Users\Murugan\.m2\repository\com\fasterxml\woodstox\woodstox-core\5.2.1\woodstox-core-5.2.1.jar;C:\Users\Murugan\.m2\repository\org\codehaus\woodstox\stax2-api\4.2\stax2-api-4.2.jar;C:\Users\Murugan\.m2\repository\org\apache\xmlgraphics\batik-all\1.13\batik-all-1.13.jar;C:\Users\Murugan\.m2\repository\org\apache\xmlgraphics\batik-anim\1.13\batik-anim-1.13.jar;C:\Users\Murugan\.m2\repository\org\apache\xmlgraphics\batik-shared-resources\1.13\batik-shared-resources-1.13.jar;C:\Users\Murugan\.m2\repository\xml-apis\xml-apis-ext\1.3.04\xml-apis-ext-1.3.04.jar;C:\Users\Murugan\.m2\repository\org\apache\xmlgraphics\batik-awt-util\1.13\batik-awt-util-1.13.jar;C:\Users\Murugan\.m2\repository\org\apache\xmlgraphics\xmlgraphics-commons\2.4\xmlgraphics-commons-2.4.jar;C:\Users\Murugan\.m2\repository\org\apache\xmlgraphics\batik-bridge\1.13\batik-bridge-1.13.jar;C:\Users\Murugan\.m2\repository\org\apache\xmlgraphics\batik-codec\1.13\batik-codec-1.13.jar;C:\Users\Murugan\.m2\repository\org\apache\xmlgraphics\batik-constants\1.13\batik-constants-1.13.jar;C:\Users\Murugan\.m2\repository\org\apache\xmlgraphics\batik-css\1.13\batik-css-1.13.jar;C:\Users\Murugan\.m2\repository\org\apache\xmlgraphics\batik-dom\1.13\batik-dom-1.13.jar;C:\Users\Murugan\.m2\repository\xalan\xalan\2.7.2\xalan-2.7.2.jar;C:\Users\Murugan\.m2\repository\xalan\serializer\2.7.2\serializer-2.7.2.jar;C:\Users\Murugan\.m2\repository\org\apache\xmlgraphics\batik-ext\1.13\batik-ext-1.13.jar;C:\Users\Murugan\.m2\repository\org\apache\xmlgraphics\batik-extension\1.13\batik-extension-1.13.jar;C:\Users\Murugan\.m2\repository\org\apache\xmlgraphics\batik-gui-util\1.13\batik-gui-util-1.13.jar;C:\Users\Murugan\.m2\repository\org\apache\xmlgraphics\batik-gvt\1.13\batik-gvt-1.13.jar;C:\Users\Murugan\.m2\repository\org\apache\xmlgraphics\batik-i18n\1.13\batik-i18n-1.13.jar;C:\Users\Murugan\.m2\repository\org\apache\xmlgraphics\batik-parser\1.13\batik-parser-1.13.jar;C:\Users\Murugan\.m2\repository\org\apache\xmlgraphics\batik-rasterizer-ext\1.13\batik-rasterizer-ext-1.13.jar;C:\Users\Murugan\.m2\repository\org\apache\xmlgraphics\batik-rasterizer\1.13\batik-rasterizer-1.13.jar;C:\Users\Murugan\.m2\repository\org\apache\xmlgraphics\batik-script\1.13\batik-script-1.13.jar;C:\Users\Murugan\.m2\repository\org\apache\xmlgraphics\batik-slideshow\1.13\batik-slideshow-1.13.jar;C:\Users\Murugan\.m2\repository\org\apache\xmlgraphics\batik-squiggle-ext\1.13\batik-squiggle-ext-1.13.jar;C:\Users\Murugan\.m2\repository\org\apache\xmlgraphics\batik-squiggle\1.13\batik-squiggle-1.13.jar;C:\Users\Murugan\.m2\repository\org\apache\xmlgraphics\batik-svg-dom\1.13\batik-svg-dom-1.13.jar;C:\Users\Murugan\.m2\repository\org\apache\xmlgraphics\batik-svgbrowser\1.13\batik-svgbrowser-1.13.jar;C:\Users\Murugan\.m2\repository\org\apache\xmlgraphics\batik-svggen\1.13\batik-svggen-1.13.jar;C:\Users\Murugan\.m2\repository\org\apache\xmlgraphics\batik-svgpp\1.13\batik-svgpp-1.13.jar;C:\Users\Murugan\.m2\repository\org\apache\xmlgraphics\batik-svgrasterizer\1.13\batik-svgrasterizer-1.13.jar;C:\Users\Murugan\.m2\repository\org\apache\xmlgraphics\batik-swing\1.13\batik-swing-1.13.jar;C:\Users\Murugan\.m2\repository\org\apache\xmlgraphics\batik-transcoder\1.13\batik-transcoder-1.13.jar;C:\Users\Murugan\.m2\repository\org\apache\xmlgraphics\batik-util\1.13\batik-util-1.13.jar;C:\Users\Murugan\.m2\repository\org\apache\xmlgraphics\batik-ttf2svg\1.13\batik-ttf2svg-1.13.jar;C:\Users\Murugan\.m2\repository\org\apache\xmlgraphics\batik-xml\1.13\batik-xml-1.13.jar;C:\Users\Murugan\.m2\repository\de\rototor\pdfbox\graphics2d\0.30\graphics2d-0.30.jar;C:\Users\Murugan\.m2\repository\org\apache\pdfbox\pdfbox\2.0.22\pdfbox-2.0.22.jar;C:\Users\Murugan\.m2\repository\org\apache\pdfbox\fontbox\2.0.22\fontbox-2.0.22.jar;"/>
    <property name="java.vm.vendor" value="Oracle Corporation"/>
    <property name="sun.arch.data.model" value="64"/>
    <property name="user.variant" value=""/>
    <property name="java.vendor.url" value="http://java.oracle.com/"/>
    <property name="user.timezone" value="Asia/Calcutta"/>
    <property name="java.vm.specification.version" value="1.8"/>
    <property name="os.name" value="Windows 10"/>
    <property name="user.country" value="US"/>
    <property name="sun.java.launcher" value="SUN_STANDARD"/>
    <property name="sun.boot.library.path" value="C:\Program Files\Java\jre1.8.0_281\bin"/>
    <property name="sun.java.command" value="C:\Users\Murugan\AppData\Local\Temp\surefire5821286083369711634\surefirebooter8255169415369632864.jar C:\Users\Murugan\AppData\Local\Temp\surefire5821286083369711634 2022-02-25T11-28-55_378-jvmRun1 surefire7561003568239501413tmp surefire_05035015345817865767tmp"/>
    <property name="surefire.test.class.path" value="D:\Program\Amazon_Relay_TR\target\test-classes;D:\Program\Amazon_Relay_TR\target\classes;C:\Users\Murugan\.m2\repository\org\seleniumhq\selenium\selenium-java\3.141.59\selenium-java-3.141.59.jar;C:\Users\Murugan\.m2\repository\org\seleniumhq\selenium\selenium-api\3.141.59\selenium-api-3.141.59.jar;C:\Users\Murugan\.m2\repository\org\seleniumhq\selenium\selenium-chrome-driver\3.141.59\selenium-chrome-driver-3.141.59.jar;C:\Users\Murugan\.m2\repository\org\seleniumhq\selenium\selenium-edge-driver\3.141.59\selenium-edge-driver-3.141.59.jar;C:\Users\Murugan\.m2\repository\org\seleniumhq\selenium\selenium-firefox-driver\3.141.59\selenium-firefox-driver-3.141.59.jar;C:\Users\Murugan\.m2\repository\org\seleniumhq\selenium\selenium-ie-driver\3.141.59\selenium-ie-driver-3.141.59.jar;C:\Users\Murugan\.m2\repository\org\seleniumhq\selenium\selenium-opera-driver\3.141.59\selenium-opera-driver-3.141.59.jar;C:\Users\Murugan\.m2\repository\org\seleniumhq\selenium\selenium-remote-driver\3.141.59\selenium-remote-driver-3.141.59.jar;C:\Users\Murugan\.m2\repository\org\seleniumhq\selenium\selenium-safari-driver\3.141.59\selenium-safari-driver-3.141.59.jar;C:\Users\Murugan\.m2\repository\org\seleniumhq\selenium\selenium-support\3.141.59\selenium-support-3.141.59.jar;C:\Users\Murugan\.m2\repository\net\bytebuddy\byte-buddy\1.8.15\byte-buddy-1.8.15.jar;C:\Users\Murugan\.m2\repository\org\apache\commons\commons-exec\1.3\commons-exec-1.3.jar;C:\Users\Murugan\.m2\repository\com\google\guava\guava\25.0-jre\guava-25.0-jre.jar;C:\Users\Murugan\.m2\repository\com\google\code\findbugs\jsr305\1.3.9\jsr305-1.3.9.jar;C:\Users\Murugan\.m2\repository\org\checkerframework\checker-compat-qual\2.0.0\checker-compat-qual-2.0.0.jar;C:\Users\Murugan\.m2\repository\com\google\errorprone\error_prone_annotations\2.1.3\error_prone_annotations-2.1.3.jar;C:\Users\Murugan\.m2\repository\com\google\j2objc\j2objc-annotations\1.1\j2objc-annotations-1.1.jar;C:\Users\Murugan\.m2\repository\org\codehaus\mojo\animal-sniffer-annotations\1.14\animal-sniffer-annotations-1.14.jar;C:\Users\Murugan\.m2\repository\com\squareup\okhttp3\okhttp\3.11.0\okhttp-3.11.0.jar;C:\Users\Murugan\.m2\repository\com\squareup\okio\okio\1.14.0\okio-1.14.0.jar;C:\Users\Murugan\.m2\repository\io\github\bonigarcia\webdrivermanager\4.4.0\webdrivermanager-4.4.0.jar;C:\Users\Murugan\.m2\repository\org\slf4j\slf4j-api\1.7.30\slf4j-api-1.7.30.jar;C:\Users\Murugan\.m2\repository\commons-io\commons-io\2.8.0\commons-io-2.8.0.jar;C:\Users\Murugan\.m2\repository\com\google\code\gson\gson\2.8.6\gson-2.8.6.jar;C:\Users\Murugan\.m2\repository\org\apache\commons\commons-lang3\3.12.0\commons-lang3-3.12.0.jar;C:\Users\Murugan\.m2\repository\org\apache\httpcomponents\client5\httpclient5\5.0.3\httpclient5-5.0.3.jar;C:\Users\Murugan\.m2\repository\org\apache\httpcomponents\core5\httpcore5\5.0.2\httpcore5-5.0.2.jar;C:\Users\Murugan\.m2\repository\org\apache\httpcomponents\core5\httpcore5-h2\5.0.2\httpcore5-h2-5.0.2.jar;C:\Users\Murugan\.m2\repository\org\rauschig\jarchivelib\1.1.0\jarchivelib-1.1.0.jar;C:\Users\Murugan\.m2\repository\org\jsoup\jsoup\1.13.1\jsoup-1.13.1.jar;C:\Users\Murugan\.m2\repository\org\testng\testng\6.14.3\testng-6.14.3.jar;C:\Users\Murugan\.m2\repository\org\apache-extras\beanshell\bsh\2.0b6\bsh-2.0b6.jar;C:\Users\Murugan\.m2\repository\com\beust\jcommander\1.72\jcommander-1.72.jar;C:\Users\Murugan\.m2\repository\junit\junit\4.12\junit-4.12.jar;C:\Users\Murugan\.m2\repository\org\hamcrest\hamcrest-core\1.3\hamcrest-core-1.3.jar;C:\Users\Murugan\.m2\repository\org\hamcrest\hamcrest-all\1.3\hamcrest-all-1.3.jar;C:\Users\Murugan\.m2\repository\io\rest-assured\rest-assured\4.3.0\rest-assured-4.3.0.jar;C:\Users\Murugan\.m2\repository\org\codehaus\groovy\groovy\3.0.2\groovy-3.0.2.jar;C:\Users\Murugan\.m2\repository\org\codehaus\groovy\groovy-xml\3.0.2\groovy-xml-3.0.2.jar;C:\Users\Murugan\.m2\repository\org\apache\httpcomponents\httpclient\4.5.3\httpclient-4.5.3.jar;C:\Users\Murugan\.m2\repository\org\apache\httpcomponents\httpcore\4.4.6\httpcore-4.4.6.jar;C:\Users\Murugan\.m2\repository\commons-logging\commons-logging\1.2\commons-logging-1.2.jar;C:\Users\Murugan\.m2\repository\org\apache\httpcomponents\httpmime\4.5.3\httpmime-4.5.3.jar;C:\Users\Murugan\.m2\repository\org\hamcrest\hamcrest\2.1\hamcrest-2.1.jar;C:\Users\Murugan\.m2\repository\org\ccil\cowan\tagsoup\tagsoup\1.2.1\tagsoup-1.2.1.jar;C:\Users\Murugan\.m2\repository\io\rest-assured\json-path\4.3.0\json-path-4.3.0.jar;C:\Users\Murugan\.m2\repository\org\codehaus\groovy\groovy-json\3.0.2\groovy-json-3.0.2.jar;C:\Users\Murugan\.m2\repository\io\rest-assured\rest-assured-common\4.3.0\rest-assured-common-4.3.0.jar;C:\Users\Murugan\.m2\repository\io\rest-assured\xml-path\4.3.0\xml-path-4.3.0.jar;C:\Users\Murugan\.m2\repository\jakarta\xml\bind\jakarta.xml.bind-api\2.3.2\jakarta.xml.bind-api-2.3.2.jar;C:\Users\Murugan\.m2\repository\jakarta\activation\jakarta.activation-api\1.2.1\jakarta.activation-api-1.2.1.jar;C:\Users\Murugan\.m2\repository\com\sun\xml\bind\jaxb-osgi\2.3.0.1\jaxb-osgi-2.3.0.1.jar;C:\Users\Murugan\.m2\repository\org\apache\sling\org.apache.sling.javax.activation\0.1.0\org.apache.sling.javax.activation-0.1.0.jar;C:\Users\Murugan\.m2\repository\javax\activation\activation\1.1.1\activation-1.1.1.jar;C:\Users\Murugan\.m2\repository\com\googlecode\json-simple\json-simple\1.1.1\json-simple-1.1.1.jar;C:\Users\Murugan\.m2\repository\com\mashape\unirest\unirest-java\1.4.9\unirest-java-1.4.9.jar;C:\Users\Murugan\.m2\repository\org\apache\httpcomponents\httpasyncclient\4.1.1\httpasyncclient-4.1.1.jar;C:\Users\Murugan\.m2\repository\org\apache\httpcomponents\httpcore-nio\4.4.4\httpcore-nio-4.4.4.jar;C:\Users\Murugan\.m2\repository\org\json\json\20160212\json-20160212.jar;C:\Users\Murugan\.m2\repository\org\apache\poi\poi\5.0.0\poi-5.0.0.jar;C:\Users\Murugan\.m2\repository\org\slf4j\jcl-over-slf4j\1.7.30\jcl-over-slf4j-1.7.30.jar;C:\Users\Murugan\.m2\repository\commons-codec\commons-codec\1.15\commons-codec-1.15.jar;C:\Users\Murugan\.m2\repository\org\apache\commons\commons-collections4\4.4\commons-collections4-4.4.jar;C:\Users\Murugan\.m2\repository\org\apache\commons\commons-math3\3.6.1\commons-math3-3.6.1.jar;C:\Users\Murugan\.m2\repository\com\zaxxer\SparseBitSet\1.2\SparseBitSet-1.2.jar;C:\Users\Murugan\.m2\repository\org\apache\poi\poi-ooxml\5.0.0\poi-ooxml-5.0.0.jar;C:\Users\Murugan\.m2\repository\org\apache\poi\poi-ooxml-lite\5.0.0\poi-ooxml-lite-5.0.0.jar;C:\Users\Murugan\.m2\repository\org\apache\xmlbeans\xmlbeans\4.0.0\xmlbeans-4.0.0.jar;C:\Users\Murugan\.m2\repository\xml-apis\xml-apis\1.4.01\xml-apis-1.4.01.jar;C:\Users\Murugan\.m2\repository\org\apache\commons\commons-compress\1.20\commons-compress-1.20.jar;C:\Users\Murugan\.m2\repository\com\github\virtuald\curvesapi\1.06\curvesapi-1.06.jar;C:\Users\Murugan\.m2\repository\org\bouncycastle\bcpkix-jdk15on\1.68\bcpkix-jdk15on-1.68.jar;C:\Users\Murugan\.m2\repository\org\bouncycastle\bcprov-jdk15on\1.68\bcprov-jdk15on-1.68.jar;C:\Users\Murugan\.m2\repository\org\apache\santuario\xmlsec\2.2.1\xmlsec-2.2.1.jar;C:\Users\Murugan\.m2\repository\com\fasterxml\woodstox\woodstox-core\5.2.1\woodstox-core-5.2.1.jar;C:\Users\Murugan\.m2\repository\org\codehaus\woodstox\stax2-api\4.2\stax2-api-4.2.jar;C:\Users\Murugan\.m2\repository\org\apache\xmlgraphics\batik-all\1.13\batik-all-1.13.jar;C:\Users\Murugan\.m2\repository\org\apache\xmlgraphics\batik-anim\1.13\batik-anim-1.13.jar;C:\Users\Murugan\.m2\repository\org\apache\xmlgraphics\batik-shared-resources\1.13\batik-shared-resources-1.13.jar;C:\Users\Murugan\.m2\repository\xml-apis\xml-apis-ext\1.3.04\xml-apis-ext-1.3.04.jar;C:\Users\Murugan\.m2\repository\org\apache\xmlgraphics\batik-awt-util\1.13\batik-awt-util-1.13.jar;C:\Users\Murugan\.m2\repository\org\apache\xmlgraphics\xmlgraphics-commons\2.4\xmlgraphics-commons-2.4.jar;C:\Users\Murugan\.m2\repository\org\apache\xmlgraphics\batik-bridge\1.13\batik-bridge-1.13.jar;C:\Users\Murugan\.m2\repository\org\apache\xmlgraphics\batik-codec\1.13\batik-codec-1.13.jar;C:\Users\Murugan\.m2\repository\org\apache\xmlgraphics\batik-constants\1.13\batik-constants-1.13.jar;C:\Users\Murugan\.m2\repository\org\apache\xmlgraphics\batik-css\1.13\batik-css-1.13.jar;C:\Users\Murugan\.m2\repository\org\apache\xmlgraphics\batik-dom\1.13\batik-dom-1.13.jar;C:\Users\Murugan\.m2\repository\xalan\xalan\2.7.2\xalan-2.7.2.jar;C:\Users\Murugan\.m2\repository\xalan\serializer\2.7.2\serializer-2.7.2.jar;C:\Users\Murugan\.m2\repository\org\apache\xmlgraphics\batik-ext\1.13\batik-ext-1.13.jar;C:\Users\Murugan\.m2\repository\org\apache\xmlgraphics\batik-extension\1.13\batik-extension-1.13.jar;C:\Users\Murugan\.m2\repository\org\apache\xmlgraphics\batik-gui-util\1.13\batik-gui-util-1.13.jar;C:\Users\Murugan\.m2\repository\org\apache\xmlgraphics\batik-gvt\1.13\batik-gvt-1.13.jar;C:\Users\Murugan\.m2\repository\org\apache\xmlgraphics\batik-i18n\1.13\batik-i18n-1.13.jar;C:\Users\Murugan\.m2\repository\org\apache\xmlgraphics\batik-parser\1.13\batik-parser-1.13.jar;C:\Users\Murugan\.m2\repository\org\apache\xmlgraphics\batik-rasterizer-ext\1.13\batik-rasterizer-ext-1.13.jar;C:\Users\Murugan\.m2\repository\org\apache\xmlgraphics\batik-rasterizer\1.13\batik-rasterizer-1.13.jar;C:\Users\Murugan\.m2\repository\org\apache\xmlgraphics\batik-script\1.13\batik-script-1.13.jar;C:\Users\Murugan\.m2\repository\org\apache\xmlgraphics\batik-slideshow\1.13\batik-slideshow-1.13.jar;C:\Users\Murugan\.m2\repository\org\apache\xmlgraphics\batik-squiggle-ext\1.13\batik-squiggle-ext-1.13.jar;C:\Users\Murugan\.m2\repository\org\apache\xmlgraphics\batik-squiggle\1.13\batik-squiggle-1.13.jar;C:\Users\Murugan\.m2\repository\org\apache\xmlgraphics\batik-svg-dom\1.13\batik-svg-dom-1.13.jar;C:\Users\Murugan\.m2\repository\org\apache\xmlgraphics\batik-svgbrowser\1.13\batik-svgbrowser-1.13.jar;C:\Users\Murugan\.m2\repository\org\apache\xmlgraphics\batik-svggen\1.13\batik-svggen-1.13.jar;C:\Users\Murugan\.m2\repository\org\apache\xmlgraphics\batik-svgpp\1.13\batik-svgpp-1.13.jar;C:\Users\Murugan\.m2\repository\org\apache\xmlgraphics\batik-svgrasterizer\1.13\batik-svgrasterizer-1.13.jar;C:\Users\Murugan\.m2\repository\org\apache\xmlgraphics\batik-swing\1.13\batik-swing-1.13.jar;C:\Users\Murugan\.m2\repository\org\apache\xmlgraphics\batik-transcoder\1.13\batik-transcoder-1.13.jar;C:\Users\Murugan\.m2\repository\org\apache\xmlgraphics\batik-util\1.13\batik-util-1.13.jar;C:\Users\Murugan\.m2\repository\org\apache\xmlgraphics\batik-ttf2svg\1.13\batik-ttf2svg-1.13.jar;C:\Users\Murugan\.m2\repository\org\apache\xmlgraphics\batik-xml\1.13\batik-xml-1.13.jar;C:\Users\Murugan\.m2\repository\de\rototor\pdfbox\graphics2d\0.30\graphics2d-0.30.jar;C:\Users\Murugan\.m2\repository\org\apache\pdfbox\pdfbox\2.0.22\pdfbox-2.0.22.jar;C:\Users\Murugan\.m2\repository\org\apache\pdfbox\fontbox\2.0.22\fontbox-2.0.22.jar;"/>
    <property name="sun.cpu.endian" value="little"/>
    <property name="user.home" value="C:\Users\Murugan"/>
    <property name="user.language" value="en"/>
    <property name="java.specification.vendor" value="Oracle Corporation"/>
    <property name="java.home" value="C:\Program Files\Java\jre1.8.0_281"/>
    <property name="basedir" value="D:\Program\Amazon_Relay_TR"/>
    <property name="file.separator" value="\"/>
    <property name="line.separator" value="&#10;"/>
    <property name="java.vm.specification.vendor" value="Oracle Corporation"/>
    <property name="java.specification.name" value="Java Platform API Specification"/>
    <property name="java.awt.graphicsenv" value="sun.awt.Win32GraphicsEnvironment"/>
    <property name="surefire.real.class.path" value="C:\Users\Murugan\AppData\Local\Temp\surefire5821286083369711634\surefirebooter8255169415369632864.jar"/>
    <property name="sun.boot.class.path" value="C:\Program Files\Java\jre1.8.0_281\lib\resources.jar;C:\Program Files\Java\jre1.8.0_281\lib\rt.jar;C:\Program Files\Java\jre1.8.0_281\lib\sunrsasign.jar;C:\Program Files\Java\jre1.8.0_281\lib\jsse.jar;C:\Program Files\Java\jre1.8.0_281\lib\jce.jar;C:\Program Files\Java\jre1.8.0_281\lib\charsets.jar;C:\Program Files\Java\jre1.8.0_281\lib\jfr.jar;C:\Program Files\Java\jre1.8.0_281\classes"/>
    <property name="user.script" value=""/>
    <property name="sun.management.compiler" value="HotSpot 64-Bit Tiered Compilers"/>
    <property name="java.runtime.version" value="1.8.0_281-b09"/>
    <property name="user.name" value="Murugan"/>
    <property name="path.separator" value=";"/>
    <property name="os.version" value="10.0"/>
    <property name="java.endorsed.dirs" value="C:\Program Files\Java\jre1.8.0_281\lib\endorsed"/>
    <property name="java.runtime.name" value="Java(TM) SE Runtime Environment"/>
    <property name="file.encoding" value="Cp1252"/>
    <property name="java.vm.name" value="Java HotSpot(TM) 64-Bit Server VM"/>
    <property name="localRepository" value="C:\Users\Murugan\.m2\repository"/>
    <property name="java.vendor.url.bug" value="http://bugreport.sun.com/bugreport/"/>
    <property name="java.io.tmpdir" value="C:\Users\Murugan\AppData\Local\Temp\"/>
    <property name="java.version" value="1.8.0_281"/>
    <property name="user.dir" value="D:\Program\Amazon_Relay_TR"/>
    <property name="os.arch" value="amd64"/>
    <property name="java.vm.specification.name" value="Java Virtual Machine Specification"/>
    <property name="java.awt.printerjob" value="sun.awt.windows.WPrinterJob"/>
    <property name="sun.os.patch.level" value=""/>
    <property name="java.library.path" value="C:\Program Files\Java\jre1.8.0_281\bin;C:\Windows\Sun\Java\bin;C:\Windows\system32;C:\Windows;C:/Program Files/Java/jre1.8.0_281/bin/server;C:/Program Files/Java/jre1.8.0_281/bin;C:/Program Files/Java/jre1.8.0_281/lib/amd64;C:\Program Files (x86)\Common Files\Oracle\Java\javapath;C:\Windows\system32;C:\Windows;C:\Windows\System32\Wbem;C:\Windows\System32\WindowsPowerShell\v1.0\;C:\Windows\System32\OpenSSH\;C:\Program Files\Java\jdk1.8.0_281\bin;D:\SETUP\apache-maven-3.8.3-bin\apache-maven-3.8.3\bin;C:\Users\Murugan\AppData\Local\Microsoft\WindowsApps;C:\Users\Murugan\AppData\Local\Programs\Git\cmd;D:\SETUP\eclipse-committers-oxygen-3a-win32-x86_64\eclipse;;."/>
    <property name="java.vm.info" value="mixed mode"/>
    <property name="java.vendor" value="Oracle Corporation"/>
    <property name="java.vm.version" value="25.281-b09"/>
    <property name="java.ext.dirs" value="C:\Program Files\Java\jre1.8.0_281\lib\ext;C:\Windows\Sun\Java\lib\ext"/>
    <property name="sun.io.unicode.encoding" value="UnicodeLittle"/>
    <property name="java.class.version" value="52.0"/>
  </properties>
  <testcase name="amazon_relay[mohanavelk@wowtruck.in, wowtruck](1)" classname="amazon.ExecuteClass" time="215.853">
    <system-out><![CDATA[All head Pickup ID Size : 75
All head Pickup ID Size : [1VGAU6,683.88, 1SDEI5,000.00, 1SAME18,135.81, 1SATB7,840.38, 1SAME18,135.81, 1SDEI5,217.38, 1SPAC20,505.17, 1DELU8,250.00, 1GAUZ40,822.20, 1AMD211,480.51, 1CCUY20,750.00, 1SAME30,000.00, 1SXVD3,000.00, 1AMD211,000.00, 1MAA853,900.00, 1MAA827,317.50, 1DELU89,999.99, 1LKUX27,900.00, 1SVGD3,356.17, 1PTJM3,214.00, 1MAA842,525.00, 1CCUY35,750.00, 1SBCZ35,520.00, 1AMD217,000.00, 1GURX31,000.00, 1CCUY33,600.00, 1IPCF4,932.00, 1BLR53,921.60, 1SLKA5,385.38, 1LKO15,215.10, 1SXVD5,105.78, 1AMD215,250.00, 1GURX30,000.00, 1CCUY33,249.99, 1SJAC6,158.67, 1LUHX4,243.45, 1SXVD5,105.78, 1PATX16,000.00, 1GURX37,499.99, 1CCUY33,000.01, 1BLR53,950.00, 1LKO16,000.00, 1SBCZ33,300.00, 1HSCK18,000.00, 1AMD216,000.00, 1IXRU16,000.00, 1GURX39,999.99, 1CCUY33,249.99, 1EKA14,019.50, 1STVV6,000.00, 1AMD215,750.00, 1GURX39,999.99, 1CCUY31,500.00, 1IPCF4,932.00, 1LKOO7,000.00, 1BLR53,950.00, 1SJAC3,000.00, 1LKO16,000.00, 1SXVD5,105.78, 1LUHX4,243.45, 1HSCK27,599.45, 1CCUY31,500.00, 1BHOH27,250.00, 1HSCK25,250.00, 1HSCM36,250.00, 1HSCK27,599.45, 1HSCK24,250.00, 1HSCA36,749.99, 1HSCK27,599.45, 1HSCK27,599.45, 1HSCK24,250.00, 1HSCM33,000.00, 1HSCK24,000.00, 1HSCK27,599.45, 1HSCK27,599.45]
Pickup Id Size : 75
Pickup Id Size : [1VGAU6,683.88, 1SDEI5,000.00, 1SAME18,135.81, 1SATB7,840.38, 1SAME18,135.81, 1SDEI5,217.38, 1SPAC20,505.17, 1DELU8,250.00, 1GAUZ40,822.20, 1AMD211,480.51, 1CCUY20,750.00, 1SAME30,000.00, 1SXVD3,000.00, 1AMD211,000.00, 1MAA853,900.00, 1MAA827,317.50, 1DELU89,999.99, 1LKUX27,900.00, 1SVGD3,356.17, 1PTJM3,214.00, 1MAA842,525.00, 1CCUY35,750.00, 1SBCZ35,520.00, 1AMD217,000.00, 1GURX31,000.00, 1CCUY33,600.00, 1IPCF4,932.00, 1BLR53,921.60, 1SLKA5,385.38, 1LKO15,215.10, 1SXVD5,105.78, 1AMD215,250.00, 1GURX30,000.00, 1CCUY33,249.99, 1SJAC6,158.67, 1LUHX4,243.45, 1SXVD5,105.78, 1PATX16,000.00, 1GURX37,499.99, 1CCUY33,000.01, 1BLR53,950.00, 1LKO16,000.00, 1SBCZ33,300.00, 1HSCK18,000.00, 1AMD216,000.00, 1IXRU16,000.00, 1GURX39,999.99, 1CCUY33,249.99, 1EKA14,019.50, 1STVV6,000.00, 1AMD215,750.00, 1GURX39,999.99, 1CCUY31,500.00, 1IPCF4,932.00, 1LKOO7,000.00, 1BLR53,950.00, 1SJAC3,000.00, 1LKO16,000.00, 1SXVD5,105.78, 1LUHX4,243.45, 1HSCK27,599.45, 1CCUY31,500.00, 1BHOH27,250.00, 1HSCK25,250.00, 1HSCM36,250.00, 1HSCK27,599.45, 1HSCK24,250.00, 1HSCA36,749.99, 1HSCK27,599.45, 1HSCK27,599.45, 1HSCK24,250.00, 1HSCM33,000.00, 1HSCK24,000.00, 1HSCK27,599.45, 1HSCK27,599.45]
Want to Click : []
Arrival pickup date Size : 75
Price all data Size : 75
Pickup Truck Size : 75
All TR ID Size : 75
Second Tr : [N/A, N/A, N/A, N/A, N/A, N/A, N/A, N/A, N/A, N/A, N/A, N/A, N/A, N/A, N/A, N/A, N/A, N/A, N/A, N/A, N/A, N/A, N/A, N/A, N/A, N/A, N/A, N/A, N/A, N/A, N/A, N/A, N/A, N/A, N/A, N/A, N/A, N/A, N/A, N/A, N/A, N/A, N/A, N/A, N/A, N/A, N/A, N/A, N/A, N/A, N/A, N/A, N/A, N/A, N/A, N/A, N/A, N/A, N/A, N/A, N/A, N/A, N/A, N/A, N/A, N/A, N/A, N/A, N/A, N/A, N/A, N/A, N/A, N/A, N/A]
Second Tr Size : 75
{"pick_timestamp":"2022\/02\/25 12:30","customer_price":"6683.88","pic_address":[{"pic_address":"\nNtex Transportation services Pvt Ltd\nKohinoor estates, near kondapalli IDA\nVijayawada,ANDHRA PRADESH 521104"}],"drop_address":[{"drop_address":"\nC\/O Veerabomma Storage Facility, Yusen logistics H.No: 4-37\/\nH.No: 4-37\/1, Bongloor toll booth, Bongloor,\nHyderabad,TELANGANA 501218"}],"length":"32' Truck","tr_number":["9A4817"]}
{"pick_timestamp":"2022\/02\/25 13:00","customer_price":"5000.00","pic_address":[{"pic_address":"\nFarrukhnagar Logistic Park LLP,Farrukhnagar\nGurugram,HARYANA 122001"}],"drop_address":[{"drop_address":"\nSham Enterprises\nPLOT NO. 707 OPPOSITE DDS LOGISTICS\nNew Delhi,DELHI 110081"}],"length":"32' Truck","tr_number":["B792E0"]}
{"pick_timestamp":"2022\/02\/25 13:00","customer_price":"18135.81","pic_address":[{"pic_address":"\nIndraprashtha Industrial logistics hub, Vadala Patia Road\nNear Bharat gas filling plant, Village Hariyala, Kheda\nKheda,GUJARAT 387570"}],"drop_address":[{"drop_address":"\nOM ENTERPRISES\nPLOT NO 6, SECTOR 31B, I.M.T.-ROHTAK\nRohtak,HARYANA 124001"}],"length":"32' Truck","tr_number":["01F31D"]}
{"pick_timestamp":"2022\/02\/25 13:00","customer_price":"7840.38","pic_address":[{"pic_address":"\nLUDHIANA LOGISTICS PARK, Vill katani Kalan, Khewat 748\/840\nLudhiana,PUNJAB 141113"}],"drop_address":[{"drop_address":"\nBRAND CASTLE\nMALOUT ROAD, NH-7\nBathinda,PUNJAB 151001"}],"length":"32' Truck","tr_number":["868442"]}
{"pick_timestamp":"2022\/02\/25 13:00","customer_price":"18135.81","pic_address":[{"pic_address":"\nIndraprashtha Industrial logistics hub, Vadala Patia Road\nNear Bharat gas filling plant, Village Hariyala, Kheda\nKheda,GUJARAT 387570"}],"drop_address":[{"drop_address":"\nOM ENTERPRISES\nPLOT NO 6, SECTOR 31B, I.M.T.-ROHTAK\nRohtak,HARYANA 124001"}],"length":"32' Truck","tr_number":["34FAE8"]}
{"pick_timestamp":"2022\/02\/25 13:00","customer_price":"5217.38","pic_address":[{"pic_address":"\nFarrukhnagar Logistic Park LLP,Farrukhnagar\nGurugram,HARYANA 122001"}],"drop_address":[{"drop_address":"\nSHAM ENTERPRISES\nOM ENTERPRISES, PLOT NO 6 SEC 31 B\nRohtak,HARYANA 124001"}],"length":"32' Truck","tr_number":["79C10D"]}
{"pick_timestamp":"2022\/02\/25 13:00","customer_price":"20505.17","pic_address":[{"pic_address":"\nPlot No.755\/56\/57\/58, Khasra Number -1919\/24\/25\/41,\nMauza, Sabalpur, Patna, Bihar\nPatna,Bihar 800009"}],"drop_address":[{"drop_address":"\nSHAM ENTERPRISES\nOM ENTERPRISES, PLOT NO 6 SEC 31 B\nRohtak,HARYANA 124001"}],"length":"32' Truck","tr_number":["58E9ED"]}
{"pick_timestamp":"2022\/02\/25 14:00","customer_price":"8250.00","pic_address":[{"pic_address":"\nMustkil No:51,kila No:1,2,3 village Bhangrola tehsil\nGurugram,HARYANA 122001"}],"drop_address":[{"drop_address":"\nVillage Dugri, (H.B.No. 220),Tehsil Payal District,\nLudhiana,PUNJAB 141113"}],"length":"32' Truck","tr_number":["3D8AEA"]}
{"pick_timestamp":"2022\/02\/25 14:00","customer_price":"40822.20","pic_address":[{"pic_address":"\nMahindra Logistics Limited, Bhagya Kalita Complex,\nNear:Kahikuch Gram Panchayat,\nGuwahati,ASSAM 781132"}],"drop_address":[{"drop_address":"\nLandmark - Diakkawn Presbyterian Church,Diakkawm.\nKolasib,MIZORAM 796081"},{"drop_address":"\nBrigade Road, Bangkawn, MizoramMizoram\nAizawl,MIZORAM 796014"},{"drop_address":"\nC\/o Mr. Lalropuia,Edenthar, Sairang road\nAizawl,MIZORAM 796014"}],"length":"20' Truck","tr_number":["23DB73"]}
{"pick_timestamp":"2022\/02\/25 14:00","customer_price":"11480.51","pic_address":[{"pic_address":"\nPlot no. 120 (X) and part portion of plot no. 119 (W2\nBavla,GUJARAT 382220"}],"drop_address":[{"drop_address":"\nWB-10\/11, Renaissance logistics park\nThane,MAHARASHTRA 421302"}],"length":"10\u2019 Truck","tr_number":["AA8392"]}
{"pick_timestamp":"2022\/02\/25 15:00","customer_price":"20750.00","pic_address":[{"pic_address":"\nPlot 33 and 34, Arrjavv Industrial Warehouse Park,\nDankuni,WEST BENGAL 712310"}],"drop_address":[{"drop_address":"\nMahindra Logistics Limited, Bhagya Kalita Complex,\nNear:Kahikuch Gram Panchayat,\nGuwahati,ASSAM 781132"}],"length":"32' Truck","tr_number":["19FE8B"]}
{"pick_timestamp":"2022\/02\/25 16:00","customer_price":"30000.00","pic_address":[{"pic_address":"\nIndraprashtha Industrial logistics hub, Vadala Patia Road\nNear Bharat gas filling plant, Village Hariyala, Kheda\nKheda,GUJARAT 387570"}],"drop_address":[{"drop_address":"\nBRAND CASTLE\nMALOUT ROAD, NH-7\nBathinda,PUNJAB 151001"}],"length":"32' Truck","tr_number":["78A474"]}
{"pick_timestamp":"2022\/02\/25 18:00","customer_price":"3000.00","pic_address":[{"pic_address":"\n16\/2A,16\/2B,16\/3B,18\/1A,, PMP Nagar, Kondalampatti\nSalem,TAMIL NADU 636201"}],"drop_address":[{"drop_address":"\n#18, D.10, Settia GounderComplexBhavani Main Road, Sankagiri\nSankari,TAMIL NADU 637301"},{"drop_address":"\nABT Express,28 A , Kalingarayan Street Opp.Hotel Anandhas\nVanjipalayam,TAMIL NADU 641663"},{"drop_address":"\nBharathi Nagar, Coimbatore, Tamil Nadu 641006\nCoimbatore,TAMIL NADU 641004"}],"length":"17\u2019 Truck","tr_number":["F645CC"]}
{"pick_timestamp":"2022\/02\/25 19:00","customer_price":"11000.00","pic_address":[{"pic_address":"\nPlot no. 120 (X) and part portion of plot no. 119 (W2\nBavla,GUJARAT 382220"}],"drop_address":[{"drop_address":"\nRoyal Warehousing and Logistics LLP, Survey Number 45\nHissa No.4A, Village Pise Village, Aamne Post\nBhiwandi,MAHARASHTRA 421302"}],"length":"32' Truck","tr_number":["7C9426"]}
{"pick_timestamp":"2022\/02\/25 20:00","customer_price":"53900.00","pic_address":[{"pic_address":"\nSy No: 77-2A3, S. Murugan Industrial and Logistics Parks LLP\nNear Magna Eng.College, Thamaraipakkam\nThiruvallur,TAMIL NADU 601103"}],"drop_address":[{"drop_address":"\nKhasra numbers:444-P,445-P,459-P, 460-474,475-P,476-482\n483-P,491,492,493-P, Village Bhaukapur,Tehsil-Sarojini Nagar\nLucknow,UTTAR PRADESH 226401"}],"length":"32' Truck","tr_number":["CC146D"]}
{"pick_timestamp":"2022\/02\/25 20:00","customer_price":"27317.50","pic_address":[{"pic_address":"\nSy No: 77-2A3, S. Murugan Industrial and Logistics Parks LLP\nNear Magna Eng.College, Thamaraipakkam\nThiruvallur,TAMIL NADU 601103"}],"drop_address":[{"drop_address":"\nGanesh Complex, Rani Hati Amta Road\nPanchla,WEST BENGAL 711322"}],"length":"32' Truck","tr_number":["385310"]}
{"pick_timestamp":"2022\/02\/25 21:30","customer_price":"89999.99","pic_address":[{"pic_address":"\nMustkil No:51,kila No:1,2,3 village Bhangrola tehsil\nGurugram,HARYANA 122001"}],"drop_address":[{"drop_address":"\nMahindra Logistics Limited, Bhagya Kalita Complex,\nNear:Kahikuch Gram Panchayat,\nGuwahati,ASSAM 781132"}],"length":"32' Truck","tr_number":["7CCF90"]}
{"pick_timestamp":"2022\/02\/26 03:00","customer_price":"27900.00","pic_address":[{"pic_address":"\nAMAZON FC: LKO1, Village - Bhaukapur\nTehsil - Sarojini Nagar, Mohan Road\nLucknow,UTTAR PRADESH 226401"}],"drop_address":[{"drop_address":"\nThana No-49 Khata No-139,142,143,144 Khasra No-1054,1079,108\nDist- Patna, Bihar 801109\nPatna,Bihar 801105"}],"length":"32' Truck","tr_number":["3BFD18"]}
{"pick_timestamp":"2022\/02\/26 09:00","customer_price":"3356.17","pic_address":[{"pic_address":"\nSivaganga\n,,\nSivaganga,TAMIL NADU 630561"}],"drop_address":[{"drop_address":"\nConnect India 22, SUBRAMANIYAPURAM,4th STREET NORTH\nKaraikudi,TAMIL NADU 630001"},{"drop_address":"\nTS No 8512\/1p,Periyar Nagar,RajagopalapurumPudukkottai622003\nPudukkottai,TAMIL NADU 622001"},{"drop_address":"\n16\/2A,16\/2B,16\/3B,18\/1A,, PMP Nagar, Kondalampatti\nSalem,TAMIL NADU 636201"}],"length":"17\u2019 Truck","tr_number":["956F69"]}
{"pick_timestamp":"2022\/02\/26 11:30","customer_price":"3214.00","pic_address":[{"pic_address":"\nABT Express,28 A , Kalingarayan Street Opp.Hotel Anandhas\nVanjipalayam,TAMIL NADU 641663"}],"drop_address":[{"drop_address":"\n#18, D.10, Settia GounderComplexBhavani Main Road, Sankagiri\nSankari,TAMIL NADU 637301"},{"drop_address":"\n16\/2A,16\/2B,16\/3B,18\/1A,, PMP Nagar, Kondalampatti\nSalem,TAMIL NADU 636201"}],"length":"17\u2019 Truck","tr_number":["76DC5A"]}
{"pick_timestamp":"2022\/02\/26 12:00","customer_price":"42525.00","pic_address":[{"pic_address":"\nSy No: 77-2A3, S. Murugan Industrial and Logistics Parks LLP\nNear Magna Eng.College, Thamaraipakkam\nThiruvallur,TAMIL NADU 601103"}],"drop_address":[{"drop_address":"\nKhasra numbers:444-P,445-P,459-P, 460-474,475-P,476-482\n483-P,491,492,493-P, Village Bhaukapur,Tehsil-Sarojini Nagar\nLucknow,UTTAR PRADESH 226401"}],"length":"32' Truck","tr_number":["9C82DC"]}
{"pick_timestamp":"2022\/02\/27 02:00","customer_price":"35750.00","pic_address":[{"pic_address":"\nPlot 33 and 34, Arrjavv Industrial Warehouse Park,\nDankuni,WEST BENGAL 712310"}],"drop_address":[{"drop_address":"\nLK spaces, Rajlaxmi textile Park,Pogaon\nBhiwandi\nMumbai,MAHARASHTRA 421302"}],"length":"32' Truck","tr_number":["267072"]}
{"pick_timestamp":"2022\/02\/27 12:00","customer_price":"35520.00","pic_address":[{"pic_address":"\nPlot 12\/P2, Defence and Aerospace park, Devanahalli,\nBengaluru,KARNATAKA 560012"}],"drop_address":[{"drop_address":"\nBuilding Nos. 1 and 2, Agsons Global Logistics Park, Agsons\nSonipat,HARYANA 131021"}],"length":"32' Truck","tr_number":["60DE7D"]}
{"pick_timestamp":"2022\/02\/27 19:00","customer_price":"17000.00","pic_address":[{"pic_address":"\nPlot no. 120 (X) and part portion of plot no. 119 (W2\nBavla,GUJARAT 382220"}],"drop_address":[{"drop_address":"\nRoyal Warehousing and Logistics LLP, Survey Number 45\nHissa No.4A, Village Pise Village, Aamne Post\nBhiwandi,MAHARASHTRA 421302"}],"length":"32' Truck","tr_number":["42F30F"]}
{"pick_timestamp":"2022\/02\/27 21:30","customer_price":"31000.00","pic_address":[{"pic_address":"\nRevenue Estate of Village Binola-Tehsil Manesar and Village\nGurugram,HARYANA 122413"}],"drop_address":[{"drop_address":"\nM\/s. Stargaze Properties Private Limited, Survey No. 1 by 1\nKancha Imarat, Raviryala, Maheshwaram Mandal, R R District\nHyderabad,TELANGANA 501510"}],"length":"20' Truck","tr_number":["3CA70F"]}
{"pick_timestamp":"2022\/02\/28 02:00","customer_price":"33600.00","pic_address":[{"pic_address":"\nPlot 33 and 34, Arrjavv Industrial Warehouse Park,\nDankuni,WEST BENGAL 712310"}],"drop_address":[{"drop_address":"\nLK spaces, Rajlaxmi textile Park,Pogaon\nBhiwandi\nMumbai,MAHARASHTRA 421302"}],"length":"32' Truck","tr_number":["211658"]}
{"pick_timestamp":"2022\/02\/28 07:00","customer_price":"4932.00","pic_address":[{"pic_address":"\nLall Kalan, Behind Katani City, Near Meelon Bridge,\nLudhiana-Chandigarh Road, Village Katani Kalan,\nLudhiana,PUNJAB 141113"}],"drop_address":[{"drop_address":"\nC\/o M\/s SYNDICATE GODOWN CORPORATION\nKhasra no. 6\/19\/2, 20,21,22,23\/2, 24\/1\nManesar,HARYANA 123413"}],"length":"32' Truck","tr_number":["B0DD69"]}
{"pick_timestamp":"2022\/02\/28 10:00","customer_price":"3921.60","pic_address":[{"pic_address":"\nAnjaneya Infrastructure Project No.38 & 39 Soukya Road, Kach\nBangalore,KARNATAKA 560067"}],"drop_address":[{"drop_address":"\nHitech, Defence and Aerospace Park, Devanahalli\nBengaluru,KARNATAKA 562149"}],"length":"32' Truck","tr_number":["28191B"]}
{"pick_timestamp":"2022\/02\/28 10:00","customer_price":"5385.38","pic_address":[{"pic_address":"\nKhasra No: 37,40,41,42, Bijnaur Peppersand Road\nLucknow,UTTAR PRADESH 226002"}],"drop_address":[{"drop_address":"\nC\/o M\/s SYNDICATE GODOWN CORPORATION\nKhasra no. 6\/19\/2, 20,21,22,23\/2, 24\/1\nManesar,HARYANA 123413"}],"length":"32' Truck","tr_number":["9F4170"]}
{"pick_timestamp":"2022\/02\/28 11:00","customer_price":"5215.10","pic_address":[{"pic_address":"\nKhasra numbers:444-P,445-P,459-P, 460-474,475-P,476-482\n483-P,491,492,493-P, Village Bhaukapur,Tehsil-Sarojini Nagar\nLucknow,UTTAR PRADESH 226401"}],"drop_address":[{"drop_address":"\nC\/o M\/s SYNDICATE GODOWN CORPORATION\nKhasra no. 6\/19\/2, 20,21,22,23\/2, 24\/1\nManesar,HARYANA 123413"}],"length":"32' Truck","tr_number":["84E7CB"]}
{"pick_timestamp":"2022\/02\/28 12:00","customer_price":"5105.78","pic_address":[{"pic_address":"\n16\/2A,16\/2B,16\/3B,18\/1A,, PMP Nagar, Kondalampatti\nSalem,TAMIL NADU 636201"}],"drop_address":[{"drop_address":"\nAmazon Seller Service Pvt Ltd, Yusen Logistics India Pvt Ltd\nNo. 97,5 , Koralur Village, Thirumalashettihally Cross,\nBengaluru,KARNATAKA 560067"}],"length":"32' Truck","tr_number":["CD6395"]}
{"pick_timestamp":"2022\/02\/28 19:00","customer_price":"15250.00","pic_address":[{"pic_address":"\nPlot no. 120 (X) and part portion of plot no. 119 (W2\nBavla,GUJARAT 382220"}],"drop_address":[{"drop_address":"\nRoyal Warehousing and Logistics LLP, Survey Number 45\nHissa No.4A, Village Pise Village, Aamne Post\nBhiwandi,MAHARASHTRA 421302"}],"length":"32' Truck","tr_number":["91A113"]}
{"pick_timestamp":"2022\/02\/28 21:30","customer_price":"30000.00","pic_address":[{"pic_address":"\nRevenue Estate of Village Binola-Tehsil Manesar and Village\nGurugram,HARYANA 122413"}],"drop_address":[{"drop_address":"\nM\/s. Stargaze Properties Private Limited, Survey No. 1 by 1\nKancha Imarat, Raviryala, Maheshwaram Mandal, R R District\nHyderabad,TELANGANA 501510"}],"length":"20' Truck","tr_number":["B62A75"]}
{"pick_timestamp":"2022\/03\/01 02:00","customer_price":"33249.99","pic_address":[{"pic_address":"\nPlot 33 and 34, Arrjavv Industrial Warehouse Park,\nDankuni,WEST BENGAL 712310"}],"drop_address":[{"drop_address":"\nLK spaces, Rajlaxmi textile Park,Pogaon\nBhiwandi\nMumbai,MAHARASHTRA 421302"}],"length":"32' Truck","tr_number":["F9E09A"]}
{"pick_timestamp":"2022\/03\/01 10:00","customer_price":"6158.67","pic_address":[{"pic_address":"\nKh No 554 to 558,560 to 583,600 to 606\nBagru Rawan,N.H.8,Tehsil Sanganer\nBagru,RAJASTHAN 303007"}],"drop_address":[{"drop_address":"\nC\/o M\/s SYNDICATE GODOWN CORPORATION\nKhasra no. 6\/19\/2, 20,21,22,23\/2, 24\/1\nManesar,HARYANA 123413"}],"length":"32' Truck","tr_number":["E6A3D2"]}
{"pick_timestamp":"2022\/03\/01 12:00","customer_price":"4243.45","pic_address":[{"pic_address":"\nVillage Dugri, (H.B.No. 220),Tehsil Payal District,\nLudhiana,PUNJAB 141113"}],"drop_address":[{"drop_address":"\nC\/o M\/s SYNDICATE GODOWN CORPORATION\nKhasra no. 6\/19\/2, 20,21,22,23\/2, 24\/1\nManesar,HARYANA 123413"}],"length":"32' Truck","tr_number":["C6A077"]}
{"pick_timestamp":"2022\/03\/01 12:00","customer_price":"5105.78","pic_address":[{"pic_address":"\n16\/2A,16\/2B,16\/3B,18\/1A,, PMP Nagar, Kondalampatti\nSalem,TAMIL NADU 636201"}],"drop_address":[{"drop_address":"\nAmazon Seller Service Pvt Ltd, Yusen Logistics India Pvt Ltd\nNo. 97,5 , Koralur Village, Thirumalashettihally Cross,\nBengaluru,KARNATAKA 560067"}],"length":"32' Truck","tr_number":["B5F406"]}
{"pick_timestamp":"2022\/03\/01 17:30","customer_price":"16000.00","pic_address":[{"pic_address":"\nThana No-49 Khata No-139,142,143,144 Khasra No-1054,1079,108\nDist- Patna, Bihar 801109\nPatna,Bihar 801105"}],"drop_address":[{"drop_address":"\nManoj Kumar keshan Gattani industries Mouza. Satgharia JL n\nHowrah,WEST BENGAL 712306"}],"length":"32' Truck","tr_number":["A5D140"]}
{"pick_timestamp":"2022\/03\/01 21:30","customer_price":"37499.99","pic_address":[{"pic_address":"\nRevenue Estate of Village Binola-Tehsil Manesar and Village\nGurugram,HARYANA 122413"}],"drop_address":[{"drop_address":"\nM\/s. Stargaze Properties Private Limited, Survey No. 1 by 1\nKancha Imarat, Raviryala, Maheshwaram Mandal, R R District\nHyderabad,TELANGANA 501510"}],"length":"20' Truck","tr_number":["8763D1"]}
{"pick_timestamp":"2022\/03\/02 02:00","customer_price":"33000.01","pic_address":[{"pic_address":"\nPlot 33 and 34, Arrjavv Industrial Warehouse Park,\nDankuni,WEST BENGAL 712310"}],"drop_address":[{"drop_address":"\nLK spaces, Rajlaxmi textile Park,Pogaon\nBhiwandi\nMumbai,MAHARASHTRA 421302"}],"length":"32' Truck","tr_number":["9F43E2"]}
{"pick_timestamp":"2022\/03\/02 10:00","customer_price":"3950.00","pic_address":[{"pic_address":"\nAnjaneya Infrastructure Project No.38 & 39 Soukya Road, Kach\nBangalore,KARNATAKA 560067"}],"drop_address":[{"drop_address":"\nHitech, Defence and Aerospace Park, Devanahalli\nBengaluru,KARNATAKA 562149"}],"length":"32' Truck","tr_number":["0C9B28"]}
{"pick_timestamp":"2022\/03\/02 11:00","customer_price":"6000.00","pic_address":[{"pic_address":"\nKhasra numbers:444-P,445-P,459-P, 460-474,475-P,476-482\n483-P,491,492,493-P, Village Bhaukapur,Tehsil-Sarojini Nagar\nLucknow,UTTAR PRADESH 226401"}],"drop_address":[{"drop_address":"\nC\/o M\/s SYNDICATE GODOWN CORPORATION\nKhasra no. 6\/19\/2, 20,21,22,23\/2, 24\/1\nManesar,HARYANA 123413"}],"length":"32' Truck","tr_number":["66A7AB"]}
{"pick_timestamp":"2022\/03\/02 12:00","customer_price":"33300.00","pic_address":[{"pic_address":"\nPlot 12\/P2, Defence and Aerospace park, Devanahalli,\nBengaluru,KARNATAKA 560012"}],"drop_address":[{"drop_address":"\nBuilding Nos. 1 and 2, Agsons Global Logistics Park, Agsons\nSonipat,HARYANA 131021"}],"length":"32' Truck","tr_number":["ACB59B"]}
{"pick_timestamp":"2022\/03\/02 19:00","customer_price":"18000.00","pic_address":[{"pic_address":"\nAmta Industrial Park, Amta\nMouza, Majukhetra\nKolkata,WEST BENGAL 711401"}],"drop_address":[{"drop_address":"\nAmta Industrial Park\nAmta,WEST BENGAL 711401"},{"drop_address":"\nNear Amazon\/TCI Express W\/h\nVillage - Kanchanbari, PO -Fulbari Hat\nJalpaiguri,West Bengal 734015"}],"length":"20' Truck","tr_number":["C77765"]}
{"pick_timestamp":"2022\/03\/02 19:00","customer_price":"16000.00","pic_address":[{"pic_address":"\nPlot no. 120 (X) and part portion of plot no. 119 (W2\nBavla,GUJARAT 382220"}],"drop_address":[{"drop_address":"\nRoyal Warehousing and Logistics LLP, Survey Number 45\nHissa No.4A, Village Pise Village, Aamne Post\nBhiwandi,MAHARASHTRA 421302"}],"length":"32' Truck","tr_number":["49025C"]}
{"pick_timestamp":"2022\/03\/02 21:30","customer_price":"16000.00","pic_address":[{"pic_address":"\nNear to Kalawati Hospital research center, shirodi, Namkum\nRanchi,JHARKHAND 834001"}],"drop_address":[{"drop_address":"\nManoj Kumar keshan Gattani industries Mouza. Satgharia JL n\nHowrah,WEST BENGAL 712306"}],"length":"32' Truck","tr_number":["6E8A74"]}
{"pick_timestamp":"2022\/03\/02 21:30","customer_price":"39999.99","pic_address":[{"pic_address":"\nRevenue Estate of Village Binola-Tehsil Manesar and Village\nGurugram,HARYANA 122413"}],"drop_address":[{"drop_address":"\nM\/s. Stargaze Properties Private Limited, Survey No. 1 by 1\nKancha Imarat, Raviryala, Maheshwaram Mandal, R R District\nHyderabad,TELANGANA 501510"}],"length":"20' Truck","tr_number":["EBE9F0"]}
{"pick_timestamp":"2022\/03\/03 02:00","customer_price":"33249.99","pic_address":[{"pic_address":"\nPlot 33 and 34, Arrjavv Industrial Warehouse Park,\nDankuni,WEST BENGAL 712310"}],"drop_address":[{"drop_address":"\nLK spaces, Rajlaxmi textile Park,Pogaon\nBhiwandi\nMumbai,MAHARASHTRA 421302"}],"length":"32' Truck","tr_number":["9C3A4A"]}
{"pick_timestamp":"2022\/03\/03 09:30","customer_price":"4019.50","pic_address":[{"pic_address":"\nAmazon Seller Service Pvt Ltd, Yusen Logistics India Pvt Ltd\nNo. 97,5 , Koralur Village, Thirumalashettihally Cross,\nBengaluru,KARNATAKA 560067"}],"drop_address":[{"drop_address":"\nBROADVIEW CONSTRUCTIONS AND HOLDINGS PVT LTD.\nSurvey No.153-1 153-2226-2,229-2,230-2\nCoimbatore,TAMIL NADU 641201"}],"length":"20' Truck","tr_number":["7A1FD5"]}
{"pick_timestamp":"2022\/03\/03 13:00","customer_price":"6000.00","pic_address":[{"pic_address":"\nKosmadi Patiya, Valthan Village\nSurat,GUJARAT 394185"}],"drop_address":[{"drop_address":"\nAMAZON SELLER SERVICE PRIVATE LIMITED C\/o Yusen Logistics (I\nTaluka- Sanand\nAhmedabad,GUJARAT 382213"}],"length":"32' Truck","tr_number":["E3FFBA"]}
{"pick_timestamp":"2022\/03\/03 19:00","customer_price":"15750.00","pic_address":[{"pic_address":"\nPlot no. 120 (X) and part portion of plot no. 119 (W2\nBavla,GUJARAT 382220"}],"drop_address":[{"drop_address":"\nRoyal Warehousing and Logistics LLP, Survey Number 45\nHissa No.4A, Village Pise Village, Aamne Post\nBhiwandi,MAHARASHTRA 421302"}],"length":"32' Truck","tr_number":["44C46D"]}
{"pick_timestamp":"2022\/03\/03 21:30","customer_price":"39999.99","pic_address":[{"pic_address":"\nRevenue Estate of Village Binola-Tehsil Manesar and Village\nGurugram,HARYANA 122413"}],"drop_address":[{"drop_address":"\nM\/s. Stargaze Properties Private Limited, Survey No. 1 by 1\nKancha Imarat, Raviryala, Maheshwaram Mandal, R R District\nHyderabad,TELANGANA 501510"}],"length":"20' Truck","tr_number":["DA4717"]}
{"pick_timestamp":"2022\/03\/04 02:00","customer_price":"31500.00","pic_address":[{"pic_address":"\nPlot 33 and 34, Arrjavv Industrial Warehouse Park,\nDankuni,WEST BENGAL 712310"}],"drop_address":[{"drop_address":"\nLK spaces, Rajlaxmi textile Park,Pogaon\nBhiwandi\nMumbai,MAHARASHTRA 421302"}],"length":"32' Truck","tr_number":["13FF79"]}
{"pick_timestamp":"2022\/03\/04 07:00","customer_price":"4932.00","pic_address":[{"pic_address":"\nLall Kalan, Behind Katani City, Near Meelon Bridge,\nLudhiana-Chandigarh Road, Village Katani Kalan,\nLudhiana,PUNJAB 141113"}],"drop_address":[{"drop_address":"\nC\/o M\/s SYNDICATE GODOWN CORPORATION\nKhasra no. 6\/19\/2, 20,21,22,23\/2, 24\/1\nManesar,HARYANA 123413"}],"length":"32' Truck","tr_number":["C9C719"]}
{"pick_timestamp":"2022\/03\/04 07:00","customer_price":"7000.00","pic_address":[{"pic_address":"\nKhasra No. 511,512,518,519,520,522\nVillage Bajehra, Tehsil Hasanganj\nUnnao,UTTAR PRADESH 209801"}],"drop_address":[{"drop_address":"\nkhasra no, 100\/22,23,21,101\/25\/2 akbar pur barota\nSonipat,Haryana 131029"}],"length":"32' Truck","tr_number":["850142"]}
{"pick_timestamp":"2022\/03\/04 10:00","customer_price":"3950.00","pic_address":[{"pic_address":"\nAnjaneya Infrastructure Project No.38 & 39 Soukya Road, Kach\nBangalore,KARNATAKA 560067"}],"drop_address":[{"drop_address":"\nHitech, Defence and Aerospace Park, Devanahalli\nBengaluru,KARNATAKA 562149"}],"length":"32' Truck","tr_number":["F568D0"]}
{"pick_timestamp":"2022\/03\/04 10:00","customer_price":"3000.00","pic_address":[{"pic_address":"\nKh No 554 to 558,560 to 583,600 to 606\nBagru Rawan,N.H.8,Tehsil Sanganer\nBagru,RAJASTHAN 303007"}],"drop_address":[{"drop_address":"\nC\/o M\/s SYNDICATE GODOWN CORPORATION\nKhasra no. 6\/19\/2, 20,21,22,23\/2, 24\/1\nManesar,HARYANA 123413"}],"length":"32' Truck","tr_number":["54D8F5"]}
{"pick_timestamp":"2022\/03\/04 11:00","customer_price":"6000.00","pic_address":[{"pic_address":"\nKhasra numbers:444-P,445-P,459-P, 460-474,475-P,476-482\n483-P,491,492,493-P, Village Bhaukapur,Tehsil-Sarojini Nagar\nLucknow,UTTAR PRADESH 226401"}],"drop_address":[{"drop_address":"\nC\/o M\/s SYNDICATE GODOWN CORPORATION\nKhasra no. 6\/19\/2, 20,21,22,23\/2, 24\/1\nManesar,HARYANA 123413"}],"length":"32' Truck","tr_number":["6261B4"]}
{"pick_timestamp":"2022\/03\/04 12:00","customer_price":"5105.78","pic_address":[{"pic_address":"\n16\/2A,16\/2B,16\/3B,18\/1A,, PMP Nagar, Kondalampatti\nSalem,TAMIL NADU 636201"}],"drop_address":[{"drop_address":"\nAmazon Seller Service Pvt Ltd, Yusen Logistics India Pvt Ltd\nNo. 97,5 , Koralur Village, Thirumalashettihally Cross,\nBengaluru,KARNATAKA 560067"}],"length":"32' Truck","tr_number":["FE1C68"]}
{"pick_timestamp":"2022\/03\/04 12:00","customer_price":"4243.45","pic_address":[{"pic_address":"\nVillage Dugri, (H.B.No. 220),Tehsil Payal District,\nLudhiana,PUNJAB 141113"}],"drop_address":[{"drop_address":"\nC\/o M\/s SYNDICATE GODOWN CORPORATION\nKhasra no. 6\/19\/2, 20,21,22,23\/2, 24\/1\nManesar,HARYANA 123413"}],"length":"32' Truck","tr_number":["389525"]}
{"pick_timestamp":"2022\/03\/04 19:00","customer_price":"27599.45","pic_address":[{"pic_address":"\nAmta Industrial Park, Amta\nMouza, Majukhetra\nKolkata,WEST BENGAL 711401"}],"drop_address":[{"drop_address":"\nAmta Industrial Park\nAmta,WEST BENGAL 711401"},{"drop_address":"\nNear Amazon\/TCI Express W\/h\nVillage - Kanchanbari, PO -Fulbari Hat\nJalpaiguri,West Bengal 734015"}],"length":"20' Truck","tr_number":["BEBA14"]}
{"pick_timestamp":"2022\/03\/05 02:00","customer_price":"31500.00","pic_address":[{"pic_address":"\nPlot 33 and 34, Arrjavv Industrial Warehouse Park,\nDankuni,WEST BENGAL 712310"}],"drop_address":[{"drop_address":"\nLK spaces, Rajlaxmi textile Park,Pogaon\nBhiwandi\nMumbai,MAHARASHTRA 421302"}],"length":"32' Truck","tr_number":["625A08"]}
{"pick_timestamp":"2022\/03\/05 15:00","customer_price":"27250.00","pic_address":[{"pic_address":"\nNear Amazon\/TCI Express W\/h\nVillage - Kanchanbari, PO -Fulbari Hat\nJalpaiguri,West Bengal 734015"}],"drop_address":[{"drop_address":"\nAmta Industrial Park, Amta\nMouza, Majukhetra\nKolkata,WEST BENGAL 711401"}],"length":"20' Truck","tr_number":["9EFCDD"]}
{"pick_timestamp":"2022\/03\/07 19:00","customer_price":"25250.00","pic_address":[{"pic_address":"\nAmta Industrial Park, Amta\nMouza, Majukhetra\nKolkata,WEST BENGAL 711401"}],"drop_address":[{"drop_address":"\nAmta Industrial Park\nAmta,WEST BENGAL 711401"},{"drop_address":"\nNear Amazon\/TCI Express W\/h\nVillage - Kanchanbari, PO -Fulbari Hat\nJalpaiguri,West Bengal 734015"}],"length":"20' Truck","tr_number":["D9301D"]}
{"pick_timestamp":"2022\/03\/09 18:00","customer_price":"36250.00","pic_address":[{"pic_address":"\nWarehouse C F, Sai Dham Logistics Park\nVillage Dohale, Post Padgha, Taluka Bhiwandi\nPadagha,MAHARASHTRA 421101"}],"drop_address":[{"drop_address":"\nMahindra Logistics, Shop No 1,2 and 3\nopp Ganesh Nagar, Piplaj Pirana Road\nAhmedabad,GUJARAT 382405"},{"drop_address":"\n24byA, Jhotwara Industrial Area\nAnand Chowk, Near Lafarge\nJaipur,RAJASTHAN 302012"}],"length":"20' Truck","tr_number":["ED74C4"]}
{"pick_timestamp":"2022\/03\/11 19:00","customer_price":"27599.45","pic_address":[{"pic_address":"\nAmta Industrial Park, Amta\nMouza, Majukhetra\nKolkata,WEST BENGAL 711401"}],"drop_address":[{"drop_address":"\nAmta Industrial Park\nAmta,WEST BENGAL 711401"},{"drop_address":"\nNear Amazon\/TCI Express W\/h\nVillage - Kanchanbari, PO -Fulbari Hat\nJalpaiguri,West Bengal 734015"}],"length":"20' Truck","tr_number":["BBC899"]}
{"pick_timestamp":"2022\/03\/14 19:00","customer_price":"24250.00","pic_address":[{"pic_address":"\nAmta Industrial Park, Amta\nMouza, Majukhetra\nKolkata,WEST BENGAL 711401"}],"drop_address":[{"drop_address":"\nAmta Industrial Park\nAmta,WEST BENGAL 711401"},{"drop_address":"\nNear Amazon\/TCI Express W\/h\nVillage - Kanchanbari, PO -Fulbari Hat\nJalpaiguri,West Bengal 734015"}],"length":"20' Truck","tr_number":["F09D2F"]}
{"pick_timestamp":"2022\/03\/18 11:00","customer_price":"36749.99","pic_address":[{"pic_address":"\nMahindra Logistics, Shop No 1,2 and 3\nopp Ganesh Nagar, Piplaj Pirana Road\nAhmedabad,GUJARAT 382405"}],"drop_address":[{"drop_address":"\nWarehouse C F, Sai Dham Logistics Park\nVillage Dohale, Post Padgha, Taluka Bhiwandi\nPadagha,MAHARASHTRA 421101"},{"drop_address":"\nSy No:475 and others, Zeromile warehousing Park,Medchal\nTurkapally,TELANGANA 501401"}],"length":"24\u2019 Truck","tr_number":["B4F3D3"]}
{"pick_timestamp":"2022\/03\/18 19:00","customer_price":"27599.45","pic_address":[{"pic_address":"\nAmta Industrial Park, Amta\nMouza, Majukhetra\nKolkata,WEST BENGAL 711401"}],"drop_address":[{"drop_address":"\nAmta Industrial Park\nAmta,WEST BENGAL 711401"},{"drop_address":"\nNear Amazon\/TCI Express W\/h\nVillage - Kanchanbari, PO -Fulbari Hat\nJalpaiguri,West Bengal 734015"}],"length":"20' Truck","tr_number":["7C38C6"]}
{"pick_timestamp":"2022\/03\/21 19:00","customer_price":"27599.45","pic_address":[{"pic_address":"\nAmta Industrial Park, Amta\nMouza, Majukhetra\nKolkata,WEST BENGAL 711401"}],"drop_address":[{"drop_address":"\nAmta Industrial Park\nAmta,WEST BENGAL 711401"},{"drop_address":"\nNear Amazon\/TCI Express W\/h\nVillage - Kanchanbari, PO -Fulbari Hat\nJalpaiguri,West Bengal 734015"}],"length":"20' Truck","tr_number":["E329A3"]}
{"pick_timestamp":"2022\/03\/23 19:00","customer_price":"24250.00","pic_address":[{"pic_address":"\nAmta Industrial Park, Amta\nMouza, Majukhetra\nKolkata,WEST BENGAL 711401"}],"drop_address":[{"drop_address":"\nAmta Industrial Park\nAmta,WEST BENGAL 711401"},{"drop_address":"\nNear Amazon\/TCI Express W\/h\nVillage - Kanchanbari, PO -Fulbari Hat\nJalpaiguri,West Bengal 734015"}],"length":"20' Truck","tr_number":["3E961D"]}
{"pick_timestamp":"2022\/03\/25 18:00","customer_price":"33000.00","pic_address":[{"pic_address":"\nWarehouse C F, Sai Dham Logistics Park\nVillage Dohale, Post Padgha, Taluka Bhiwandi\nPadagha,MAHARASHTRA 421101"}],"drop_address":[{"drop_address":"\nMahindra Logistics, Shop No 1,2 and 3\nopp Ganesh Nagar, Piplaj Pirana Road\nAhmedabad,GUJARAT 382405"},{"drop_address":"\n24byA, Jhotwara Industrial Area\nAnand Chowk, Near Lafarge\nJaipur,RAJASTHAN 302012"}],"length":"20' Truck","tr_number":["7A6C3A"]}
{"pick_timestamp":"2022\/03\/25 19:00","customer_price":"24000.00","pic_address":[{"pic_address":"\nAmta Industrial Park, Amta\nMouza, Majukhetra\nKolkata,WEST BENGAL 711401"}],"drop_address":[{"drop_address":"\nAmta Industrial Park\nAmta,WEST BENGAL 711401"},{"drop_address":"\nNear Amazon\/TCI Express W\/h\nVillage - Kanchanbari, PO -Fulbari Hat\nJalpaiguri,West Bengal 734015"}],"length":"20' Truck","tr_number":["EAB1F3"]}
{"pick_timestamp":"2022\/03\/28 19:00","customer_price":"27599.45","pic_address":[{"pic_address":"\nAmta Industrial Park, Amta\nMouza, Majukhetra\nKolkata,WEST BENGAL 711401"}],"drop_address":[{"drop_address":"\nAmta Industrial Park\nAmta,WEST BENGAL 711401"},{"drop_address":"\nNear Amazon\/TCI Express W\/h\nVillage - Kanchanbari, PO -Fulbari Hat\nJalpaiguri,West Bengal 734015"}],"length":"20' Truck","tr_number":["63C48D"]}
{"pick_timestamp":"2022\/03\/30 19:00","customer_price":"27599.45","pic_address":[{"pic_address":"\nAmta Industrial Park, Amta\nMouza, Majukhetra\nKolkata,WEST BENGAL 711401"}],"drop_address":[{"drop_address":"\nAmta Industrial Park\nAmta,WEST BENGAL 711401"},{"drop_address":"\nNear Amazon\/TCI Express W\/h\nVillage - Kanchanbari, PO -Fulbari Hat\nJalpaiguri,West Bengal 734015"}],"length":"20' Truck","tr_number":["422FF4"]}
Json all Data Size : 75
status code :200
response body :{"response":{"data":{"message":"Convert as booking threshold days limit not matched!"},"status":"0"}}
status code :200
response body :{"response":{"data":{"message":"Convert as booking threshold days limit not matched!"},"status":"0"}}
status code :200
response body :{"response":{"data":{"message":"Convert as booking threshold days limit not matched!"},"status":"0"}}
status code :200
response body :{"response":{"data":{"message":"Convert as booking threshold days limit not matched!"},"status":"0"}}
status code :200
response body :{"response":{"data":{"message":"Convert as booking threshold days limit not matched!"},"status":"0"}}
status code :200
response body :{"response":{"data":{"message":"Convert as booking threshold days limit not matched!"},"status":"0"}}
status code :200
response body :{"response":{"data":{"message":"Convert as booking threshold days limit not matched!"},"status":"0"}}
status code :200
response body :{"response":{"data":{"message":"Convert as booking threshold days limit not matched!"},"status":"0"}}
status code :200
response body :{"response":{"data":{"message":"Convert as booking threshold days limit not matched!"},"status":"0"}}
status code :200
response body :{"response":{"data":{"message":"Convert as booking threshold days limit not matched!"},"status":"0"}}
status code :200
response body :{"response":{"data":{"message":"Convert as booking threshold days limit not matched!"},"status":"0"}}
status code :200
response body :{"response":{"data":{"message":"Convert as booking threshold days limit not matched!"},"status":"0"}}
status code :200
response body :{"response":{"data":{"message":"Convert as booking threshold days limit not matched!"},"status":"0"}}
status code :200
response body :{"response":{"data":{"message":"Convert as booking threshold days limit not matched!"},"status":"0"}}
status code :200
response body :{"response":{"data":{"message":"Successfully Updated the Booking amount"},"status":"1"}}
status code :200
response body :{"response":{"data":{"message":"Successfully Updated the Booking amount"},"status":"1"}}
status code :200
response body :{"response":{"data":{"message":"Convert as booking threshold days limit not matched!"},"status":"0"}}
status code :200
response body :{"response":{"data":{"message":"Successfully Updated the Booking amount"},"status":"1"}}
status code :200
response body :{"response":{"data":{"message":"Convert as booking threshold days limit not matched!"},"status":"0"}}
status code :200
response body :{"response":{"data":{"message":"Convert as booking threshold days limit not matched!"},"status":"0"}}
status code :200
response body :{"response":{"data":{"message":"Successfully Updated the Booking amount"},"status":"1"}}
status code :200
response body :{"response":{"data":{"message":"Successfully Updated the Booking amount"},"status":"1"}}
status code :200
response body :{"response":{"data":{"message":"Successfully Updated the Booking amount"},"status":"1"}}
status code :200
response body :{"response":{"data":{"message":"Successfully Updated the Booking amount"},"status":"1"}}
status code :200
response body :{"response":{"data":{"message":"Successfully Updated the Booking amount"},"status":"1"}}
status code :200
response body :{"response":{"data":{"message":"Convert as booking threshold days limit not matched!"},"status":"0"}}
status code :200
response body :{"response":{"data":{"message":"Convert as booking threshold days limit not matched!"},"status":"0"}}
status code :200
response body :{"response":{"data":{"message":"Convert as booking threshold days limit not matched!"},"status":"0"}}
status code :200
response body :{"response":{"data":{"message":"Convert as booking threshold days limit not matched!"},"status":"0"}}
status code :200
response body :{"response":{"data":{"message":"Convert as booking threshold days limit not matched!"},"status":"0"}}
status code :200
response body :{"response":{"data":{"message":"Convert as booking threshold days limit not matched!"},"status":"0"}}
status code :200
response body :{"response":{"data":{"message":"Convert as booking threshold days limit not matched!"},"status":"0"}}
status code :200
response body :{"response":{"data":{"message":"Convert as booking threshold days limit not matched!"},"status":"0"}}
status code :200
response body :{"response":{"data":{"message":"Convert as booking threshold days limit not matched!"},"status":"0"}}
status code :200
response body :{"response":{"data":{"message":"Convert as booking threshold days limit not matched!"},"status":"0"}}
status code :200
response body :{"response":{"data":{"message":"Convert as booking threshold days limit not matched!"},"status":"0"}}
status code :200
response body :{"response":{"data":{"message":"Convert as booking threshold days limit not matched!"},"status":"0"}}
status code :200
response body :{"response":{"data":{"message":"Convert as booking threshold days limit not matched!"},"status":"0"}}
status code :200
response body :{"response":{"data":{"message":"Convert as booking threshold days limit not matched!"},"status":"0"}}
status code :200
response body :{"response":{"data":{"message":"Convert as booking threshold days limit not matched!"},"status":"0"}}
status code :200
response body :{"response":{"data":{"message":"Convert as booking threshold days limit not matched!"},"status":"0"}}
status code :200
response body :{"response":{"data":{"message":"Convert as booking threshold days limit not matched!"},"status":"0"}}
status code :200
response body :{"response":{"data":{"message":"Convert as booking threshold days limit not matched!"},"status":"0"}}
status code :200
response body :{"response":{"data":{"message":"Convert as booking threshold days limit not matched!"},"status":"0"}}
status code :200
response body :{"response":{"data":{"message":"Convert as booking threshold days limit not matched!"},"status":"0"}}
status code :200
response body :{"response":{"data":{"message":"Convert as booking threshold days limit not matched!"},"status":"0"}}
status code :200
response body :{"response":{"data":{"message":"Convert as booking threshold days limit not matched!"},"status":"0"}}
status code :200
response body :{"response":{"data":{"message":"Convert as booking threshold days limit not matched!"},"status":"0"}}
status code :200
response body :{"response":{"data":{"message":"Convert as booking threshold days limit not matched!"},"status":"0"}}
status code :200
response body :{"response":{"data":{"message":"Convert as booking threshold days limit not matched!"},"status":"0"}}
status code :200
response body :{"response":{"data":{"message":"Convert as booking threshold days limit not matched!"},"status":"0"}}
status code :200
response body :{"response":{"data":{"message":"Convert as booking threshold days limit not matched!"},"status":"0"}}
status code :200
response body :{"response":{"data":{"message":"Convert as booking threshold days limit not matched!"},"status":"0"}}
status code :200
response body :{"response":{"data":{"message":"Convert as booking threshold days limit not matched!"},"status":"0"}}
status code :200
response body :{"response":{"data":{"message":"Convert as booking threshold days limit not matched!"},"status":"0"}}
status code :200
response body :{"response":{"data":{"message":"Convert as booking threshold days limit not matched!"},"status":"0"}}
status code :200
response body :{"response":{"data":{"message":"Convert as booking threshold days limit not matched!"},"status":"0"}}
status code :200
response body :{"response":{"data":{"message":"Convert as booking threshold days limit not matched!"},"status":"0"}}
status code :200
response body :{"response":{"data":{"message":"Convert as booking threshold days limit not matched!"},"status":"0"}}
status code :200
response body :{"response":{"data":{"message":"Convert as booking threshold days limit not matched!"},"status":"0"}}
status code :200
response body :{"response":{"data":{"message":"Convert as booking threshold days limit not matched!"},"status":"0"}}
status code :200
response body :{"response":{"data":{"message":"Convert as booking threshold days limit not matched!"},"status":"0"}}
status code :200
response body :{"response":{"data":{"message":"Convert as booking threshold days limit not matched!"},"status":"0"}}
status code :200
response body :{"response":{"data":{"message":"Convert as booking threshold days limit not matched!"},"status":"0"}}
status code :200
response body :{"response":{"data":{"message":"Convert as booking threshold days limit not matched!"},"status":"0"}}
status code :200
response body :{"response":{"data":{"message":"Convert as booking threshold days limit not matched!"},"status":"0"}}
status code :200
response body :{"response":{"data":{"message":"Convert as booking threshold days limit not matched!"},"status":"0"}}
status code :200
response body :{"response":{"data":{"message":"Convert as booking threshold days limit not matched!"},"status":"0"}}
status code :200
response body :{"response":{"data":{"message":"Convert as booking threshold days limit not matched!"},"status":"0"}}
status code :200
response body :{"response":{"data":{"message":"Convert as booking threshold days limit not matched!"},"status":"0"}}
status code :200
response body :{"response":{"data":{"message":"Convert as booking threshold days limit not matched!"},"status":"0"}}
status code :200
response body :{"response":{"data":{"message":"Convert as booking threshold days limit not matched!"},"status":"0"}}
status code :200
response body :{"response":{"data":{"message":"Convert as booking threshold days limit not matched!"},"status":"0"}}
status code :200
response body :{"response":{"data":{"message":"Convert as booking threshold days limit not matched!"},"status":"0"}}
status code :200
response body :{"response":{"data":{"message":"Convert as booking threshold days limit not matched!"},"status":"0"}}
]]></system-out>
    <system-err><![CDATA[SLF4J: Failed to load class "org.slf4j.impl.StaticLoggerBinder".
SLF4J: Defaulting to no-operation (NOP) logger implementation
SLF4J: See http://www.slf4j.org/codes.html#StaticLoggerBinder for further details.
Starting ChromeDriver 98.0.4758.102 (273bf7ac8c909cde36982d27f66f3c70846a3718-refs/branch-heads/4758@{#1151}) on port 13019
Only local connections are allowed.
Please see https://chromedriver.chromium.org/security-considerations for suggestions on keeping ChromeDriver safe.
ChromeDriver was started successfully.
Feb 25, 2022 11:29:08 AM org.openqa.selenium.remote.ProtocolHandshake createSession
INFO: Detected dialect: W3C
]]></system-err>
  </testcase>
</testsuite>