<?xml version="1.0" encoding="UTF-8"?>
<!-- Generated by org.testng.reporters.JUnitReportReporter -->
<testsuite name="amazon.TestDataUnirest" tests="1" time="163.903" ignored="0" failures="0" timestamp="30 Jan 2022 12:55:50 GMT" skipped="0" hostname="LAPTOP-UFFEN8D0" errors="0">
  <testcase name="tc001" time="163.903" classname="amazon.TestDataUnirest"/>
</testsuite> <!-- amazon.TestDataUnirest -->
