<?xml version="1.0" encoding="UTF-8"?>
<!-- Generated by org.testng.reporters.JUnitReportReporter -->
<testsuite name="amazon.WorkoutClass" tests="2" time="0.015" ignored="0" failures="0" timestamp="18 Feb 2022 07:18:28 GMT" skipped="0" hostname="DESKTOP-A6KN624" errors="0">
  <testcase name="tc" time="0.015" classname="amazon.WorkoutClass"/>
  <testcase name="tc" time="0.000" classname="amazon.WorkoutClass"/>
</testsuite> <!-- amazon.WorkoutClass -->
