<?xml version="1.0" encoding="UTF-8"?>
<!-- Generated by org.testng.reporters.JUnitReportReporter -->
<testsuite name="amazon.ExecuteClass" tests="1" time="84.636" ignored="0" failures="0" timestamp="18 Feb 2022 10:00:01 GMT" skipped="0" hostname="DESKTOP-A6KN624" errors="0">
  <testcase name="amazon_relay" time="84.636" classname="amazon.ExecuteClass"/>
</testsuite> <!-- amazon.ExecuteClass -->
