<?xml version="1.0" encoding="UTF-8"?>
<!-- Generated by org.testng.reporters.JUnitReportReporter -->
<testsuite skipped="0" hostname="DESKTOP-A6KN624" name="amazon.ExecuteClass" tests="1" failures="0" timestamp="24 Feb 2022 09:22:05 GMT" time="206.422" errors="0">
  <testcase name="amazon_relay" time="206.422" classname="amazon.ExecuteClass"/>
</testsuite> <!-- amazon.ExecuteClass -->
