<?xml version="1.0" encoding="UTF-8"?>
<!-- Generated by org.testng.reporters.JUnitReportReporter -->
<testsuite skipped="0" hostname="DESKTOP-A6KN624" name="amazon.ExecuteClass" tests="1" failures="0" timestamp="26 Feb 2022 06:46:39 GMT" time="270.658" errors="0">
  <testcase name="amazon_relay" time="270.658" classname="amazon.ExecuteClass"/>
</testsuite> <!-- amazon.ExecuteClass -->
