<?xml version="1.0" encoding="UTF-8"?>
<!-- Generated by org.testng.reporters.JUnitReportReporter -->
<testsuite skipped="0" hostname="DESKTOP-A6KN624" name="amazon.ExecuteClass" tests="1" failures="0" timestamp="25 Feb 2022 06:02:39 GMT" time="215.823" errors="0">
  <testcase name="amazon_relay" time="215.823" classname="amazon.ExecuteClass"/>
</testsuite> <!-- amazon.ExecuteClass -->
