<?xml version="1.0" encoding="UTF-8"?>
<!-- Generated by org.testng.reporters.JUnitReportReporter -->
<testsuite skipped="0" hostname="DESKTOP-A6KN624" name="amazon.ExecuteClass" tests="1" failures="0" timestamp="23 Feb 2022 10:25:07 GMT" time="126.746" errors="0">
  <testcase name="amazon_relay" time="126.746" classname="amazon.ExecuteClass"/>
</testsuite> <!-- amazon.ExecuteClass -->
